SF:lib/features/activity/data/method_channel_activity_plugin.dart
DA:19,2
DA:36,2
DA:38,2
DA:41,2
DA:43,2
DA:50,2
DA:55,4
DA:56,2
DA:57,2
DA:59,1
DA:60,1
DA:63,2
DA:64,2
DA:65,4
DA:68,2
DA:78,2
DA:79,2
DA:80,2
DA:82,1
DA:84,2
DA:90,2
DA:91,2
DA:94,1
DA:96,2
LF:24
LH:24
end_of_record
SF:lib/features/activity/domain/activity_plugin_exception.dart
DA:32,3
DA:35,3
DA:36,3
DA:43,1
DA:44,1
DA:47,0
DA:48,0
DA:60,0
DA:62,0
DA:63,0
LF:10
LH:5
end_of_record
SF:lib/features/activity/data/mock_activity_source.dart
DA:16,2
DA:26,4
DA:29,4
DA:34,4
DA:38,4
DA:40,2
DA:42,2
DA:46,2
DA:49,2
DA:51,2
DA:55,2
LF:11
LH:11
end_of_record
SF:lib/main.dart
DA:3,0
DA:4,0
DA:8,1
DA:11,1
DA:13,1
DA:15,1
DA:31,1
DA:39,1
DA:52,1
DA:53,1
DA:59,1
DA:60,2
DA:66,2
DA:70,1
DA:78,1
DA:79,1
DA:83,3
DA:86,3
DA:88,1
DA:91,1
DA:106,1
DA:108,1
DA:109,2
DA:110,3
DA:115,1
DA:116,1
LF:26
LH:24
end_of_record
