SF:lib/features/mini_window/data/shared_preferences_compact_window_position_repository.dart
DA:19,1
DA:29,1
DA:31,2
DA:32,2
DA:36,1
DA:39,1
DA:44,3
DA:45,3
LF:8
LH:8
end_of_record
SF:lib/features/mini_window/domain/window_position.dart
DA:11,4
DA:19,3
DA:21,21
DA:23,0
DA:24,0
DA:26,0
DA:27,0
LF:7
LH:3
end_of_record
SF:lib/features/mini_window/data/mock_window_mode_controller.dart
DA:24,7
DA:62,6
DA:63,6
DA:65,6
DA:66,12
DA:68,4
DA:69,4
DA:71,4
DA:72,8
DA:74,0
DA:75,0
DA:77,0
DA:79,0
DA:80,0
DA:81,0
DA:84,6
DA:86,12
DA:87,6
DA:89,2
DA:90,12
DA:92,6
DA:94,6
DA:95,6
DA:96,6
DA:99,4
DA:101,8
DA:102,4
DA:103,4
DA:104,4
DA:107,2
DA:109,4
DA:112,2
DA:113,4
DA:114,4
DA:118,5
DA:120,10
DA:121,10
DA:122,4
DA:125,3
DA:128,1
DA:130,3
DA:131,1
DA:134,1
DA:136,2
DA:139,2
DA:141,4
DA:142,4
DA:145,1
DA:147,1
DA:150,1
DA:152,2
DA:153,2
DA:154,1
DA:157,7
DA:159,14
DA:160,14
DA:161,14
DA:164,6
DA:165,12
DA:166,6
DA:167,12
DA:168,12
DA:175,6
DA:176,12
DA:177,2
DA:178,4
DA:179,4
LF:67
LH:61
end_of_record
SF:lib/features/mini_window/domain/compact_geometry.dart
DA:13,1
DA:33,8
DA:36,8
DA:55,7
DA:59,7
DA:68,4
DA:69,6
DA:70,3
DA:71,4
DA:72,4
DA:77,2
DA:78,4
DA:79,4
DA:80,2
DA:81,11
DA:82,11
DA:87,1
DA:88,1
DA:89,3
DA:90,3
DA:94,2
DA:95,2
DA:96,1
LF:23
LH:23
end_of_record
SF:lib/features/mini_window/data/shared_preferences_hide_to_tray_hint_repository.dart
DA:15,1
DA:22,1
DA:23,2
DA:25,1
DA:26,2
LF:5
LH:5
end_of_record
SF:lib/features/mini_window/data/mock_tray_controller.dart
DA:34,1
DA:35,2
DA:37,1
DA:42,2
DA:43,1
DA:44,1
DA:45,1
DA:48,1
DA:50,3
DA:51,1
DA:54,1
DA:56,3
DA:57,1
DA:60,1
DA:62,3
DA:63,1
DA:67,1
DA:68,2
DA:69,2
DA:73,1
DA:75,2
DA:76,2
LF:22
LH:22
end_of_record
SF:lib/features/mini_window/presentation/app_shell_cubit.dart
DA:32,5
DA:42,5
DA:43,5
DA:44,1
DA:45,5
DA:49,5
DA:50,15
DA:58,5
DA:63,15
DA:64,25
DA:65,15
DA:76,12
DA:80,9
DA:85,1
DA:86,1
DA:89,1
DA:90,3
DA:95,1
DA:96,2
DA:97,3
DA:101,5
DA:103,10
DA:104,5
LF:23
LH:23
end_of_record
SF:lib/features/journey/domain/clock.dart
DA:23,0
DA:25,0
DA:26,0
LF:3
LH:0
end_of_record
SF:lib/features/journey/presentation/game/journey_game.dart
DA:41,10
DA:45,10
DA:49,10
DA:76,8
DA:82,8
DA:83,8
DA:84,8
DA:85,8
DA:86,8
DA:87,8
DA:88,8
DA:95,8
DA:98,16
DA:101,16
DA:102,8
DA:103,16
DA:104,16
DA:107,16
DA:110,6
DA:112,6
DA:113,6
DA:116,10
DA:117,10
DA:118,15
DA:119,10
DA:122,15
DA:123,10
DA:124,20
DA:128,0
DA:130,0
DA:131,0
DA:132,0
DA:133,0
DA:134,0
DA:137,0
DA:138,0
DA:139,0
DA:141,0
DA:142,0
DA:145,0
DA:146,0
DA:147,0
DA:149,0
DA:150,0
DA:151,0
DA:154,0
DA:156,0
DA:157,0
DA:160,0
DA:162,0
DA:163,0
DA:166,0
DA:168,0
DA:177,18
DA:181,9
DA:184,3
DA:187,3
DA:190,4
DA:194,4
DA:198,12
DA:202,12
DA:206,6
DA:209,3
DA:213,6
DA:216,6
DA:219,0
DA:222,3
DA:226,2
DA:229,4
DA:234,3
DA:241,1
DA:242,5
DA:243,4
DA:249,1
DA:250,1
DA:251,3
DA:252,1
DA:253,2
DA:256,1
DA:261,3
DA:288,1
DA:293,3
DA:295,1
DA:296,3
DA:297,1
DA:300,1
DA:301,4
DA:302,1
DA:304,3
DA:310,1
DA:312,3
DA:313,1
DA:314,2
DA:323,0
DA:327,0
DA:328,0
DA:329,0
DA:330,0
DA:331,0
DA:334,0
DA:335,0
DA:336,0
DA:337,0
DA:338,0
LF:104
LH:67
end_of_record
SF:lib/features/journey/presentation/journey_cubit.dart
DA:27,16
DA:38,2
DA:39,2
DA:40,2
DA:41,2
DA:42,2
DA:43,2
DA:44,2
LF:8
LH:8
end_of_record
SF:lib/features/journey/presentation/journey_view_state.dart
DA:35,9
DA:47,3
DA:59,4
DA:65,4
DA:68,4
DA:105,38
DA:107,10
DA:108,10
DA:109,10
DA:110,10
DA:111,10
DA:112,10
DA:113,10
LF:13
LH:13
end_of_record
SF:lib/features/mini_window/presentation/app_shell.dart
DA:53,3
DA:82,3
DA:83,3
DA:110,3
DA:112,3
DA:113,12
DA:114,6
DA:116,12
DA:117,16
DA:120,1
DA:121,1
DA:126,6
DA:127,4
DA:128,4
DA:131,2
DA:132,4
DA:133,1
DA:134,1
DA:135,2
DA:136,1
DA:137,2
DA:139,1
DA:144,0
DA:146,0
DA:150,0
DA:153,3
DA:155,6
DA:156,4
DA:157,6
DA:158,6
DA:159,3
DA:163,3
DA:164,9
DA:165,21
DA:170,3
DA:171,3
DA:172,6
DA:173,6
DA:174,3
DA:175,6
DA:176,3
DA:178,3
DA:197,3
DA:198,9
DA:199,3
DA:201,6
DA:203,6
DA:210,3
DA:211,6
DA:212,2
DA:214,2
DA:215,1
DA:216,1
DA:219,1
DA:222,3
DA:224,3
DA:225,12
DA:226,3
DA:227,12
DA:233,3
DA:234,9
DA:235,3
DA:236,3
DA:240,3
DA:242,3
DA:243,3
DA:244,3
DA:248,6
DA:249,12
DA:251,12
DA:256,9
DA:266,3
DA:268,3
DA:270,3
DA:271,3
DA:272,9
DA:273,3
DA:274,3
DA:277,0
DA:278,0
DA:279,0
LF:81
LH:75
end_of_record
SF:lib/features/mini_window/presentation/compact_view.dart
DA:35,5
DA:47,5
DA:49,10
DA:50,5
DA:57,5
DA:59,5
DA:60,5
DA:61,5
DA:62,5
DA:63,5
DA:64,5
DA:66,5
DA:68,10
DA:74,1
DA:75,2
DA:83,5
DA:84,5
DA:91,5
DA:92,2
DA:120,3
DA:122,5
DA:124,5
DA:126,5
DA:128,5
DA:129,5
DA:131,5
DA:138,1
DA:141,3
DA:145,0
DA:161,5
DA:166,5
DA:168,5
DA:174,4
DA:177,1
DA:178,3
DA:179,5
DA:185,1
DA:186,1
DA:187,0
LF:39
LH:37
end_of_record
SF:lib/features/journey/presentation/game/road_geometry.dart
DA:37,11
DA:38,22
DA:39,22
DA:99,2
DA:101,2
DA:103,2
DA:111,2
DA:112,2
DA:115,4
DA:116,6
DA:121,2
DA:122,2
DA:124,6
DA:127,2
DA:128,8
DA:129,4
DA:133,2
DA:134,8
LF:18
LH:18
end_of_record
SF:lib/features/activity/domain/activity_plugin_exception.dart
DA:32,2
DA:35,1
DA:36,1
DA:43,0
DA:44,0
DA:47,0
DA:48,0
DA:60,1
DA:62,3
DA:63,3
LF:10
LH:6
end_of_record
SF:lib/features/journey/domain/activity_segment.dart
DA:57,9
DA:85,5
DA:86,5
DA:87,5
DA:89,10
DA:90,5
DA:91,5
DA:98,1
DA:99,6
DA:103,8
DA:104,4
DA:105,4
DA:106,8
DA:107,8
DA:108,8
DA:115,4
DA:116,4
DA:117,8
DA:118,8
DA:119,12
DA:120,8
DA:121,8
DA:125,4
DA:126,4
DA:127,4
DA:129,2
DA:132,4
DA:133,4
DA:136,0
DA:139,4
DA:140,8
DA:141,8
DA:148,4
DA:149,8
DA:150,8
DA:157,3
DA:158,3
DA:159,3
DA:160,3
DA:161,3
DA:162,3
DA:163,3
LF:42
LH:41
end_of_record
SF:lib/features/journey/domain/journey_engine.dart
DA:106,4
DA:119,2
DA:121,4
DA:122,8
DA:123,1
DA:124,1
DA:129,12
DA:130,1
DA:131,1
DA:136,12
DA:137,1
DA:138,1
DA:143,16
DA:216,8
DA:219,6
DA:223,4
DA:226,8
DA:229,8
DA:232,4
DA:238,1
DA:239,2
DA:247,2
DA:264,4
DA:272,12
DA:278,4
DA:282,4
DA:288,8
DA:291,8
DA:292,8
DA:293,4
DA:300,4
DA:305,8
DA:306,6
DA:307,3
DA:310,3
DA:317,9
DA:318,8
DA:319,8
DA:320,8
DA:322,8
DA:323,8
DA:325,8
DA:327,4
DA:332,4
DA:333,4
DA:343,4
DA:344,4
DA:345,4
DA:372,4
DA:378,16
DA:379,4
DA:380,4
DA:394,4
DA:400,4
DA:401,4
DA:403,8
DA:404,8
DA:405,16
DA:406,24
DA:416,8
DA:417,8
DA:418,9
DA:419,8
DA:420,4
DA:433,4
DA:434,4
DA:437,8
DA:438,8
DA:451,1
DA:452,2
DA:453,2
DA:454,1
DA:461,4
DA:462,2
DA:463,2
DA:464,2
DA:465,2
DA:466,2
DA:467,2
DA:468,2
DA:469,4
DA:473,2
DA:474,4
DA:483,2
DA:484,6
DA:485,4
DA:486,4
DA:487,2
DA:488,2
DA:489,2
DA:491,4
DA:492,4
DA:497,2
DA:498,2
DA:499,2
DA:500,2
DA:506,4
DA:507,4
DA:508,4
DA:509,4
DA:510,6
DA:516,2
DA:517,2
DA:519,2
DA:540,4
DA:541,4
DA:542,8
DA:543,2
DA:544,2
DA:545,2
DA:546,2
DA:547,6
DA:548,2
DA:553,4
DA:554,16
LF:115
LH:115
end_of_record
SF:lib/features/journey/domain/journey_progress.dart
DA:24,9
DA:33,36
DA:68,8
DA:69,16
DA:70,16
DA:71,16
DA:75,8
DA:76,4
DA:77,8
DA:78,8
DA:79,8
DA:80,8
DA:81,8
DA:82,4
DA:83,18
DA:91,4
DA:92,4
DA:93,8
DA:94,4
DA:95,8
DA:97,4
DA:98,8
DA:100,4
DA:101,8
DA:103,8
DA:104,8
DA:105,8
DA:106,8
DA:114,4
DA:118,4
DA:122,7
DA:123,3
DA:126,3
DA:128,4
DA:131,4
DA:132,4
DA:133,4
DA:135,4
DA:138,4
DA:139,4
DA:142,2
DA:145,4
DA:146,8
DA:147,8
DA:154,4
DA:155,8
DA:156,8
DA:167,4
DA:168,4
DA:169,1
DA:171,4
DA:172,8
DA:173,0
DA:175,8
DA:176,8
DA:177,8
DA:179,2
DA:181,16
DA:182,1
DA:184,4
DA:187,2
DA:188,2
DA:189,2
DA:190,2
DA:191,2
DA:192,2
DA:193,2
DA:194,2
DA:195,2
DA:196,2
LF:70
LH:69
end_of_record
SF:lib/features/journey/presentation/game/day_night_tint.dart
DA:16,1
DA:17,1
DA:19,1
DA:24,1
DA:25,1
DA:30,0
DA:31,0
DA:32,0
DA:35,0
DA:40,1
DA:42,2
DA:45,2
DA:46,0
DA:48,2
DA:49,0
DA:55,1
DA:56,2
DA:59,1
DA:60,1
LF:19
LH:13
end_of_record
SF:lib/features/journey/presentation/game/journey_skins.dart
DA:17,3
DA:89,10
LF:2
LH:2
end_of_record
SF:lib/features/journey/presentation/game/journey_sprites.dart
DA:44,8
DA:48,0
DA:59,6
DA:62,6
DA:65,0
DA:68,0
DA:72,0
DA:75,0
DA:84,8
DA:85,8
DA:86,16
DA:87,8
DA:88,8
DA:92,4
DA:93,4
DA:101,8
DA:103,8
DA:104,8
DA:106,8
DA:108,16
DA:109,16
DA:110,32
DA:119,8
DA:121,16
DA:122,16
DA:123,16
DA:127,0
DA:131,0
DA:133,0
DA:135,0
DA:137,0
DA:139,0
DA:141,0
DA:143,0
DA:145,0
DA:147,0
DA:149,0
DA:151,0
DA:153,0
DA:155,0
DA:157,0
DA:159,0
DA:161,0
DA:163,0
LF:44
LH:21
end_of_record
SF:lib/features/journey/presentation/game/road_painter.dart
DA:46,0
DA:55,1
DA:56,1
DA:57,2
DA:59,5
DA:65,1
DA:68,3
DA:72,0
DA:73,0
DA:74,0
DA:75,0
DA:77,0
DA:78,0
DA:79,0
DA:80,0
DA:92,0
DA:99,0
DA:102,0
DA:106,0
DA:107,0
DA:108,0
DA:113,0
DA:117,0
DA:118,0
DA:119,0
DA:124,0
DA:133,0
DA:134,0
DA:135,0
DA:138,0
DA:139,0
DA:143,0
DA:144,0
DA:146,0
DA:147,0
DA:148,0
DA:161,0
DA:162,0
DA:163,0
DA:164,0
DA:165,0
DA:166,0
DA:174,0
DA:176,0
DA:177,0
DA:178,0
DA:179,0
DA:180,0
DA:181,0
DA:182,0
DA:184,0
DA:188,0
DA:189,0
DA:190,0
DA:191,0
DA:192,0
DA:193,0
DA:195,0
DA:196,0
DA:197,0
DA:200,0
DA:201,0
DA:202,0
DA:203,0
DA:205,0
DA:210,0
DA:218,0
DA:221,0
DA:222,0
DA:224,0
DA:225,0
DA:226,0
DA:227,0
DA:229,0
DA:230,0
DA:231,0
DA:232,0
DA:235,0
DA:236,0
DA:237,0
DA:238,0
DA:239,0
DA:240,0
DA:241,0
DA:242,0
DA:243,0
DA:247,0
DA:249,0
DA:255,0
DA:262,0
DA:263,0
DA:264,0
DA:265,0
DA:266,0
DA:271,0
DA:272,0
DA:273,0
DA:276,0
DA:277,0
DA:280,0
DA:285,0
DA:296,0
DA:308,0
DA:309,0
DA:310,0
DA:313,0
DA:315,0
DA:316,0
DA:318,0
DA:319,0
DA:320,0
DA:321,0
DA:324,0
DA:327,0
DA:328,0
DA:329,0
DA:330,0
DA:337,0
DA:338,0
DA:339,0
DA:342,0
DA:344,0
DA:347,0
DA:348,0
DA:349,0
DA:350,0
DA:352,0
DA:353,0
DA:354,0
DA:355,0
DA:357,0
DA:359,0
DA:360,0
DA:362,0
DA:368,0
DA:369,0
DA:372,0
DA:373,0
DA:382,0
DA:383,0
DA:384,0
DA:385,0
DA:386,0
DA:387,0
DA:388,0
DA:390,0
DA:393,0
DA:395,0
DA:396,0
DA:397,0
LF:150
LH:6
end_of_record
SF:lib/features/journey/presentation/game/scene_motion.dart
DA:49,10
DA:50,20
DA:51,20
DA:68,12
DA:72,10
DA:76,12
DA:79,5
DA:80,10
DA:83,5
DA:90,16
DA:95,16
DA:101,5
DA:102,5
DA:105,5
DA:106,10
DA:108,20
DA:109,10
DA:110,10
DA:111,5
DA:113,20
DA:116,15
DA:117,3
DA:120,20
DA:126,0
DA:127,0
DA:128,0
DA:129,0
DA:130,0
LF:28
LH:23
end_of_record
SF:lib/features/journey/presentation/game/side_object_pool.dart
DA:119,10
DA:125,10
DA:127,20
DA:130,20
DA:131,20
DA:151,2
DA:154,0
DA:158,2
DA:162,2
DA:164,4
DA:165,2
DA:166,1
DA:179,5
DA:180,5
DA:183,10
DA:184,10
DA:185,10
DA:186,5
DA:189,20
DA:190,10
DA:191,2
DA:196,15
DA:197,10
DA:198,15
DA:205,5
DA:206,5
DA:210,10
DA:211,5
DA:212,5
DA:213,20
DA:214,25
DA:215,25
DA:216,25
DA:217,5
DA:220,5
DA:221,10
DA:222,5
DA:230,0
DA:231,0
DA:232,0
DA:234,0
DA:235,0
DA:236,0
LF:43
LH:36
end_of_record
SF:lib/features/journey/presentation/journey_overlays.dart
DA:28,3
DA:33,3
DA:35,3
DA:37,3
DA:40,3
DA:41,3
DA:42,6
DA:43,6
DA:45,3
DA:48,3
DA:49,9
DA:51,3
DA:54,3
DA:56,6
DA:72,6
DA:84,6
DA:86,18
DA:87,6
DA:88,6
DA:90,6
DA:91,18
DA:92,6
DA:93,6
DA:94,12
DA:95,12
DA:97,6
DA:98,6
DA:99,18
DA:101,6
DA:102,6
DA:103,6
DA:105,6
DA:107,12
DA:127,2
DA:139,2
DA:141,2
DA:142,2
DA:143,2
DA:144,2
DA:146,2
DA:147,6
DA:148,2
DA:149,2
DA:150,4
DA:151,4
DA:153,2
DA:154,2
DA:155,6
DA:157,2
DA:158,2
DA:159,2
DA:161,2
DA:162,6
DA:163,6
DA:164,2
DA:166,2
DA:168,4
LF:57
LH:57
end_of_record
SF:lib/features/window_visibility/domain/surface_visibility.dart
DA:33,3
DA:36,1
DA:37,1
DA:40,0
DA:41,0
DA:56,0
DA:57,0
DA:58,0
DA:59,0
DA:63,1
DA:65,1
DA:66,3
DA:67,3
DA:69,1
DA:70,3
DA:72,1
DA:74,4
LF:17
LH:11
end_of_record
SF:lib/features/window_visibility/domain/window_visibility_controller.dart
DA:45,0
LF:1
LH:0
end_of_record
SF:lib/features/mini_window/presentation/hide_to_tray_hint.dart
DA:19,0
DA:24,0
DA:26,0
DA:27,0
DA:29,0
DA:31,0
DA:32,0
DA:33,0
DA:34,0
DA:36,0
DA:38,0
DA:41,0
DA:42,0
DA:51,0
LF:14
LH:0
end_of_record
SF:lib/features/mini_window/presentation/journey_tray_mapper.dart
DA:14,2
DA:15,4
DA:22,2
DA:23,4
DA:26,6
LF:5
LH:5
end_of_record
SF:lib/features/window_visibility/data/mock_window_visibility_controller.dart
DA:18,2
DA:22,6
DA:26,6
DA:42,2
DA:44,2
DA:46,4
DA:47,2
DA:50,2
DA:52,4
DA:55,2
DA:56,4
DA:58,2
DA:59,4
DA:64,2
DA:65,4
DA:66,4
DA:67,2
DA:68,4
DA:69,4
DA:70,4
DA:74,2
DA:76,4
DA:77,4
DA:78,4
LF:24
LH:24
end_of_record
SF:lib/features/route/data/shared_preferences_route_repository.dart
DA:27,1
DA:36,1
DA:38,2
DA:47,1
DA:48,1
DA:51,2
DA:52,1
DA:54,0
DA:59,1
DA:61,4
LF:10
LH:9
end_of_record
SF:lib/features/route/domain/province.dart
DA:15,2
DA:23,12
DA:24,36
DA:26,0
DA:27,0
LF:5
LH:3
end_of_record
SF:lib/features/route/domain/province_chain.dart
DA:30,14
DA:31,42
DA:32,1
DA:33,2
DA:38,84
DA:39,1
DA:40,2
DA:42,6
DA:46,28
DA:47,28
DA:48,2
DA:51,56
DA:52,42
DA:53,2
DA:54,4
DA:55,2
DA:63,126
DA:81,27
DA:84,33
DA:89,70
DA:94,10
DA:96,20
DA:97,30
DA:103,36
DA:111,10
DA:112,20
DA:117,11
DA:119,22
DA:120,16
DA:131,10
DA:136,10
DA:137,10
DA:138,10
DA:139,1
DA:141,10
DA:142,0
DA:145,30
DA:147,10
DA:148,10
DA:156,8
DA:157,8
DA:159,8
DA:167,10
DA:168,10
DA:169,10
DA:170,0
DA:173,40
DA:174,5
DA:175,20
DA:190,12
LF:50
LH:48
end_of_record
SF:lib/features/route/domain/route_selection.dart
DA:31,12
DA:42,9
DA:49,18
DA:50,1
DA:52,9
DA:53,4
DA:55,4
DA:56,4
DA:60,9
DA:61,1
DA:67,9
DA:92,8
DA:93,4
DA:94,4
DA:95,4
DA:96,0
DA:100,4
DA:101,4
DA:102,4
DA:103,2
DA:104,2
DA:114,2
DA:118,2
DA:119,2
DA:120,2
DA:122,10
DA:123,2
DA:124,2
DA:126,4
DA:127,2
DA:128,2
DA:129,2
DA:134,2
DA:135,2
DA:136,1
DA:138,2
DA:139,2
DA:141,2
DA:146,2
DA:147,4
DA:148,4
DA:152,2
DA:155,6
DA:156,6
DA:157,6
DA:158,6
DA:159,6
DA:160,6
LF:48
LH:47
end_of_record
SF:lib/features/route/domain/province_geography.dart
DA:31,6
DA:43,6
DA:44,12
DA:45,6
DA:46,36
DA:47,36
DA:51,5
DA:52,15
DA:54,0
DA:55,0
DA:56,0
DA:57,0
DA:71,6
DA:74,6
DA:75,18
DA:76,18
DA:78,1
DA:79,1
DA:81,2
DA:84,12
DA:85,12
DA:86,12
DA:87,12
DA:88,1
DA:91,2
DA:112,6
DA:113,18
DA:115,1
DA:116,1
DA:126,1
DA:127,2
DA:128,3
DA:137,6
DA:138,2
LF:34
LH:30
end_of_record
SF:lib/features/route/domain/route_progress_resolver.dart
DA:46,7
DA:51,7
DA:52,7
DA:60,7
DA:61,7
DA:70,7
DA:74,7
DA:76,7
DA:79,7
DA:82,7
DA:83,7
DA:86,7
DA:100,7
DA:101,7
DA:104,14
DA:105,7
DA:106,7
DA:108,7
DA:120,14
DA:127,14
DA:129,28
DA:131,7
DA:133,14
DA:135,7
DA:136,7
DA:141,7
DA:146,7
LF:27
LH:27
end_of_record
SF:lib/features/route/domain/route_position.dart
DA:18,7
DA:81,0
DA:83,6
DA:84,6
DA:85,6
DA:86,6
DA:87,6
DA:88,6
DA:89,6
DA:90,6
DA:91,6
DA:92,6
DA:93,6
DA:94,6
DA:95,6
LF:15
LH:14
end_of_record
SF:lib/features/route/domain/route_polyline_projector.dart
DA:59,5
DA:63,5
DA:64,5
DA:65,5
DA:69,10
DA:71,10
DA:75,10
DA:76,5
DA:77,10
DA:79,10
DA:80,15
DA:97,15
DA:102,4
DA:103,8
DA:106,12
DA:115,5
DA:116,5
DA:117,20
DA:118,8
DA:120,10
DA:121,10
DA:123,5
DA:124,10
DA:125,15
DA:126,5
DA:127,15
DA:128,30
DA:144,4
DA:145,8
DA:146,8
DA:147,8
DA:150,8
DA:157,16
DA:158,8
DA:159,16
DA:160,6
DA:163,8
DA:164,8
DA:169,5
DA:170,5
DA:173,5
DA:176,10
DA:177,1
DA:186,5
DA:187,25
DA:188,15
DA:201,2
DA:206,2
DA:207,2
LF:49
LH:49
end_of_record
SF:lib/features/route/domain/geo_polyline.dart
DA:15,5
DA:21,16
DA:23,4
DA:24,8
LF:4
LH:4
end_of_record
SF:lib/features/route/domain/idle_trace_mapper.dart
DA:25,3
DA:34,2
DA:35,6
DA:75,4
DA:80,4
DA:81,4
DA:82,7
DA:83,6
DA:88,6
DA:89,6
DA:93,3
DA:94,3
DA:95,3
DA:98,3
DA:99,3
DA:102,9
DA:104,4
LF:17
LH:17
end_of_record
SF:lib/features/route/presentation/map_cubit.dart
DA:43,2
DA:47,2
DA:49,1
DA:50,1
DA:64,2
DA:65,4
DA:66,2
DA:71,2
DA:72,2
DA:76,7
DA:77,4
DA:78,4
DA:79,2
DA:81,2
DA:82,4
DA:83,2
DA:88,2
DA:89,2
DA:90,2
DA:92,1
DA:98,4
DA:100,2
DA:105,4
DA:111,2
DA:112,2
DA:113,2
DA:117,2
DA:118,2
DA:121,4
DA:122,2
LF:30
LH:30
end_of_record
SF:lib/features/route/presentation/map_view_state.dart
DA:31,3
DA:41,2
DA:70,5
DA:73,9
DA:77,6
DA:79,2
DA:80,2
DA:81,2
DA:82,2
DA:83,2
DA:84,2
DA:85,2
DA:86,2
LF:13
LH:13
end_of_record
SF:lib/features/route/presentation/route_view_state.dart
DA:23,4
DA:30,2
DA:46,0
DA:49,3
DA:51,3
DA:52,3
DA:53,3
DA:54,3
DA:55,3
LF:9
LH:8
end_of_record
SF:lib/features/route/presentation/lat_lng_mapper.dart
DA:13,2
DA:14,6
DA:17,4
DA:18,4
DA:22,0
DA:23,0
LF:6
LH:4
end_of_record
SF:lib/features/route/presentation/map_surface.dart
DA:38,1
DA:46,1
DA:48,1
DA:52,1
DA:53,1
DA:55,1
DA:56,1
DA:57,0
DA:58,0
DA:59,0
DA:62,1
DA:67,1
DA:69,2
DA:71,1
DA:72,1
DA:74,1
DA:76,1
DA:79,1
DA:80,2
DA:96,1
DA:101,1
DA:102,1
DA:103,2
DA:104,1
DA:105,2
DA:106,1
DA:107,1
DA:108,1
DA:110,1
DA:120,1
DA:128,1
DA:130,1
DA:131,1
DA:133,1
DA:135,1
DA:136,1
DA:137,1
DA:138,1
DA:139,2
DA:144,1
DA:146,1
DA:147,1
DA:150,1
DA:151,1
DA:152,0
DA:153,0
DA:154,0
DA:155,0
DA:156,0
DA:157,0
DA:158,0
DA:159,0
DA:164,1
DA:166,1
DA:167,2
DA:168,1
DA:169,1
DA:170,1
DA:171,0
DA:173,1
DA:174,3
DA:186,0
DA:187,0
DA:188,0
DA:190,0
DA:191,0
DA:192,0
DA:193,0
DA:194,0
DA:195,0
DA:196,0
DA:207,0
DA:212,0
DA:214,0
DA:215,0
DA:216,0
DA:217,0
DA:226,1
DA:230,1
DA:232,1
DA:233,1
DA:235,1
DA:237,1
DA:238,1
DA:240,1
DA:244,1
DA:255,2
DA:257,1
DA:259,1
DA:261,1
DA:263,1
DA:265,1
DA:266,1
DA:267,1
DA:288,1
DA:293,1
DA:295,1
DA:296,3
DA:306,1
DA:314,1
DA:316,6
DA:317,3
DA:318,3
DA:319,1
DA:321,1
DA:324,1
DA:325,1
DA:326,1
DA:328,1
DA:330,1
DA:331,1
DA:333,1
DA:334,4
DA:344,1
DA:345,1
DA:349,1
DA:350,1
DA:355,1
DA:357,1
LF:119
LH:91
end_of_record
SF:lib/features/route/presentation/map_view.dart
DA:56,2
DA:64,2
DA:66,8
DA:67,2
DA:68,2
DA:71,4
DA:72,2
DA:77,2
DA:78,2
DA:86,2
DA:87,2
DA:88,2
DA:89,2
DA:90,2
DA:91,2
DA:100,2
DA:101,2
DA:104,2
DA:107,1
DA:116,2
DA:117,2
DA:118,2
DA:119,4
DA:120,2
DA:133,2
DA:134,6
DA:137,1
DA:138,1
DA:143,1
DA:144,1
DA:145,2
DA:146,4
DA:147,1
DA:148,3
DA:151,2
DA:152,1
DA:163,2
DA:164,4
DA:165,2
DA:166,6
DA:167,2
DA:168,4
DA:171,2
DA:172,8
DA:173,8
DA:174,2
DA:178,4
DA:179,2
DA:180,6
DA:183,2
DA:189,2
DA:200,2
DA:207,2
DA:209,2
DA:211,2
DA:212,2
DA:215,2
DA:226,2
DA:228,2
DA:230,2
DA:231,2
DA:233,2
DA:235,2
DA:236,2
DA:237,2
DA:238,2
DA:257,2
DA:259,2
DA:261,2
DA:262,2
DA:265,2
LF:71
LH:71
end_of_record
SF:lib/features/route/presentation/route_progress_cubit.dart
DA:34,3
DA:40,3
DA:42,2
DA:43,2
DA:59,3
DA:60,3
DA:61,3
DA:72,3
DA:77,3
DA:79,1
DA:81,3
DA:85,3
DA:87,3
DA:88,3
DA:89,6
DA:94,3
DA:95,3
DA:97,1
DA:98,1
DA:101,1
DA:107,9
DA:108,3
DA:111,3
DA:116,6
DA:117,3
DA:118,3
DA:119,3
DA:120,3
DA:123,3
DA:127,6
DA:131,3
DA:132,3
DA:135,3
LF:33
LH:33
end_of_record
SF:lib/features/route/presentation/start_picker.dart
DA:25,2
DA:45,2
DA:46,2
DA:53,2
DA:55,2
DA:56,10
DA:57,6
DA:58,2
DA:63,2
DA:64,2
DA:65,4
DA:66,1
DA:70,2
DA:71,8
DA:73,2
DA:75,4
DA:76,2
DA:78,2
DA:81,2
DA:82,2
DA:84,6
DA:87,2
DA:89,2
DA:91,2
DA:92,6
DA:93,2
DA:95,4
DA:98,1
DA:100,2
DA:101,1
DA:102,1
DA:107,8
DA:108,2
DA:109,2
DA:110,0
DA:111,2
DA:113,2
DA:114,2
DA:116,10
DA:118,2
DA:120,2
DA:122,10
DA:124,2
DA:130,2
DA:133,6
DA:147,2
DA:158,2
DA:160,2
DA:161,10
DA:162,2
DA:165,2
LF:51
LH:50
end_of_record
SF:lib/features/activity/data/method_channel_activity_plugin.dart
DA:19,2
DA:36,2
DA:38,2
DA:41,2
DA:43,2
DA:50,2
DA:55,4
DA:56,2
DA:57,2
DA:59,1
DA:60,1
DA:63,2
DA:64,2
DA:65,4
DA:68,2
DA:78,2
DA:79,2
DA:80,2
DA:82,1
DA:84,2
DA:90,2
DA:91,2
DA:94,1
DA:96,2
LF:24
LH:24
end_of_record
SF:lib/features/activity/data/mock_activity_source.dart
DA:16,6
DA:26,4
DA:29,4
DA:34,6
DA:38,6
DA:40,3
DA:42,3
DA:46,3
DA:49,3
DA:51,3
DA:55,3
LF:11
LH:11
end_of_record
SF:lib/features/journey/data/shared_preferences_journey_repository.dart
DA:24,1
DA:31,1
DA:33,2
DA:44,1
DA:45,1
DA:48,1
DA:49,1
DA:51,0
DA:56,1
DA:58,4
LF:10
LH:9
end_of_record
SF:lib/features/journey/presentation/activity_ticker.dart
DA:59,1
DA:89,1
DA:92,2
DA:96,1
DA:97,1
DA:100,3
DA:101,4
DA:104,0
DA:121,1
DA:122,2
DA:123,1
DA:124,1
DA:125,1
DA:127,2
DA:134,3
DA:138,2
DA:139,3
DA:144,1
DA:148,1
DA:152,1
DA:153,2
DA:154,1
DA:158,1
DA:159,1
LF:24
LH:23
end_of_record
SF:lib/features/journey/presentation/journey_screen.dart
DA:42,1
DA:60,1
DA:61,1
DA:70,3
DA:72,1
DA:74,1
DA:75,6
DA:76,1
DA:77,2
DA:79,2
DA:83,0
DA:85,0
DA:86,0
DA:92,0
DA:93,0
DA:94,0
DA:95,0
DA:96,0
DA:97,0
DA:98,0
DA:102,1
DA:105,1
DA:106,2
DA:108,1
DA:111,0
DA:113,0
DA:115,0
DA:116,0
DA:120,1
DA:122,1
DA:123,2
DA:124,2
DA:126,1
DA:131,1
DA:132,3
DA:133,7
DA:136,1
DA:137,2
DA:138,2
DA:139,1
DA:140,2
DA:141,1
DA:145,1
DA:147,2
DA:148,1
DA:149,1
DA:150,1
DA:152,1
DA:154,2
DA:160,3
DA:164,2
DA:168,2
DA:177,1
DA:178,1
DA:179,1
DA:180,1
LF:56
LH:42
end_of_record
SF:lib/features/window_visibility/data/method_channel_window_visibility_controller.dart
DA:36,1
DA:69,1
DA:71,1
DA:72,1
DA:76,4
DA:77,1
DA:78,0
DA:81,0
DA:82,0
DA:88,2
DA:89,1
DA:90,1
DA:95,0
DA:96,0
DA:97,0
DA:102,1
DA:104,3
DA:107,1
DA:108,2
DA:110,1
DA:111,2
DA:113,1
DA:115,2
DA:116,1
DA:117,2
DA:118,2
DA:124,1
DA:125,1
DA:126,2
DA:127,1
DA:129,1
DA:134,1
DA:135,1
DA:137,1
DA:144,1
DA:145,1
DA:146,1
DA:147,1
DA:148,1
DA:150,1
DA:151,1
DA:155,1
DA:160,1
DA:161,3
DA:162,3
DA:163,3
DA:164,2
DA:165,2
LF:48
LH:42
end_of_record
SF:lib/features/stats/domain/day_stats.dart
DA:19,6
DA:26,24
DA:48,2
DA:49,4
DA:50,4
DA:51,4
DA:55,2
DA:56,1
DA:57,2
DA:58,2
DA:59,1
DA:60,2
DA:61,2
DA:68,1
DA:69,1
DA:70,2
DA:71,1
DA:72,2
DA:74,1
DA:75,2
DA:77,1
DA:78,1
DA:81,1
DA:82,2
DA:84,1
DA:85,2
DA:90,1
DA:91,1
DA:92,1
DA:94,0
DA:97,1
DA:98,1
DA:101,2
DA:108,1
DA:109,1
DA:110,0
DA:112,1
DA:113,2
DA:114,0
DA:116,2
DA:117,2
DA:118,2
DA:120,1
DA:122,4
DA:123,1
DA:125,1
DA:128,1
DA:129,1
DA:130,1
DA:131,1
DA:132,1
DA:133,1
DA:134,1
DA:135,1
LF:54
LH:51
end_of_record
SF:lib/features/stats/domain/focus_streak.dart
DA:18,4
DA:19,8
DA:31,4
DA:32,4
DA:33,12
DA:35,16
DA:43,4
DA:44,4
DA:45,3
DA:50,4
DA:51,4
DA:54,4
DA:55,4
DA:62,4
DA:63,20
DA:67,1
DA:68,2
LF:17
LH:17
end_of_record
SF:lib/features/stats/domain/app_settings.dart
DA:15,5
DA:57,9
DA:60,12
DA:63,4
DA:71,4
DA:72,4
DA:73,4
DA:74,3
DA:76,4
DA:78,4
DA:79,3
DA:84,6
DA:85,6
DA:86,3
DA:87,3
DA:88,3
DA:89,3
DA:90,3
DA:96,3
DA:97,3
DA:98,3
DA:99,3
DA:100,3
DA:102,6
DA:103,6
DA:104,6
DA:105,6
DA:106,6
DA:110,4
DA:111,4
DA:112,4
DA:113,4
DA:114,4
DA:115,4
DA:116,4
DA:117,4
LF:36
LH:36
end_of_record
SF:lib/features/stats/domain/earned_badges.dart
DA:17,5
DA:21,5
DA:24,3
DA:25,3
DA:26,3
DA:27,3
DA:31,8
DA:34,4
DA:51,9
DA:55,4
DA:56,6
DA:57,5
DA:58,5
DA:63,2
DA:64,2
DA:65,2
DA:69,4
DA:70,2
DA:71,1
DA:73,2
DA:75,2
DA:77,2
DA:78,2
DA:81,4
DA:85,2
DA:89,2
DA:90,2
DA:92,2
DA:95,4
DA:96,6
DA:97,6
DA:98,6
DA:100,2
DA:101,2
DA:102,4
DA:103,2
DA:105,4
DA:106,4
DA:107,4
DA:109,0
DA:111,2
DA:118,4
DA:119,4
DA:120,8
DA:124,10
DA:125,2
DA:128,2
DA:136,4
DA:137,16
DA:138,6
DA:142,5
DA:143,1
DA:145,1
DA:150,3
DA:151,12
LF:55
LH:54
end_of_record
SF:lib/features/stats/domain/calendar_week.dart
DA:21,12
DA:22,6
DA:23,6
DA:24,24
DA:29,1
DA:30,1
DA:31,5
DA:35,5
DA:36,15
LF:9
LH:9
end_of_record
SF:lib/features/stats/domain/daily_stats.dart
DA:19,5
DA:26,10
DA:48,4
DA:49,4
DA:50,4
DA:51,4
DA:52,4
DA:53,4
DA:54,4
DA:64,2
DA:72,1
DA:73,1
DA:74,1
DA:75,1
DA:88,4
DA:95,4
DA:96,2
DA:98,4
LF:18
LH:18
end_of_record
SF:lib/features/stats/domain/badge.dart
DA:48,4
DA:87,0
DA:88,0
DA:89,0
DA:90,0
DA:91,0
DA:92,0
DA:93,0
DA:94,0
DA:95,0
DA:96,0
DA:97,0
DA:107,5
DA:136,0
DA:137,0
LF:15
LH:2
end_of_record
SF:lib/features/stats/domain/badge_catalogue.dart
DA:57,15
DA:59,5
DA:65,4
DA:66,8
DA:68,5
DA:74,12
DA:76,5
DA:82,12
DA:84,5
DA:90,12
DA:94,5
DA:100,12
DA:102,5
DA:108,12
DA:110,5
DA:116,8
DA:120,5
DA:126,12
DA:128,5
DA:134,12
DA:136,5
DA:142,12
DA:146,5
DA:154,12
DA:156,5
DA:164,12
DA:166,5
DA:172,4
DA:173,8
LF:29
LH:29
end_of_record
SF:lib/features/stats/domain/badge_evaluator.dart
DA:13,4
DA:35,4
DA:42,16
DA:43,12
DA:44,4
DA:46,16
DA:47,12
DA:48,4
DA:53,4
DA:54,4
DA:56,8
DA:57,4
DA:58,4
DA:59,4
DA:61,8
DA:62,8
DA:65,8
DA:66,8
DA:67,8
DA:68,4
DA:69,4
DA:70,2
DA:71,4
DA:72,8
DA:73,3
DA:79,4
DA:80,4
LF:27
LH:27
end_of_record
SF:lib/features/stats/domain/best_focus_tracker.dart
DA:22,5
DA:30,8
DA:38,4
DA:39,4
DA:40,3
DA:41,3
DA:44,8
DA:45,16
DA:46,12
DA:47,8
DA:51,3
DA:53,4
DA:60,3
DA:61,3
DA:62,3
DA:63,3
DA:64,3
LF:17
LH:17
end_of_record
SF:lib/features/stats/domain/streak_reminder_policy.dart
DA:16,2
DA:25,10
DA:48,3
DA:56,3
DA:65,3
DA:68,8
DA:69,4
LF:7
LH:7
end_of_record
SF:lib/features/stats/domain/weekly_stats.dart
DA:13,4
DA:23,1
DA:51,3
DA:52,3
DA:53,3
DA:54,3
DA:55,3
DA:56,3
DA:57,3
DA:58,3
DA:69,4
DA:77,8
DA:78,8
DA:81,8
DA:82,8
DA:83,8
DA:84,8
DA:85,14
DA:86,4
DA:88,8
DA:89,4
DA:93,4
LF:22
LH:22
end_of_record
SF:lib/features/stats/presentation/settings_cubit.dart
DA:29,3
DA:39,3
DA:42,12
DA:53,2
DA:55,4
DA:56,6
DA:57,6
DA:66,2
DA:67,4
DA:68,6
DA:73,2
DA:74,4
DA:75,6
DA:79,2
DA:80,6
DA:83,1
DA:84,3
DA:87,1
DA:88,3
DA:91,2
DA:92,6
DA:94,3
DA:95,3
DA:96,4
DA:97,6
LF:25
LH:25
end_of_record
SF:lib/features/stats/domain/route_progress_snapshot.dart
DA:12,1
DA:19,1
DA:33,0
DA:34,0
DA:35,0
DA:36,0
DA:37,0
LF:7
LH:2
end_of_record
SF:lib/features/stats/presentation/stats_cubit.dart
DA:45,3
DA:57,3
DA:60,6
DA:100,1
DA:101,1
DA:106,1
DA:107,1
DA:116,2
DA:117,6
DA:118,8
DA:120,6
DA:132,4
DA:133,1
DA:134,1
DA:135,1
DA:136,1
DA:137,1
DA:145,1
DA:149,3
DA:150,1
DA:157,1
DA:158,1
DA:162,1
DA:163,1
DA:168,2
DA:169,4
DA:170,2
DA:171,4
DA:172,4
DA:176,2
DA:182,2
DA:184,2
DA:196,2
DA:197,8
DA:201,4
DA:205,2
DA:206,2
DA:209,6
DA:210,2
DA:212,2
DA:223,1
DA:224,1
DA:226,2
DA:227,2
DA:228,1
DA:229,2
DA:230,1
DA:233,3
DA:234,1
DA:239,1
DA:240,3
DA:241,1
DA:242,2
DA:245,2
DA:246,2
DA:247,4
DA:250,6
DA:251,8
DA:252,6
DA:255,2
DA:256,2
DA:257,2
DA:260,4
DA:275,1
DA:276,3
DA:278,1
DA:279,6
DA:283,4
DA:284,1
DA:290,1
DA:291,4
DA:294,2
DA:295,5
DA:296,5
DA:300,2
DA:301,2
DA:304,6
DA:305,2
DA:306,2
DA:307,2
DA:311,4
DA:312,2
DA:313,2
DA:319,2
DA:320,2
DA:321,2
DA:322,2
DA:323,2
DA:327,4
DA:328,2
DA:333,2
DA:334,6
DA:336,4
DA:338,2
DA:339,2
DA:340,2
DA:341,2
DA:342,2
DA:352,2
DA:353,2
DA:354,2
DA:355,2
DA:356,3
DA:358,2
DA:366,2
DA:367,2
DA:368,8
DA:369,6
DA:370,2
DA:371,2
DA:372,8
DA:373,6
DA:374,2
DA:375,2
DA:376,2
DA:377,2
DA:378,4
DA:379,0
DA:380,0
DA:384,2
DA:385,2
DA:388,6
DA:390,4
DA:391,2
DA:393,8
DA:395,2
DA:396,2
DA:397,2
DA:400,2
DA:401,4
DA:402,4
DA:403,4
DA:404,2
DA:405,4
DA:406,2
DA:407,2
DA:410,2
DA:411,2
DA:413,2
DA:417,6
DA:418,4
DA:419,6
DA:420,2
DA:425,4
DA:429,4
DA:430,4
DA:431,2
DA:434,10
DA:435,4
DA:436,2
DA:437,2
DA:443,2
DA:444,2
DA:447,4
DA:448,2
DA:449,4
DA:450,4
DA:451,2
DA:453,2
DA:454,2
DA:456,2
DA:464,1
DA:467,1
DA:468,2
DA:470,1
DA:474,10
LF:166
LH:164
end_of_record
SF:lib/features/stats/presentation/stats_view_state.dart
DA:19,3
DA:28,3
DA:29,3
DA:57,1
DA:58,7
DA:61,1
DA:62,7
DA:65,1
DA:72,1
DA:73,1
DA:74,1
DA:75,1
DA:76,0
DA:77,0
DA:81,3
DA:82,3
DA:83,3
DA:84,3
DA:85,3
DA:86,3
DA:87,3
LF:21
LH:19
end_of_record
SF:lib/features/stats/presentation/stats_screen.dart
DA:25,1
DA:27,1
DA:29,1
DA:30,1
DA:31,1
DA:32,1
DA:33,1
DA:35,1
DA:36,2
DA:38,1
DA:39,1
DA:40,1
DA:51,1
DA:55,1
DA:57,1
DA:58,1
DA:60,1
DA:62,1
DA:63,4
DA:67,1
DA:70,3
DA:72,1
DA:75,3
DA:77,1
DA:80,4
DA:82,1
DA:85,3
DA:87,1
DA:90,3
DA:100,1
DA:105,1
DA:107,1
DA:108,1
DA:110,1
DA:112,1
DA:113,4
DA:115,1
DA:117,3
DA:119,1
DA:121,3
DA:123,1
DA:125,4
DA:127,4
DA:128,4
DA:129,1
DA:131,3
DA:133,1
DA:136,4
DA:146,1
DA:151,1
DA:153,1
DA:155,1
DA:157,1
DA:158,2
DA:159,2
DA:166,1
DA:167,1
DA:168,2
DA:169,1
DA:170,1
DA:172,1
LF:61
LH:61
end_of_record
SF:lib/features/stats/presentation/badges_screen.dart
DA:18,1
DA:20,1
DA:22,1
DA:23,1
DA:24,1
DA:25,1
DA:26,1
DA:27,1
DA:28,1
DA:30,1
DA:31,2
DA:32,4
DA:34,3
DA:35,1
DA:37,4
DA:38,1
DA:39,3
DA:49,1
DA:54,1
DA:56,1
DA:57,4
DA:58,1
DA:59,1
DA:60,1
DA:61,1
DA:63,3
DA:64,3
DA:65,4
DA:70,1
DA:71,1
DA:72,1
DA:73,1
DA:74,1
LF:33
LH:33
end_of_record
SF:lib/features/stats/presentation/onboarding_screen.dart
DA:41,2
DA:46,2
DA:48,2
DA:49,2
DA:50,2
DA:51,2
DA:52,2
DA:54,2
DA:56,2
DA:58,2
DA:60,2
DA:76,2
DA:78,3
DA:80,3
DA:81,3
DA:83,3
DA:84,9
DA:92,3
DA:101,3
DA:110,3
DA:137,3
DA:166,3
DA:179,3
DA:181,3
DA:182,3
DA:184,3
DA:186,3
DA:187,3
DA:188,3
DA:189,9
DA:191,3
DA:192,3
DA:198,6
DA:199,6
DA:201,3
DA:203,3
DA:205,6
LF:37
LH:37
end_of_record
SF:lib/features/stats/presentation/settings_screen.dart
DA:19,1
DA:21,1
DA:22,1
DA:26,1
DA:28,1
DA:30,3
DA:33,1
DA:35,1
DA:36,1
DA:37,1
DA:38,1
DA:39,1
DA:40,1
DA:41,1
DA:43,1
DA:48,1
DA:50,2
DA:51,2
DA:52,1
DA:54,2
DA:61,1
DA:65,1
DA:66,1
DA:70,1
DA:74,1
DA:75,1
DA:77,1
DA:80,1
DA:81,1
DA:82,1
DA:85,1
DA:88,1
DA:89,1
DA:90,1
DA:95,1
DA:100,3
DA:101,1
DA:102,2
DA:103,1
DA:116,1
DA:117,1
DA:118,3
DA:119,1
DA:120,2
DA:121,1
DA:122,1
DA:123,3
DA:129,1
DA:133,1
DA:135,1
DA:137,1
DA:138,1
DA:139,4
DA:140,3
LF:54
LH:54
end_of_record
