SF:lib/features/route/data/shared_preferences_route_repository.dart
DA:27,1
DA:36,1
DA:38,2
DA:47,1
DA:48,1
DA:51,2
DA:52,1
DA:54,0
DA:59,1
DA:61,4
LF:10
LH:9
end_of_record
SF:lib/features/route/domain/province.dart
DA:15,4
DA:23,8
DA:24,24
DA:26,0
DA:27,0
LF:5
LH:3
end_of_record
SF:lib/features/route/domain/province_chain.dart
DA:30,9
DA:31,27
DA:32,1
DA:33,2
DA:38,54
DA:39,1
DA:40,2
DA:42,6
DA:46,18
DA:47,18
DA:48,2
DA:51,36
DA:52,27
DA:53,2
DA:54,4
DA:55,2
DA:63,81
DA:81,24
DA:84,24
DA:89,45
DA:94,6
DA:96,12
DA:97,18
DA:103,24
DA:111,7
DA:112,14
DA:117,8
DA:119,16
DA:120,16
DA:131,6
DA:136,6
DA:137,6
DA:138,6
DA:139,1
DA:141,6
DA:142,0
DA:145,18
DA:147,6
DA:148,8
DA:156,6
DA:157,6
DA:159,6
DA:167,6
DA:168,6
DA:169,6
DA:170,0
DA:173,24
DA:174,4
DA:175,16
DA:190,6
LF:50
LH:48
end_of_record
SF:lib/features/route/domain/route_selection.dart
DA:31,8
DA:42,6
DA:49,12
DA:50,1
DA:52,6
DA:53,4
DA:55,4
DA:56,4
DA:60,6
DA:61,1
DA:67,6
DA:92,8
DA:93,4
DA:94,4
DA:95,4
DA:96,0
DA:100,4
DA:101,4
DA:102,4
DA:103,2
DA:104,2
DA:114,2
DA:118,2
DA:119,2
DA:120,2
DA:122,10
DA:123,2
DA:124,2
DA:126,4
DA:127,2
DA:128,2
DA:129,2
DA:134,2
DA:135,2
DA:136,1
DA:138,2
DA:139,2
DA:141,2
DA:146,2
DA:147,4
DA:148,4
DA:152,2
DA:155,5
DA:156,5
DA:157,5
DA:158,5
DA:159,5
DA:160,5
LF:48
LH:47
end_of_record
SF:lib/features/route/domain/route_progress_resolver.dart
DA:46,5
DA:51,5
DA:52,5
DA:60,5
DA:61,5
DA:70,5
DA:74,5
DA:76,5
DA:79,5
DA:82,5
DA:83,5
DA:86,5
DA:100,5
DA:101,5
DA:104,10
DA:105,5
DA:106,5
DA:108,5
DA:120,10
DA:127,10
DA:129,20
DA:131,5
DA:133,10
DA:135,5
DA:136,5
DA:141,5
DA:146,5
LF:27
LH:27
end_of_record
SF:lib/features/route/domain/route_position.dart
DA:18,5
DA:81,0
DA:83,5
DA:84,5
DA:85,5
DA:86,5
DA:87,5
DA:88,5
DA:89,5
DA:90,5
DA:91,5
DA:92,5
DA:93,5
DA:94,5
DA:95,5
LF:15
LH:14
end_of_record
SF:lib/features/route/presentation/route_progress_cubit.dart
DA:34,3
DA:40,3
DA:42,3
DA:43,3
DA:59,3
DA:60,3
DA:61,3
DA:72,2
DA:77,2
DA:79,1
DA:81,2
DA:85,2
DA:87,2
DA:88,2
DA:89,4
DA:94,3
DA:95,3
DA:97,1
DA:98,1
DA:101,1
DA:107,9
DA:108,3
DA:111,3
DA:116,6
DA:117,3
DA:118,3
DA:119,3
DA:120,3
DA:123,3
DA:127,6
DA:131,3
DA:132,3
DA:135,3
LF:33
LH:33
end_of_record
SF:lib/features/route/presentation/start_picker.dart
DA:25,2
DA:45,2
DA:46,2
DA:53,2
DA:55,2
DA:56,10
DA:57,6
DA:58,2
DA:63,2
DA:64,2
DA:65,4
DA:66,1
DA:70,2
DA:71,8
DA:73,2
DA:75,4
DA:76,2
DA:78,2
DA:81,2
DA:82,2
DA:84,6
DA:87,2
DA:89,2
DA:91,2
DA:92,6
DA:93,2
DA:95,4
DA:98,1
DA:100,2
DA:101,1
DA:102,1
DA:107,8
DA:108,2
DA:109,2
DA:110,0
DA:111,2
DA:113,2
DA:114,2
DA:116,10
DA:118,2
DA:120,2
DA:122,10
DA:124,2
DA:130,2
DA:133,6
DA:147,2
DA:158,2
DA:160,2
DA:161,10
DA:162,2
DA:165,2
LF:51
LH:50
end_of_record
SF:lib/features/route/presentation/route_map_painter.dart
DA:42,1
DA:46,1
DA:47,2
DA:48,2
DA:49,8
DA:50,4
DA:51,8
DA:75,1
DA:76,1
DA:84,4
DA:86,3
DA:88,2
DA:89,4
DA:90,3
DA:91,1
DA:92,2
DA:95,4
DA:96,3
DA:97,2
DA:99,1
DA:103,1
DA:105,9
DA:111,0
DA:112,0
DA:113,0
DA:114,0
DA:115,0
DA:124,1
DA:125,5
DA:136,3
DA:137,1
DA:138,1
DA:139,1
DA:140,1
DA:141,4
DA:142,4
DA:143,4
DA:144,3
DA:145,1
DA:146,1
DA:147,1
DA:148,4
DA:150,1
DA:152,2
DA:153,1
DA:158,4
DA:161,3
DA:162,3
DA:163,3
DA:164,5
DA:166,1
DA:167,2
DA:168,2
DA:173,1
DA:175,2
DA:176,2
DA:178,2
DA:179,2
DA:188,1
DA:193,3
DA:194,1
DA:196,1
DA:197,1
DA:201,4
DA:202,1
DA:203,2
DA:204,1
DA:205,1
DA:206,3
DA:207,4
DA:210,0
DA:213,0
DA:218,0
DA:224,1
DA:228,3
DA:235,1
DA:240,1
DA:241,1
DA:242,1
DA:244,1
DA:246,0
DA:248,2
DA:249,1
DA:250,1
DA:251,1
DA:253,1
DA:254,1
DA:256,1
LF:88
LH:79
end_of_record
SF:lib/features/route/presentation/route_map_screen.dart
DA:29,1
DA:34,1
DA:36,1
DA:37,1
DA:38,1
DA:44,1
DA:45,3
DA:46,3
DA:47,3
DA:48,1
DA:49,1
DA:50,0
DA:51,0
DA:52,0
DA:53,0
DA:54,0
DA:55,0
DA:59,1
DA:60,1
DA:61,1
DA:63,1
DA:64,2
DA:65,1
DA:66,1
DA:67,1
DA:69,2
DA:78,1
DA:79,1
DA:80,1
DA:82,2
DA:83,1
DA:84,1
DA:85,1
DA:86,0
DA:87,0
DA:88,0
DA:100,1
DA:110,1
DA:112,1
DA:113,1
DA:114,6
DA:118,3
DA:119,1
DA:120,1
DA:121,3
DA:126,1
DA:131,1
DA:133,2
DA:143,1
DA:147,1
DA:149,3
DA:150,2
DA:151,3
DA:152,4
DA:153,3
DA:154,1
DA:155,1
DA:157,1
DA:159,1
DA:161,1
DA:162,1
DA:163,1
DA:165,1
DA:168,1
DA:169,1
DA:171,1
DA:181,1
DA:182,1
DA:183,1
DA:184,1
DA:201,1
DA:209,1
DA:211,6
DA:212,3
DA:216,3
DA:217,1
DA:219,1
DA:222,1
DA:223,1
DA:224,1
DA:226,1
DA:228,1
DA:229,1
DA:231,1
DA:232,4
DA:242,1
DA:243,1
DA:247,1
DA:248,1
DA:253,1
DA:255,1
LF:91
LH:82
end_of_record
SF:lib/features/route/presentation/route_view_state.dart
DA:23,3
DA:30,2
DA:46,3
DA:49,6
DA:51,3
DA:52,3
DA:53,3
DA:54,3
DA:55,3
LF:9
LH:9
end_of_record
SF:lib/features/activity/data/method_channel_activity_plugin.dart
DA:19,2
DA:36,2
DA:38,2
DA:41,2
DA:43,2
DA:50,2
DA:55,4
DA:56,2
DA:57,2
DA:59,1
DA:60,1
DA:63,2
DA:64,2
DA:65,4
DA:68,2
DA:78,2
DA:79,2
DA:80,2
DA:82,1
DA:84,2
DA:90,2
DA:91,2
DA:94,1
DA:96,2
LF:24
LH:24
end_of_record
SF:lib/features/activity/domain/activity_plugin_exception.dart
DA:32,3
DA:35,2
DA:36,2
DA:43,1
DA:44,1
DA:47,0
DA:48,0
DA:60,1
DA:62,3
DA:63,3
LF:10
LH:8
end_of_record
SF:lib/features/activity/data/mock_activity_source.dart
DA:16,5
DA:26,4
DA:29,4
DA:34,6
DA:38,6
DA:40,3
DA:42,3
DA:46,3
DA:49,3
DA:51,3
DA:55,3
LF:11
LH:11
end_of_record
SF:lib/features/journey/data/shared_preferences_journey_repository.dart
DA:24,1
DA:31,1
DA:33,2
DA:44,1
DA:45,1
DA:48,1
DA:49,1
DA:51,0
DA:56,1
DA:58,4
LF:10
LH:9
end_of_record
SF:lib/features/journey/domain/journey_progress.dart
DA:23,3
DA:31,12
DA:59,6
DA:60,12
DA:61,12
DA:62,12
DA:66,6
DA:67,3
DA:68,6
DA:69,6
DA:70,6
DA:71,6
DA:72,6
DA:73,3
DA:81,3
DA:82,3
DA:83,6
DA:84,3
DA:85,6
DA:87,3
DA:88,6
DA:90,3
DA:91,6
DA:93,6
DA:94,6
DA:95,6
DA:99,3
DA:100,3
DA:101,3
DA:103,4
DA:106,3
DA:107,3
DA:110,2
DA:113,3
DA:114,6
DA:115,6
DA:122,3
DA:123,6
DA:124,6
DA:135,3
DA:136,3
DA:137,1
DA:139,3
DA:140,6
DA:141,0
DA:143,6
DA:144,6
DA:145,6
DA:147,2
DA:149,12
DA:150,1
DA:152,3
DA:155,2
DA:156,2
DA:157,2
DA:158,2
DA:159,2
DA:160,2
DA:161,2
DA:162,2
DA:163,2
LF:61
LH:60
end_of_record
SF:lib/features/journey/domain/clock.dart
DA:23,0
DA:25,0
DA:26,0
LF:3
LH:0
end_of_record
SF:lib/features/journey/domain/journey_engine.dart
DA:70,3
DA:83,2
DA:85,3
DA:86,6
DA:87,1
DA:88,1
DA:93,9
DA:94,1
DA:95,1
DA:100,9
DA:101,1
DA:102,1
DA:107,12
DA:163,6
DA:166,4
DA:170,2
DA:173,2
DA:176,6
DA:179,2
DA:196,3
DA:201,9
DA:203,3
DA:207,3
DA:213,6
DA:216,6
DA:217,6
DA:218,3
DA:223,6
DA:224,4
DA:225,2
DA:232,7
DA:233,6
DA:234,6
DA:235,6
DA:237,6
DA:238,6
DA:240,6
DA:242,3
DA:248,1
DA:249,2
DA:250,2
DA:251,1
DA:258,2
DA:259,1
DA:260,1
DA:261,1
DA:262,1
DA:263,1
DA:264,1
DA:265,1
DA:269,1
DA:270,2
DA:279,1
DA:280,3
DA:281,2
DA:282,2
DA:283,1
DA:285,2
DA:286,1
DA:287,1
DA:288,1
DA:289,1
DA:291,2
DA:292,2
DA:293,2
DA:294,2
DA:300,1
DA:301,1
DA:303,1
DA:311,3
DA:312,3
DA:313,6
DA:314,1
DA:315,1
DA:316,1
DA:317,1
DA:322,3
DA:323,12
LF:78
LH:78
end_of_record
SF:lib/features/journey/presentation/journey_cubit.dart
DA:27,6
DA:31,2
DA:32,2
DA:33,8
LF:4
LH:4
end_of_record
SF:lib/features/journey/presentation/journey_view_state.dart
DA:35,5
DA:46,2
DA:57,4
DA:62,4
DA:65,4
DA:93,20
DA:95,5
DA:96,25
LF:8
LH:8
end_of_record
SF:lib/features/journey/presentation/game/journey_game.dart
DA:36,4
DA:40,4
DA:44,4
DA:71,3
DA:77,3
DA:78,3
DA:79,3
DA:80,3
DA:81,3
DA:82,3
DA:83,3
DA:90,3
DA:93,6
DA:96,6
DA:97,3
DA:98,6
DA:99,6
DA:102,6
DA:105,2
DA:107,2
DA:108,2
DA:111,4
DA:112,4
DA:113,6
DA:114,4
DA:117,6
DA:118,4
DA:119,8
DA:123,0
DA:125,0
DA:126,0
DA:127,0
DA:128,0
DA:129,0
DA:130,0
DA:131,0
DA:132,0
DA:133,0
DA:136,0
DA:138,0
DA:139,0
DA:142,0
DA:144,0
DA:145,0
DA:148,0
DA:150,0
DA:159,6
DA:163,3
DA:166,3
DA:169,3
DA:172,2
DA:176,4
DA:180,4
DA:184,6
DA:188,3
DA:191,3
DA:195,6
DA:198,6
DA:201,0
DA:204,3
DA:208,2
DA:211,2
DA:216,0
DA:220,0
DA:221,0
DA:222,0
DA:223,0
DA:224,0
DA:227,0
DA:228,0
DA:229,0
DA:230,0
DA:231,0
LF:73
LH:43
end_of_record
SF:lib/features/journey/presentation/game/day_night_tint.dart
DA:16,1
DA:17,1
DA:19,1
DA:24,1
DA:25,1
DA:30,0
DA:31,0
DA:32,0
DA:35,0
DA:40,1
DA:42,2
DA:45,2
DA:46,0
DA:48,2
DA:49,0
DA:55,1
DA:56,2
DA:59,1
DA:60,1
LF:19
LH:13
end_of_record
SF:lib/features/journey/presentation/game/journey_skins.dart
DA:17,3
DA:89,4
LF:2
LH:2
end_of_record
SF:lib/features/journey/presentation/game/journey_sprites.dart
DA:44,3
DA:48,0
DA:59,6
DA:62,6
DA:65,0
DA:68,0
DA:77,3
DA:78,3
DA:79,6
DA:80,3
DA:81,3
DA:85,4
DA:86,4
DA:94,3
DA:96,3
DA:97,3
DA:99,3
DA:101,6
DA:102,6
DA:103,12
DA:112,3
DA:114,6
DA:115,6
DA:116,6
DA:120,0
DA:124,0
DA:126,0
DA:128,0
DA:130,0
DA:132,0
LF:30
LH:21
end_of_record
SF:lib/features/journey/presentation/game/road_painter.dart
DA:31,0
DA:34,0
DA:35,0
DA:36,0
DA:37,0
DA:39,0
DA:40,0
DA:41,0
DA:42,0
DA:50,0
DA:51,0
DA:52,0
DA:53,0
DA:54,0
DA:55,0
DA:58,0
DA:59,0
DA:60,0
DA:61,0
DA:62,0
DA:63,0
DA:64,0
DA:65,0
DA:68,0
DA:69,0
DA:70,0
DA:71,0
DA:72,0
DA:73,0
DA:74,0
DA:76,0
DA:77,0
DA:78,0
DA:79,0
DA:82,0
DA:87,0
DA:95,0
DA:98,0
DA:99,0
DA:101,0
DA:102,0
DA:103,0
DA:104,0
DA:106,0
DA:107,0
DA:108,0
DA:109,0
DA:110,0
DA:111,0
DA:112,0
DA:113,0
DA:114,0
DA:115,0
DA:116,0
DA:120,0
DA:122,0
DA:127,0
DA:133,0
DA:134,0
DA:135,0
DA:136,0
DA:137,0
DA:142,0
DA:143,0
DA:144,0
DA:147,0
DA:148,0
DA:151,0
DA:154,0
DA:165,0
DA:175,0
DA:176,0
DA:177,0
DA:179,0
DA:180,0
DA:182,0
DA:183,0
DA:184,0
DA:185,0
DA:188,0
DA:191,0
DA:192,0
DA:193,0
DA:194,0
DA:201,0
DA:202,0
DA:203,0
DA:206,0
DA:208,0
DA:211,0
DA:212,0
DA:213,0
DA:214,0
DA:216,0
DA:217,0
DA:218,0
DA:219,0
DA:221,0
DA:223,0
DA:224,0
DA:226,0
DA:232,0
DA:233,0
DA:236,0
DA:237,0
DA:246,0
DA:247,0
DA:248,0
DA:249,0
DA:250,0
DA:251,0
DA:252,0
DA:254,0
DA:257,0
DA:259,0
DA:260,0
DA:261,0
LF:117
LH:0
end_of_record
SF:lib/features/journey/presentation/game/scene_motion.dart
DA:26,4
DA:27,8
DA:28,8
DA:45,4
DA:49,4
DA:53,6
DA:56,2
DA:57,4
DA:60,2
DA:67,6
DA:72,6
DA:78,2
DA:79,2
DA:82,2
DA:83,4
DA:85,8
DA:86,4
DA:87,4
DA:88,1
DA:90,8
DA:93,6
DA:94,1
DA:97,8
DA:102,0
DA:103,0
DA:104,0
DA:105,0
LF:27
LH:23
end_of_record
SF:lib/features/journey/presentation/game/side_object_pool.dart
DA:61,4
DA:63,4
DA:65,8
DA:68,8
DA:83,0
DA:87,1
DA:89,2
DA:90,1
DA:91,1
DA:103,2
DA:104,2
DA:107,2
DA:108,4
DA:109,2
DA:112,4
DA:113,2
DA:114,1
DA:117,4
DA:118,6
DA:119,3
DA:120,1
DA:127,1
DA:128,1
DA:132,2
DA:133,1
DA:134,1
DA:135,4
DA:136,5
DA:137,5
DA:138,5
DA:141,1
DA:142,2
DA:143,1
DA:151,0
DA:152,0
DA:153,0
DA:155,0
DA:156,0
LF:38
LH:32
end_of_record
SF:lib/features/journey/presentation/activity_ticker.dart
DA:50,1
DA:77,1
DA:80,2
DA:84,1
DA:85,1
DA:88,3
DA:89,4
DA:92,0
DA:109,1
DA:110,2
DA:111,1
DA:112,1
DA:113,1
DA:115,2
DA:122,3
DA:126,2
DA:127,3
DA:132,1
DA:136,1
DA:137,2
DA:138,1
DA:142,1
DA:143,1
LF:23
LH:22
end_of_record
SF:lib/features/journey/presentation/journey_screen.dart
DA:35,1
DA:43,1
DA:44,1
DA:51,1
DA:53,1
DA:54,4
DA:55,2
DA:57,2
DA:60,0
DA:62,0
DA:66,0
DA:67,0
DA:68,0
DA:69,0
DA:70,0
DA:71,0
DA:72,0
DA:76,1
DA:79,2
DA:80,1
DA:83,0
DA:85,0
DA:87,0
DA:90,1
DA:92,2
DA:93,2
DA:94,1
DA:99,1
DA:100,3
DA:101,7
DA:104,1
DA:105,2
DA:106,2
DA:107,1
DA:108,2
DA:109,1
DA:113,1
DA:115,2
DA:116,1
DA:117,1
DA:120,1
DA:123,1
DA:124,1
DA:125,1
DA:127,1
DA:129,2
DA:135,1
DA:136,2
DA:141,2
DA:145,2
DA:158,1
DA:160,1
DA:162,1
DA:164,1
DA:167,1
DA:169,1
DA:172,1
DA:173,1
DA:192,1
DA:196,1
DA:198,3
DA:199,1
DA:200,1
DA:202,1
DA:204,1
DA:206,1
DA:207,1
DA:208,1
DA:210,1
DA:211,1
DA:212,1
DA:233,1
DA:237,1
DA:239,1
DA:240,1
DA:241,1
DA:242,1
DA:244,1
DA:246,1
DA:248,1
DA:249,1
DA:250,1
DA:252,1
DA:253,1
DA:254,1
DA:256,1
DA:257,1
DA:259,1
LF:88
LH:76
end_of_record
