SF:lib/features/journey/data/shared_preferences_journey_repository.dart
DA:24,1
DA:31,1
DA:33,2
DA:44,1
DA:45,1
DA:48,1
DA:49,1
DA:51,0
DA:56,1
DA:58,4
LF:10
LH:9
end_of_record
SF:lib/features/journey/domain/journey_progress.dart
DA:23,3
DA:31,12
DA:59,6
DA:60,12
DA:61,12
DA:62,12
DA:66,6
DA:67,3
DA:68,6
DA:69,6
DA:70,6
DA:71,6
DA:72,6
DA:73,3
DA:81,3
DA:82,3
DA:83,6
DA:84,3
DA:85,6
DA:87,3
DA:88,6
DA:90,3
DA:91,6
DA:93,6
DA:94,6
DA:95,6
DA:99,3
DA:100,3
DA:101,3
DA:103,4
DA:106,3
DA:107,3
DA:110,2
DA:113,3
DA:114,6
DA:115,6
DA:122,3
DA:123,6
DA:124,6
DA:135,3
DA:136,3
DA:137,1
DA:139,3
DA:140,6
DA:141,0
DA:143,6
DA:144,6
DA:145,6
DA:147,2
DA:149,12
DA:150,1
DA:152,3
DA:155,2
DA:156,2
DA:157,2
DA:158,2
DA:159,2
DA:160,2
DA:161,2
DA:162,2
DA:163,2
LF:61
LH:60
end_of_record
SF:lib/features/activity/data/mock_activity_source.dart
DA:16,1
DA:26,0
DA:29,0
DA:34,0
DA:38,0
DA:40,0
DA:42,0
DA:46,0
DA:49,0
DA:51,0
DA:55,0
LF:11
LH:1
end_of_record
SF:lib/features/journey/domain/clock.dart
DA:23,0
DA:25,0
DA:26,0
LF:3
LH:0
end_of_record
SF:lib/features/journey/domain/journey_engine.dart
DA:70,1
DA:83,1
DA:85,1
DA:86,2
DA:87,1
DA:88,1
DA:93,3
DA:94,1
DA:95,1
DA:100,3
DA:101,1
DA:102,1
DA:107,4
DA:163,2
DA:166,2
DA:170,2
DA:173,2
DA:176,2
DA:179,2
DA:196,1
DA:201,3
DA:203,1
DA:207,1
DA:213,2
DA:216,2
DA:217,2
DA:218,1
DA:223,2
DA:224,2
DA:225,1
DA:232,3
DA:233,2
DA:234,2
DA:235,2
DA:237,2
DA:238,2
DA:240,2
DA:242,1
DA:248,0
DA:249,0
DA:250,0
DA:251,0
DA:258,2
DA:259,1
DA:260,1
DA:261,1
DA:262,1
DA:263,1
DA:264,1
DA:265,1
DA:269,1
DA:270,2
DA:279,1
DA:280,3
DA:281,2
DA:282,2
DA:283,1
DA:285,2
DA:286,1
DA:287,1
DA:288,1
DA:289,1
DA:291,2
DA:292,2
DA:293,2
DA:294,2
DA:300,1
DA:301,1
DA:303,1
DA:311,1
DA:312,1
DA:313,2
DA:314,1
DA:315,1
DA:316,1
DA:317,1
DA:322,1
DA:323,4
LF:78
LH:74
end_of_record
SF:lib/features/activity/domain/activity_plugin_exception.dart
DA:32,0
DA:35,0
DA:36,0
DA:43,0
DA:44,0
DA:47,0
DA:48,0
DA:60,0
DA:62,0
DA:63,0
LF:10
LH:0
end_of_record
