SF:lib/features/stats/domain/daily_stats.dart
DA:19,5
DA:26,10
DA:48,4
DA:49,4
DA:50,4
DA:51,4
DA:52,4
DA:53,4
DA:54,4
DA:64,2
DA:72,1
DA:73,1
DA:74,1
DA:75,1
DA:88,4
DA:95,4
DA:96,2
DA:98,4
LF:18
LH:18
end_of_record
SF:lib/features/stats/domain/app_settings.dart
DA:15,5
DA:57,9
DA:60,12
DA:63,4
DA:71,4
DA:72,4
DA:73,4
DA:74,3
DA:76,4
DA:78,4
DA:79,3
DA:84,6
DA:85,6
DA:86,3
DA:87,3
DA:88,3
DA:89,3
DA:90,3
DA:96,3
DA:97,3
DA:98,3
DA:99,3
DA:100,3
DA:102,6
DA:103,6
DA:104,6
DA:105,6
DA:106,6
DA:110,4
DA:111,4
DA:112,4
DA:113,4
DA:114,4
DA:115,4
DA:116,4
DA:117,4
LF:36
LH:36
end_of_record
SF:lib/features/stats/domain/badge.dart
DA:48,4
DA:87,0
DA:88,0
DA:89,0
DA:90,0
DA:91,0
DA:92,0
DA:93,0
DA:94,0
DA:95,0
DA:96,0
DA:97,0
DA:107,5
DA:136,0
DA:137,0
LF:15
LH:2
end_of_record
SF:lib/features/stats/domain/badge_catalogue.dart
DA:57,15
DA:59,5
DA:65,4
DA:66,8
DA:68,5
DA:74,12
DA:76,5
DA:82,12
DA:84,5
DA:90,12
DA:94,5
DA:100,12
DA:102,5
DA:108,12
DA:110,5
DA:116,8
DA:120,5
DA:126,12
DA:128,5
DA:134,12
DA:136,5
DA:142,12
DA:146,5
DA:154,12
DA:156,5
DA:164,12
DA:166,5
DA:172,4
DA:173,8
LF:29
LH:29
end_of_record
SF:lib/features/stats/domain/badge_evaluator.dart
DA:13,4
DA:35,4
DA:42,16
DA:43,12
DA:44,4
DA:46,16
DA:47,12
DA:48,4
DA:53,4
DA:54,4
DA:56,8
DA:57,4
DA:58,4
DA:59,4
DA:61,8
DA:62,8
DA:65,8
DA:66,8
DA:67,8
DA:68,4
DA:69,4
DA:70,2
DA:71,4
DA:72,8
DA:73,3
DA:79,4
DA:80,4
LF:27
LH:27
end_of_record
SF:lib/features/stats/domain/best_focus_tracker.dart
DA:22,5
DA:30,8
DA:38,4
DA:39,4
DA:40,3
DA:41,3
DA:44,8
DA:45,16
DA:46,12
DA:47,8
DA:51,3
DA:53,4
DA:60,3
DA:61,3
DA:62,3
DA:63,3
DA:64,3
LF:17
LH:17
end_of_record
SF:lib/features/stats/domain/calendar_week.dart
DA:21,12
DA:22,6
DA:23,6
DA:24,24
DA:29,1
DA:30,1
DA:31,5
DA:35,5
DA:36,15
LF:9
LH:9
end_of_record
SF:lib/features/stats/domain/day_stats.dart
DA:19,6
DA:26,24
DA:48,2
DA:49,4
DA:50,4
DA:51,4
DA:55,2
DA:56,1
DA:57,2
DA:58,2
DA:59,1
DA:60,2
DA:61,2
DA:68,1
DA:69,1
DA:70,2
DA:71,1
DA:72,2
DA:74,1
DA:75,2
DA:77,1
DA:78,1
DA:81,1
DA:82,2
DA:84,1
DA:85,2
DA:90,1
DA:91,1
DA:92,1
DA:94,0
DA:97,1
DA:98,1
DA:101,2
DA:108,1
DA:109,1
DA:110,0
DA:112,1
DA:113,2
DA:114,0
DA:116,2
DA:117,2
DA:118,2
DA:120,1
DA:122,4
DA:123,1
DA:125,1
DA:128,1
DA:129,1
DA:130,1
DA:131,1
DA:132,1
DA:133,1
DA:134,1
DA:135,1
LF:54
LH:51
end_of_record
SF:lib/features/stats/domain/earned_badges.dart
DA:17,5
DA:21,5
DA:24,3
DA:25,3
DA:26,3
DA:27,3
DA:31,8
DA:34,4
DA:51,9
DA:55,4
DA:56,6
DA:57,5
DA:58,5
DA:63,2
DA:64,2
DA:65,2
DA:69,4
DA:70,2
DA:71,1
DA:73,2
DA:75,2
DA:77,2
DA:78,2
DA:81,4
DA:85,2
DA:89,2
DA:90,2
DA:92,2
DA:95,4
DA:96,6
DA:97,6
DA:98,6
DA:100,2
DA:101,2
DA:102,4
DA:103,2
DA:105,4
DA:106,4
DA:107,4
DA:109,0
DA:111,2
DA:118,4
DA:119,4
DA:120,8
DA:124,10
DA:125,2
DA:128,2
DA:136,4
DA:137,16
DA:138,6
DA:142,5
DA:143,1
DA:145,1
DA:150,3
DA:151,12
LF:55
LH:54
end_of_record
SF:lib/features/stats/domain/focus_streak.dart
DA:18,4
DA:19,8
DA:31,4
DA:32,4
DA:33,12
DA:35,16
DA:43,4
DA:44,4
DA:45,3
DA:50,4
DA:51,4
DA:54,4
DA:55,4
DA:62,4
DA:63,20
DA:67,1
DA:68,2
LF:17
LH:17
end_of_record
SF:lib/features/stats/domain/streak_reminder_policy.dart
DA:16,1
DA:25,10
DA:48,3
DA:56,3
DA:65,3
DA:68,8
DA:69,4
LF:7
LH:7
end_of_record
SF:lib/features/stats/domain/weekly_stats.dart
DA:13,4
DA:23,0
DA:51,3
DA:52,3
DA:53,3
DA:54,3
DA:55,3
DA:56,3
DA:57,3
DA:58,3
DA:69,4
DA:77,8
DA:78,8
DA:81,8
DA:82,8
DA:83,8
DA:84,8
DA:85,14
DA:86,4
DA:88,8
DA:89,4
DA:93,4
LF:22
LH:21
end_of_record
SF:lib/features/journey/domain/clock.dart
DA:23,0
DA:25,0
DA:26,0
LF:3
LH:0
end_of_record
SF:lib/features/journey/domain/journey_progress.dart
DA:23,3
DA:31,12
DA:59,0
DA:60,0
DA:61,0
DA:62,0
DA:66,0
DA:67,0
DA:68,0
DA:69,0
DA:70,0
DA:71,0
DA:72,0
DA:73,0
DA:81,0
DA:82,0
DA:83,0
DA:84,0
DA:85,0
DA:87,0
DA:88,0
DA:90,0
DA:91,0
DA:93,0
DA:94,0
DA:95,0
DA:99,0
DA:100,0
DA:101,0
DA:103,0
DA:106,0
DA:107,0
DA:110,0
DA:113,0
DA:114,0
DA:115,0
DA:122,0
DA:123,0
DA:124,0
DA:135,0
DA:136,0
DA:137,0
DA:139,0
DA:140,0
DA:141,0
DA:143,0
DA:144,0
DA:145,0
DA:147,0
DA:149,0
DA:150,0
DA:152,0
DA:155,0
DA:156,0
DA:157,0
DA:158,0
DA:159,0
DA:160,0
DA:161,0
DA:162,0
DA:163,0
LF:61
LH:2
end_of_record
SF:lib/features/stats/domain/route_progress_snapshot.dart
DA:12,1
DA:19,1
DA:33,0
DA:34,0
DA:35,0
DA:36,0
DA:37,0
LF:7
LH:2
end_of_record
SF:lib/features/stats/presentation/stats_cubit.dart
DA:45,3
DA:57,3
DA:60,6
DA:100,1
DA:101,1
DA:106,1
DA:107,1
DA:116,2
DA:117,6
DA:118,8
DA:120,6
DA:132,4
DA:133,1
DA:134,1
DA:135,1
DA:136,1
DA:137,1
DA:145,1
DA:149,3
DA:150,1
DA:157,1
DA:158,1
DA:162,1
DA:163,1
DA:168,2
DA:169,4
DA:170,2
DA:171,4
DA:172,4
DA:176,2
DA:182,2
DA:184,2
DA:196,2
DA:197,8
DA:201,4
DA:205,2
DA:206,2
DA:209,6
DA:210,2
DA:212,2
DA:223,1
DA:224,1
DA:226,2
DA:227,2
DA:228,1
DA:229,2
DA:230,1
DA:233,3
DA:234,1
DA:239,1
DA:240,3
DA:241,1
DA:242,2
DA:245,2
DA:246,2
DA:247,4
DA:250,6
DA:251,8
DA:252,6
DA:255,2
DA:256,2
DA:257,2
DA:260,4
DA:275,1
DA:276,3
DA:278,1
DA:279,6
DA:283,4
DA:284,1
DA:290,1
DA:291,4
DA:294,2
DA:295,5
DA:296,5
DA:300,2
DA:301,2
DA:304,6
DA:305,2
DA:306,2
DA:307,2
DA:311,4
DA:312,2
DA:313,2
DA:319,2
DA:320,2
DA:321,2
DA:322,2
DA:323,2
DA:327,4
DA:328,2
DA:333,2
DA:334,6
DA:336,4
DA:338,2
DA:339,2
DA:340,2
DA:341,2
DA:342,2
DA:352,2
DA:353,2
DA:354,2
DA:355,2
DA:356,3
DA:358,2
DA:366,2
DA:367,2
DA:368,8
DA:369,6
DA:370,2
DA:371,2
DA:372,8
DA:373,6
DA:374,2
DA:375,2
DA:376,2
DA:377,2
DA:378,4
DA:379,0
DA:380,0
DA:384,2
DA:385,2
DA:388,6
DA:390,4
DA:391,2
DA:393,8
DA:395,2
DA:396,2
DA:397,2
DA:400,2
DA:401,4
DA:402,4
DA:403,4
DA:404,2
DA:405,4
DA:406,2
DA:407,2
DA:410,2
DA:411,2
DA:413,2
DA:417,6
DA:418,4
DA:419,6
DA:420,2
DA:425,4
DA:429,4
DA:430,4
DA:431,2
DA:434,10
DA:435,4
DA:436,2
DA:437,2
DA:443,2
DA:444,2
DA:447,4
DA:448,2
DA:449,4
DA:450,4
DA:451,2
DA:453,2
DA:454,2
DA:456,2
DA:464,1
DA:467,1
DA:468,2
DA:470,1
DA:474,10
LF:166
LH:164
end_of_record
SF:lib/features/stats/presentation/stats_view_state.dart
DA:19,3
DA:28,3
DA:29,3
DA:57,1
DA:58,7
DA:61,1
DA:62,7
DA:65,1
DA:72,1
DA:73,1
DA:74,1
DA:75,1
DA:76,0
DA:77,0
DA:81,3
DA:82,3
DA:83,3
DA:84,3
DA:85,3
DA:86,3
DA:87,3
LF:21
LH:19
end_of_record
SF:lib/features/stats/presentation/settings_cubit.dart
DA:29,3
DA:39,3
DA:42,12
DA:53,2
DA:55,4
DA:56,6
DA:57,6
DA:66,2
DA:67,4
DA:68,6
DA:73,2
DA:74,4
DA:75,6
DA:79,2
DA:80,6
DA:83,1
DA:84,3
DA:87,1
DA:88,3
DA:91,2
DA:92,6
DA:94,3
DA:95,3
DA:96,4
DA:97,6
LF:25
LH:25
end_of_record
SF:lib/features/stats/presentation/stats_screen.dart
DA:25,1
DA:27,1
DA:29,1
DA:30,1
DA:31,1
DA:32,1
DA:33,1
DA:35,1
DA:36,2
DA:38,1
DA:39,1
DA:40,1
DA:51,1
DA:55,1
DA:57,1
DA:58,1
DA:60,1
DA:62,1
DA:63,4
DA:67,1
DA:70,3
DA:72,1
DA:75,3
DA:77,1
DA:80,4
DA:82,1
DA:85,3
DA:87,1
DA:90,3
DA:100,1
DA:105,1
DA:107,1
DA:108,1
DA:110,1
DA:112,1
DA:113,4
DA:115,1
DA:117,3
DA:119,1
DA:121,3
DA:123,1
DA:125,4
DA:127,4
DA:128,4
DA:129,1
DA:131,3
DA:133,1
DA:136,4
DA:146,1
DA:151,1
DA:153,1
DA:155,1
DA:157,1
DA:158,2
DA:159,2
DA:166,1
DA:167,1
DA:168,2
DA:169,1
DA:170,1
DA:172,1
LF:61
LH:61
end_of_record
SF:lib/features/stats/presentation/badges_screen.dart
DA:18,1
DA:20,1
DA:22,1
DA:23,1
DA:24,1
DA:25,1
DA:26,1
DA:27,1
DA:28,1
DA:30,1
DA:31,2
DA:32,4
DA:34,3
DA:35,1
DA:37,4
DA:38,1
DA:39,3
DA:49,1
DA:54,1
DA:56,1
DA:57,4
DA:58,1
DA:59,1
DA:60,1
DA:61,1
DA:63,3
DA:64,3
DA:65,4
DA:70,1
DA:71,1
DA:72,1
DA:73,1
DA:74,1
LF:33
LH:33
end_of_record
SF:lib/features/stats/presentation/onboarding_screen.dart
DA:37,2
DA:42,2
DA:44,2
DA:45,2
DA:46,2
DA:47,2
DA:48,2
DA:50,2
DA:52,2
DA:54,2
DA:56,2
DA:72,2
DA:74,3
DA:76,3
DA:77,3
DA:79,3
DA:80,9
DA:88,3
DA:97,3
DA:106,3
DA:129,3
DA:158,3
DA:171,3
DA:173,3
DA:174,3
DA:176,3
DA:178,3
DA:179,3
DA:180,3
DA:181,9
DA:183,3
DA:184,3
DA:190,6
DA:191,6
DA:193,3
DA:195,3
DA:197,6
LF:37
LH:37
end_of_record
SF:lib/features/stats/presentation/settings_screen.dart
DA:19,1
DA:21,1
DA:22,1
DA:26,1
DA:28,1
DA:30,3
DA:33,1
DA:35,1
DA:36,1
DA:37,1
DA:38,1
DA:39,1
DA:40,1
DA:41,1
DA:43,1
DA:48,1
DA:50,2
DA:51,2
DA:52,1
DA:54,2
DA:61,1
DA:65,1
DA:66,1
DA:70,1
DA:74,1
DA:75,1
DA:77,1
DA:80,1
DA:81,1
DA:82,1
DA:85,1
DA:88,1
DA:89,1
DA:90,1
DA:95,1
DA:100,3
DA:101,1
DA:102,2
DA:103,1
DA:116,1
DA:117,1
DA:118,3
DA:119,1
DA:120,2
DA:121,1
DA:122,1
DA:123,3
DA:129,1
DA:133,1
DA:135,1
DA:137,1
DA:138,1
DA:139,4
DA:140,3
LF:54
LH:54
end_of_record
