SF:lib/features/mini_window/data/shared_preferences_compact_window_position_repository.dart
DA:19,1
DA:29,1
DA:31,2
DA:32,2
DA:36,1
DA:39,1
DA:44,3
DA:45,3
LF:8
LH:8
end_of_record
SF:lib/features/mini_window/domain/window_position.dart
DA:11,4
DA:19,3
DA:21,21
DA:23,0
DA:24,0
DA:26,0
DA:27,0
LF:7
LH:3
end_of_record
SF:lib/features/mini_window/data/mock_window_mode_controller.dart
DA:24,6
DA:62,4
DA:63,4
DA:65,4
DA:66,8
DA:68,3
DA:69,3
DA:71,3
DA:72,6
DA:74,0
DA:75,0
DA:77,0
DA:79,0
DA:80,0
DA:81,0
DA:84,4
DA:86,8
DA:87,4
DA:89,2
DA:90,8
DA:92,4
DA:94,4
DA:95,4
DA:96,4
DA:99,3
DA:101,6
DA:102,3
DA:103,3
DA:104,3
DA:107,2
DA:109,4
DA:112,2
DA:113,4
DA:114,4
DA:118,4
DA:120,8
DA:121,8
DA:122,3
DA:125,3
DA:128,1
DA:130,3
DA:131,1
DA:134,1
DA:136,2
DA:139,2
DA:141,4
DA:142,4
DA:145,1
DA:147,1
DA:150,1
DA:152,2
DA:153,2
DA:154,1
DA:157,6
DA:159,12
DA:160,12
DA:161,12
DA:164,4
DA:165,8
DA:166,4
DA:167,8
DA:168,8
DA:175,4
DA:176,8
DA:177,2
DA:178,4
DA:179,4
LF:67
LH:61
end_of_record
SF:lib/features/mini_window/domain/compact_geometry.dart
DA:13,1
DA:33,8
DA:36,8
DA:55,5
DA:59,5
DA:68,4
DA:69,6
DA:70,3
DA:71,4
DA:72,4
DA:77,2
DA:78,4
DA:79,4
DA:80,2
DA:81,11
DA:82,11
DA:87,1
DA:88,1
DA:89,3
DA:90,3
DA:94,2
DA:95,2
DA:96,1
LF:23
LH:23
end_of_record
SF:lib/features/mini_window/data/shared_preferences_hide_to_tray_hint_repository.dart
DA:15,1
DA:22,1
DA:23,2
DA:25,1
DA:26,2
LF:5
LH:5
end_of_record
SF:lib/features/mini_window/data/mock_tray_controller.dart
DA:34,1
DA:35,2
DA:37,1
DA:42,2
DA:43,1
DA:44,1
DA:45,1
DA:48,1
DA:50,3
DA:51,1
DA:54,1
DA:56,3
DA:57,1
DA:60,1
DA:62,3
DA:63,1
DA:67,1
DA:68,2
DA:69,2
DA:73,1
DA:75,2
DA:76,2
LF:22
LH:22
end_of_record
SF:lib/features/mini_window/presentation/app_shell_cubit.dart
DA:32,3
DA:42,3
DA:43,3
DA:44,1
DA:45,3
DA:49,3
DA:50,9
DA:58,3
DA:63,9
DA:64,15
DA:65,9
DA:76,9
DA:80,6
DA:85,1
DA:86,1
DA:89,1
DA:90,3
DA:95,1
DA:96,2
DA:97,3
DA:101,3
DA:103,6
DA:104,3
LF:23
LH:23
end_of_record
SF:lib/features/journey/domain/clock.dart
DA:23,0
DA:25,0
DA:26,0
LF:3
LH:0
end_of_record
SF:lib/features/journey/presentation/game/journey_game.dart
DA:36,8
DA:40,8
DA:44,8
DA:71,6
DA:77,6
DA:78,6
DA:79,6
DA:80,6
DA:81,6
DA:82,6
DA:83,6
DA:90,7
DA:93,14
DA:96,14
DA:97,7
DA:98,14
DA:99,14
DA:102,14
DA:105,4
DA:107,4
DA:108,4
DA:111,6
DA:112,6
DA:113,9
DA:114,6
DA:117,9
DA:118,6
DA:119,12
DA:123,0
DA:125,0
DA:126,0
DA:127,0
DA:128,0
DA:129,0
DA:130,0
DA:131,0
DA:132,0
DA:133,0
DA:136,0
DA:138,0
DA:139,0
DA:142,0
DA:144,0
DA:145,0
DA:148,0
DA:150,0
DA:159,12
DA:163,6
DA:166,3
DA:169,3
DA:172,4
DA:176,4
DA:180,8
DA:184,12
DA:188,3
DA:191,3
DA:195,6
DA:198,6
DA:201,0
DA:204,3
DA:208,2
DA:211,4
DA:216,0
DA:220,0
DA:221,0
DA:222,0
DA:223,0
DA:224,0
DA:227,0
DA:228,0
DA:229,0
DA:230,0
DA:231,0
LF:73
LH:43
end_of_record
SF:lib/features/journey/presentation/journey_cubit.dart
DA:27,14
DA:31,2
DA:32,2
DA:33,8
LF:4
LH:4
end_of_record
SF:lib/features/journey/presentation/journey_view_state.dart
DA:35,9
DA:46,3
DA:57,4
DA:62,4
DA:65,4
DA:93,35
DA:95,9
DA:96,45
LF:8
LH:8
end_of_record
SF:lib/features/mini_window/presentation/app_shell.dart
DA:51,2
DA:71,2
DA:72,2
DA:91,2
DA:93,2
DA:94,8
DA:95,4
DA:97,8
DA:98,11
DA:101,1
DA:102,1
DA:106,0
DA:108,0
DA:109,0
DA:110,0
DA:113,2
DA:115,4
DA:116,4
DA:117,4
DA:118,2
DA:122,2
DA:123,6
DA:124,14
DA:129,2
DA:130,2
DA:131,4
DA:132,4
DA:133,2
DA:134,4
DA:135,2
DA:137,2
DA:148,2
DA:149,4
DA:150,6
DA:151,2
DA:152,4
DA:154,4
DA:158,2
DA:160,2
DA:161,8
DA:162,10
DA:163,2
DA:165,2
DA:166,2
DA:167,2
DA:171,4
DA:172,8
DA:174,8
DA:179,6
DA:189,3
DA:191,2
DA:193,2
DA:194,2
DA:195,6
DA:196,2
DA:197,2
DA:200,0
DA:201,0
DA:202,0
LF:59
LH:52
end_of_record
SF:lib/features/mini_window/presentation/compact_view.dart
DA:34,4
DA:46,4
DA:48,8
DA:49,4
DA:51,4
DA:52,4
DA:53,4
DA:54,4
DA:55,4
DA:57,4
DA:59,8
DA:64,1
DA:65,2
DA:72,4
DA:73,4
DA:79,4
DA:80,2
DA:96,4
DA:101,4
DA:103,4
DA:109,4
DA:112,1
DA:113,3
DA:114,4
DA:120,1
DA:121,1
DA:122,0
LF:27
LH:26
end_of_record
SF:lib/features/activity/domain/activity_plugin_exception.dart
DA:32,2
DA:35,1
DA:36,1
DA:43,0
DA:44,0
DA:47,0
DA:48,0
DA:60,1
DA:62,3
DA:63,3
LF:10
LH:6
end_of_record
SF:lib/features/journey/domain/journey_engine.dart
DA:70,3
DA:83,2
DA:85,3
DA:86,6
DA:87,1
DA:88,1
DA:93,9
DA:94,1
DA:95,1
DA:100,9
DA:101,1
DA:102,1
DA:107,12
DA:163,6
DA:166,4
DA:170,2
DA:173,2
DA:176,6
DA:179,2
DA:196,3
DA:201,9
DA:203,3
DA:207,3
DA:213,6
DA:216,6
DA:217,6
DA:218,3
DA:223,6
DA:224,4
DA:225,2
DA:232,7
DA:233,6
DA:234,6
DA:235,6
DA:237,6
DA:238,6
DA:240,6
DA:242,3
DA:248,1
DA:249,2
DA:250,2
DA:251,1
DA:258,2
DA:259,1
DA:260,1
DA:261,1
DA:262,1
DA:263,1
DA:264,1
DA:265,1
DA:269,1
DA:270,2
DA:279,1
DA:280,3
DA:281,2
DA:282,2
DA:283,1
DA:285,2
DA:286,1
DA:287,1
DA:288,1
DA:289,1
DA:291,2
DA:292,2
DA:293,2
DA:294,2
DA:300,1
DA:301,1
DA:303,1
DA:311,3
DA:312,3
DA:313,6
DA:314,1
DA:315,1
DA:316,1
DA:317,1
DA:322,3
DA:323,12
LF:78
LH:78
end_of_record
SF:lib/features/journey/domain/journey_progress.dart
DA:23,6
DA:31,24
DA:59,6
DA:60,12
DA:61,12
DA:62,12
DA:66,6
DA:67,3
DA:68,6
DA:69,6
DA:70,6
DA:71,6
DA:72,6
DA:73,3
DA:81,3
DA:82,3
DA:83,6
DA:84,3
DA:85,6
DA:87,3
DA:88,6
DA:90,3
DA:91,6
DA:93,6
DA:94,6
DA:95,6
DA:99,3
DA:100,3
DA:101,3
DA:103,4
DA:106,3
DA:107,3
DA:110,2
DA:113,3
DA:114,6
DA:115,6
DA:122,3
DA:123,6
DA:124,6
DA:135,3
DA:136,3
DA:137,1
DA:139,3
DA:140,6
DA:141,0
DA:143,6
DA:144,6
DA:145,6
DA:147,2
DA:149,12
DA:150,1
DA:152,3
DA:155,2
DA:156,2
DA:157,2
DA:158,2
DA:159,2
DA:160,2
DA:161,2
DA:162,2
DA:163,2
LF:61
LH:60
end_of_record
SF:lib/features/journey/presentation/game/day_night_tint.dart
DA:16,1
DA:17,1
DA:19,1
DA:24,1
DA:25,1
DA:30,0
DA:31,0
DA:32,0
DA:35,0
DA:40,1
DA:42,2
DA:45,2
DA:46,0
DA:48,2
DA:49,0
DA:55,1
DA:56,2
DA:59,1
DA:60,1
LF:19
LH:13
end_of_record
SF:lib/features/journey/presentation/game/journey_skins.dart
DA:17,3
DA:89,6
LF:2
LH:2
end_of_record
SF:lib/features/journey/presentation/game/journey_sprites.dart
DA:44,7
DA:48,0
DA:59,6
DA:62,6
DA:65,0
DA:68,0
DA:77,7
DA:78,7
DA:79,14
DA:80,7
DA:81,7
DA:85,4
DA:86,4
DA:94,7
DA:96,7
DA:97,7
DA:99,7
DA:101,14
DA:102,14
DA:103,28
DA:112,7
DA:114,14
DA:115,14
DA:116,14
DA:120,0
DA:124,0
DA:126,0
DA:128,0
DA:130,0
DA:132,0
LF:30
LH:21
end_of_record
SF:lib/features/journey/presentation/game/road_painter.dart
DA:31,0
DA:34,0
DA:35,0
DA:36,0
DA:37,0
DA:39,0
DA:40,0
DA:41,0
DA:42,0
DA:50,0
DA:51,0
DA:52,0
DA:53,0
DA:54,0
DA:55,0
DA:58,0
DA:59,0
DA:60,0
DA:61,0
DA:62,0
DA:63,0
DA:64,0
DA:65,0
DA:68,0
DA:69,0
DA:70,0
DA:71,0
DA:72,0
DA:73,0
DA:74,0
DA:76,0
DA:77,0
DA:78,0
DA:79,0
DA:82,0
DA:87,0
DA:95,0
DA:98,0
DA:99,0
DA:101,0
DA:102,0
DA:103,0
DA:104,0
DA:106,0
DA:107,0
DA:108,0
DA:109,0
DA:110,0
DA:111,0
DA:112,0
DA:113,0
DA:114,0
DA:115,0
DA:116,0
DA:120,0
DA:122,0
DA:127,0
DA:133,0
DA:134,0
DA:135,0
DA:136,0
DA:137,0
DA:142,0
DA:143,0
DA:144,0
DA:147,0
DA:148,0
DA:151,0
DA:154,0
DA:165,0
DA:175,0
DA:176,0
DA:177,0
DA:179,0
DA:180,0
DA:182,0
DA:183,0
DA:184,0
DA:185,0
DA:188,0
DA:191,0
DA:192,0
DA:193,0
DA:194,0
DA:201,0
DA:202,0
DA:203,0
DA:206,0
DA:208,0
DA:211,0
DA:212,0
DA:213,0
DA:214,0
DA:216,0
DA:217,0
DA:218,0
DA:219,0
DA:221,0
DA:223,0
DA:224,0
DA:226,0
DA:232,0
DA:233,0
DA:236,0
DA:237,0
DA:246,0
DA:247,0
DA:248,0
DA:249,0
DA:250,0
DA:251,0
DA:252,0
DA:254,0
DA:257,0
DA:259,0
DA:260,0
DA:261,0
LF:117
LH:0
end_of_record
SF:lib/features/journey/presentation/game/scene_motion.dart
DA:26,8
DA:27,16
DA:28,16
DA:45,8
DA:49,6
DA:53,12
DA:56,3
DA:57,6
DA:60,3
DA:67,12
DA:72,12
DA:78,3
DA:79,3
DA:82,3
DA:83,6
DA:85,12
DA:86,6
DA:87,6
DA:88,2
DA:90,12
DA:93,9
DA:94,2
DA:97,12
DA:102,0
DA:103,0
DA:104,0
DA:105,0
LF:27
LH:23
end_of_record
SF:lib/features/journey/presentation/game/side_object_pool.dart
DA:61,8
DA:63,8
DA:65,16
DA:68,16
DA:83,0
DA:87,1
DA:89,2
DA:90,1
DA:91,1
DA:103,3
DA:104,3
DA:107,3
DA:108,6
DA:109,3
DA:112,8
DA:113,4
DA:114,1
DA:117,6
DA:118,9
DA:119,6
DA:120,2
DA:127,2
DA:128,2
DA:132,4
DA:133,2
DA:134,2
DA:135,8
DA:136,10
DA:137,10
DA:138,10
DA:141,2
DA:142,4
DA:143,2
DA:151,0
DA:152,0
DA:153,0
DA:155,0
DA:156,0
LF:38
LH:32
end_of_record
SF:lib/features/journey/presentation/journey_overlays.dart
DA:28,3
DA:33,3
DA:35,3
DA:37,3
DA:40,3
DA:41,3
DA:42,6
DA:43,6
DA:45,3
DA:48,3
DA:49,9
DA:51,3
DA:54,3
DA:56,6
DA:72,5
DA:84,5
DA:86,15
DA:87,5
DA:88,5
DA:90,5
DA:91,15
DA:92,5
DA:93,5
DA:94,10
DA:95,10
DA:97,5
DA:98,5
DA:99,15
DA:101,5
DA:102,5
DA:103,5
DA:105,5
DA:107,10
DA:127,2
DA:139,2
DA:141,2
DA:142,2
DA:143,2
DA:144,2
DA:146,2
DA:147,6
DA:148,2
DA:149,2
DA:150,4
DA:151,4
DA:153,2
DA:154,2
DA:155,6
DA:157,2
DA:158,2
DA:159,2
DA:161,2
DA:162,6
DA:163,6
DA:164,2
DA:166,2
DA:168,4
LF:57
LH:57
end_of_record
SF:lib/features/mini_window/presentation/hide_to_tray_hint.dart
DA:19,0
DA:24,0
DA:26,0
DA:27,0
DA:29,0
DA:31,0
DA:32,0
DA:33,0
DA:34,0
DA:36,0
DA:38,0
DA:41,0
DA:42,0
DA:51,0
LF:14
LH:0
end_of_record
SF:lib/features/mini_window/presentation/journey_tray_mapper.dart
DA:14,2
DA:15,4
DA:22,2
DA:23,4
DA:26,6
LF:5
LH:5
end_of_record
SF:lib/features/route/data/shared_preferences_route_repository.dart
DA:27,1
DA:36,1
DA:38,2
DA:47,1
DA:48,1
DA:51,2
DA:52,1
DA:54,0
DA:59,1
DA:61,4
LF:10
LH:9
end_of_record
SF:lib/features/route/domain/province.dart
DA:15,3
DA:23,8
DA:24,24
DA:26,0
DA:27,0
LF:5
LH:3
end_of_record
SF:lib/features/route/domain/province_chain.dart
DA:30,9
DA:31,27
DA:32,1
DA:33,2
DA:38,54
DA:39,1
DA:40,2
DA:42,6
DA:46,18
DA:47,18
DA:48,2
DA:51,36
DA:52,27
DA:53,2
DA:54,4
DA:55,2
DA:63,81
DA:81,24
DA:84,24
DA:89,45
DA:94,6
DA:96,12
DA:97,18
DA:103,24
DA:111,7
DA:112,14
DA:117,8
DA:119,16
DA:120,16
DA:131,6
DA:136,6
DA:137,6
DA:138,6
DA:139,1
DA:141,6
DA:142,0
DA:145,18
DA:147,6
DA:148,8
DA:156,6
DA:157,6
DA:159,6
DA:167,6
DA:168,6
DA:169,6
DA:170,0
DA:173,24
DA:174,4
DA:175,16
DA:190,6
LF:50
LH:48
end_of_record
SF:lib/features/route/domain/route_selection.dart
DA:31,8
DA:42,6
DA:49,12
DA:50,1
DA:52,6
DA:53,4
DA:55,4
DA:56,4
DA:60,6
DA:61,1
DA:67,6
DA:92,8
DA:93,4
DA:94,4
DA:95,4
DA:96,0
DA:100,4
DA:101,4
DA:102,4
DA:103,2
DA:104,2
DA:114,2
DA:118,2
DA:119,2
DA:120,2
DA:122,10
DA:123,2
DA:124,2
DA:126,4
DA:127,2
DA:128,2
DA:129,2
DA:134,2
DA:135,2
DA:136,1
DA:138,2
DA:139,2
DA:141,2
DA:146,2
DA:147,4
DA:148,4
DA:152,2
DA:155,5
DA:156,5
DA:157,5
DA:158,5
DA:159,5
DA:160,5
LF:48
LH:47
end_of_record
SF:lib/features/route/domain/route_progress_resolver.dart
DA:46,5
DA:51,5
DA:52,5
DA:60,5
DA:61,5
DA:70,5
DA:74,5
DA:76,5
DA:79,5
DA:82,5
DA:83,5
DA:86,5
DA:100,5
DA:101,5
DA:104,10
DA:105,5
DA:106,5
DA:108,5
DA:120,10
DA:127,10
DA:129,20
DA:131,5
DA:133,10
DA:135,5
DA:136,5
DA:141,5
DA:146,5
LF:27
LH:27
end_of_record
SF:lib/features/route/domain/route_position.dart
DA:18,5
DA:81,0
DA:83,5
DA:84,5
DA:85,5
DA:86,5
DA:87,5
DA:88,5
DA:89,5
DA:90,5
DA:91,5
DA:92,5
DA:93,5
DA:94,5
DA:95,5
LF:15
LH:14
end_of_record
SF:lib/features/route/presentation/route_progress_cubit.dart
DA:34,3
DA:40,3
DA:42,3
DA:43,3
DA:59,3
DA:60,3
DA:61,3
DA:72,2
DA:77,2
DA:79,1
DA:81,2
DA:85,2
DA:87,2
DA:88,2
DA:89,4
DA:94,3
DA:95,3
DA:97,1
DA:98,1
DA:101,1
DA:107,9
DA:108,3
DA:111,3
DA:116,6
DA:117,3
DA:118,3
DA:119,3
DA:120,3
DA:123,3
DA:127,6
DA:131,3
DA:132,3
DA:135,3
LF:33
LH:33
end_of_record
SF:lib/features/route/presentation/start_picker.dart
DA:25,2
DA:45,2
DA:46,2
DA:53,2
DA:55,2
DA:56,10
DA:57,6
DA:58,2
DA:63,2
DA:64,2
DA:65,4
DA:66,1
DA:70,2
DA:71,8
DA:73,2
DA:75,4
DA:76,2
DA:78,2
DA:81,2
DA:82,2
DA:84,6
DA:87,2
DA:89,2
DA:91,2
DA:92,6
DA:93,2
DA:95,4
DA:98,1
DA:100,2
DA:101,1
DA:102,1
DA:107,8
DA:108,2
DA:109,2
DA:110,0
DA:111,2
DA:113,2
DA:114,2
DA:116,10
DA:118,2
DA:120,2
DA:122,10
DA:124,2
DA:130,2
DA:133,6
DA:147,2
DA:158,2
DA:160,2
DA:161,10
DA:162,2
DA:165,2
LF:51
LH:50
end_of_record
SF:lib/features/route/presentation/route_map_painter.dart
DA:42,1
DA:46,1
DA:47,2
DA:48,2
DA:49,8
DA:50,4
DA:51,8
DA:75,1
DA:76,1
DA:84,4
DA:86,3
DA:88,2
DA:89,4
DA:90,3
DA:91,1
DA:92,2
DA:95,4
DA:96,3
DA:97,2
DA:99,1
DA:103,1
DA:105,9
DA:111,0
DA:112,0
DA:113,0
DA:114,0
DA:115,0
DA:124,1
DA:125,5
DA:136,3
DA:137,1
DA:138,1
DA:139,1
DA:140,1
DA:141,4
DA:142,4
DA:143,4
DA:144,3
DA:145,1
DA:146,1
DA:147,1
DA:148,4
DA:150,1
DA:152,2
DA:153,1
DA:158,4
DA:161,3
DA:162,3
DA:163,3
DA:164,5
DA:166,1
DA:167,2
DA:168,2
DA:173,1
DA:175,2
DA:176,2
DA:178,2
DA:179,2
DA:188,1
DA:193,3
DA:194,1
DA:196,1
DA:197,1
DA:201,4
DA:202,1
DA:203,2
DA:204,1
DA:205,1
DA:206,3
DA:207,4
DA:210,0
DA:213,0
DA:218,0
DA:224,1
DA:228,3
DA:235,1
DA:240,1
DA:241,1
DA:242,1
DA:244,1
DA:246,0
DA:248,2
DA:249,1
DA:250,1
DA:251,1
DA:253,1
DA:254,1
DA:256,1
LF:88
LH:79
end_of_record
SF:lib/features/route/presentation/route_map_screen.dart
DA:29,1
DA:34,1
DA:36,1
DA:37,1
DA:38,1
DA:44,1
DA:45,3
DA:46,3
DA:47,3
DA:48,1
DA:49,1
DA:50,0
DA:51,0
DA:52,0
DA:53,0
DA:54,0
DA:55,0
DA:59,1
DA:60,1
DA:61,1
DA:63,1
DA:64,2
DA:65,1
DA:66,1
DA:67,1
DA:69,2
DA:78,1
DA:79,1
DA:80,1
DA:82,2
DA:83,1
DA:84,1
DA:85,1
DA:86,0
DA:87,0
DA:88,0
DA:100,1
DA:110,1
DA:112,1
DA:113,1
DA:114,6
DA:118,3
DA:119,1
DA:120,1
DA:121,3
DA:126,1
DA:131,1
DA:133,2
DA:143,1
DA:147,1
DA:149,3
DA:150,2
DA:151,3
DA:152,4
DA:153,3
DA:154,1
DA:155,1
DA:157,1
DA:159,1
DA:161,1
DA:162,1
DA:163,1
DA:165,1
DA:168,1
DA:169,1
DA:171,1
DA:181,1
DA:182,1
DA:183,1
DA:184,1
DA:201,1
DA:209,1
DA:211,6
DA:212,3
DA:216,3
DA:217,1
DA:219,1
DA:222,1
DA:223,1
DA:224,1
DA:226,1
DA:228,1
DA:229,1
DA:231,1
DA:232,4
DA:242,1
DA:243,1
DA:247,1
DA:248,1
DA:253,1
DA:255,1
LF:91
LH:82
end_of_record
SF:lib/features/route/presentation/route_view_state.dart
DA:23,3
DA:30,2
DA:46,3
DA:49,6
DA:51,3
DA:52,3
DA:53,3
DA:54,3
DA:55,3
LF:9
LH:9
end_of_record
SF:lib/features/activity/data/method_channel_activity_plugin.dart
DA:19,2
DA:36,2
DA:38,2
DA:41,2
DA:43,2
DA:50,2
DA:55,4
DA:56,2
DA:57,2
DA:59,1
DA:60,1
DA:63,2
DA:64,2
DA:65,4
DA:68,2
DA:78,2
DA:79,2
DA:80,2
DA:82,1
DA:84,2
DA:90,2
DA:91,2
DA:94,1
DA:96,2
LF:24
LH:24
end_of_record
SF:lib/features/activity/data/mock_activity_source.dart
DA:16,5
DA:26,4
DA:29,4
DA:34,6
DA:38,6
DA:40,3
DA:42,3
DA:46,3
DA:49,3
DA:51,3
DA:55,3
LF:11
LH:11
end_of_record
SF:lib/features/journey/data/shared_preferences_journey_repository.dart
DA:24,1
DA:31,1
DA:33,2
DA:44,1
DA:45,1
DA:48,1
DA:49,1
DA:51,0
DA:56,1
DA:58,4
LF:10
LH:9
end_of_record
SF:lib/features/journey/presentation/activity_ticker.dart
DA:59,1
DA:89,1
DA:92,2
DA:96,1
DA:97,1
DA:100,3
DA:101,4
DA:104,0
DA:121,1
DA:122,2
DA:123,1
DA:124,1
DA:125,1
DA:127,2
DA:134,3
DA:138,2
DA:139,3
DA:144,1
DA:148,1
DA:152,1
DA:153,2
DA:154,1
DA:158,1
DA:159,1
LF:24
LH:23
end_of_record
SF:lib/features/journey/presentation/journey_screen.dart
DA:42,1
DA:60,1
DA:61,1
DA:70,3
DA:72,1
DA:74,1
DA:75,6
DA:76,1
DA:77,2
DA:79,2
DA:83,0
DA:85,0
DA:86,0
DA:92,0
DA:93,0
DA:94,0
DA:95,0
DA:96,0
DA:97,0
DA:98,0
DA:102,1
DA:105,1
DA:106,2
DA:108,1
DA:111,0
DA:113,0
DA:115,0
DA:116,0
DA:120,1
DA:122,1
DA:123,2
DA:124,2
DA:126,1
DA:131,1
DA:132,3
DA:133,7
DA:136,1
DA:137,2
DA:138,2
DA:139,1
DA:140,2
DA:141,1
DA:145,1
DA:147,2
DA:148,1
DA:149,1
DA:150,1
DA:152,1
DA:154,2
DA:160,3
DA:164,2
DA:168,2
DA:177,1
DA:178,1
DA:179,1
DA:180,1
LF:56
LH:42
end_of_record
SF:lib/features/stats/domain/day_stats.dart
DA:19,6
DA:26,24
DA:48,2
DA:49,4
DA:50,4
DA:51,4
DA:55,2
DA:56,1
DA:57,2
DA:58,2
DA:59,1
DA:60,2
DA:61,2
DA:68,1
DA:69,1
DA:70,2
DA:71,1
DA:72,2
DA:74,1
DA:75,2
DA:77,1
DA:78,1
DA:81,1
DA:82,2
DA:84,1
DA:85,2
DA:90,1
DA:91,1
DA:92,1
DA:94,0
DA:97,1
DA:98,1
DA:101,2
DA:108,1
DA:109,1
DA:110,0
DA:112,1
DA:113,2
DA:114,0
DA:116,2
DA:117,2
DA:118,2
DA:120,1
DA:122,4
DA:123,1
DA:125,1
DA:128,1
DA:129,1
DA:130,1
DA:131,1
DA:132,1
DA:133,1
DA:134,1
DA:135,1
LF:54
LH:51
end_of_record
SF:lib/features/stats/domain/focus_streak.dart
DA:18,4
DA:19,8
DA:31,4
DA:32,4
DA:33,12
DA:35,16
DA:43,4
DA:44,4
DA:45,3
DA:50,4
DA:51,4
DA:54,4
DA:55,4
DA:62,4
DA:63,20
DA:67,1
DA:68,2
LF:17
LH:17
end_of_record
SF:lib/features/stats/domain/app_settings.dart
DA:15,5
DA:57,9
DA:60,12
DA:63,4
DA:71,4
DA:72,4
DA:73,4
DA:74,3
DA:76,4
DA:78,4
DA:79,3
DA:84,6
DA:85,6
DA:86,3
DA:87,3
DA:88,3
DA:89,3
DA:90,3
DA:96,3
DA:97,3
DA:98,3
DA:99,3
DA:100,3
DA:102,6
DA:103,6
DA:104,6
DA:105,6
DA:106,6
DA:110,4
DA:111,4
DA:112,4
DA:113,4
DA:114,4
DA:115,4
DA:116,4
DA:117,4
LF:36
LH:36
end_of_record
SF:lib/features/stats/domain/earned_badges.dart
DA:17,5
DA:21,5
DA:24,3
DA:25,3
DA:26,3
DA:27,3
DA:31,8
DA:34,3
DA:51,9
DA:55,4
DA:56,6
DA:57,5
DA:58,5
DA:63,2
DA:64,2
DA:65,2
DA:69,4
DA:70,2
DA:71,1
DA:73,2
DA:75,2
DA:77,2
DA:78,2
DA:81,4
DA:85,2
DA:89,2
DA:90,2
DA:92,2
DA:95,4
DA:96,6
DA:97,6
DA:98,6
DA:100,2
DA:101,2
DA:102,4
DA:103,2
DA:105,4
DA:106,4
DA:107,4
DA:109,0
DA:111,2
DA:118,4
DA:119,4
DA:120,8
DA:124,10
DA:125,2
DA:128,2
DA:136,4
DA:137,16
DA:138,6
DA:142,5
DA:143,1
DA:145,1
DA:150,3
DA:151,12
LF:55
LH:54
end_of_record
SF:lib/features/stats/domain/calendar_week.dart
DA:21,12
DA:22,6
DA:23,6
DA:24,24
DA:29,1
DA:30,1
DA:31,5
DA:35,5
DA:36,15
LF:9
LH:9
end_of_record
SF:lib/features/stats/domain/daily_stats.dart
DA:19,5
DA:26,10
DA:48,4
DA:49,4
DA:50,4
DA:51,4
DA:52,4
DA:53,4
DA:54,4
DA:64,2
DA:72,1
DA:73,1
DA:74,1
DA:75,1
DA:88,4
DA:95,4
DA:96,2
DA:98,4
LF:18
LH:18
end_of_record
SF:lib/features/stats/domain/badge.dart
DA:48,4
DA:87,0
DA:88,0
DA:89,0
DA:90,0
DA:91,0
DA:92,0
DA:93,0
DA:94,0
DA:95,0
DA:96,0
DA:97,0
DA:107,5
DA:136,0
DA:137,0
LF:15
LH:2
end_of_record
SF:lib/features/stats/domain/badge_catalogue.dart
DA:57,15
DA:59,5
DA:65,4
DA:66,8
DA:68,5
DA:74,12
DA:76,5
DA:82,12
DA:84,5
DA:90,12
DA:94,5
DA:100,12
DA:102,5
DA:108,12
DA:110,5
DA:116,8
DA:120,5
DA:126,12
DA:128,5
DA:134,12
DA:136,5
DA:142,12
DA:146,5
DA:154,12
DA:156,5
DA:164,12
DA:166,5
DA:172,4
DA:173,8
LF:29
LH:29
end_of_record
SF:lib/features/stats/domain/badge_evaluator.dart
DA:13,4
DA:35,4
DA:42,16
DA:43,12
DA:44,4
DA:46,16
DA:47,12
DA:48,4
DA:53,4
DA:54,4
DA:56,8
DA:57,4
DA:58,4
DA:59,4
DA:61,8
DA:62,8
DA:65,8
DA:66,8
DA:67,8
DA:68,4
DA:69,4
DA:70,2
DA:71,4
DA:72,8
DA:73,3
DA:79,4
DA:80,4
LF:27
LH:27
end_of_record
SF:lib/features/stats/domain/best_focus_tracker.dart
DA:22,5
DA:30,8
DA:38,4
DA:39,4
DA:40,3
DA:41,3
DA:44,8
DA:45,16
DA:46,12
DA:47,8
DA:51,3
DA:53,4
DA:60,3
DA:61,3
DA:62,3
DA:63,3
DA:64,3
LF:17
LH:17
end_of_record
SF:lib/features/stats/domain/streak_reminder_policy.dart
DA:16,3
DA:25,10
DA:48,3
DA:56,3
DA:65,3
DA:68,8
DA:69,4
LF:7
LH:7
end_of_record
SF:lib/features/stats/domain/weekly_stats.dart
DA:13,4
DA:23,1
DA:51,3
DA:52,3
DA:53,3
DA:54,3
DA:55,3
DA:56,3
DA:57,3
DA:58,3
DA:69,4
DA:77,8
DA:78,8
DA:81,8
DA:82,8
DA:83,8
DA:84,8
DA:85,14
DA:86,4
DA:88,8
DA:89,4
DA:93,4
LF:22
LH:22
end_of_record
SF:lib/features/stats/domain/route_progress_snapshot.dart
DA:12,1
DA:19,1
DA:33,0
DA:34,0
DA:35,0
DA:36,0
DA:37,0
LF:7
LH:2
end_of_record
SF:lib/features/stats/presentation/stats_cubit.dart
DA:45,3
DA:57,3
DA:60,6
DA:100,1
DA:101,1
DA:106,1
DA:107,1
DA:116,2
DA:117,6
DA:118,8
DA:120,6
DA:132,4
DA:133,1
DA:134,1
DA:135,1
DA:136,1
DA:137,1
DA:145,1
DA:149,3
DA:150,1
DA:157,1
DA:158,1
DA:162,1
DA:163,1
DA:168,2
DA:169,4
DA:170,2
DA:171,4
DA:172,4
DA:176,2
DA:182,2
DA:184,2
DA:196,2
DA:197,8
DA:201,4
DA:205,2
DA:206,2
DA:209,6
DA:210,2
DA:212,2
DA:223,1
DA:224,1
DA:226,2
DA:227,2
DA:228,1
DA:229,2
DA:230,1
DA:233,3
DA:234,1
DA:239,1
DA:240,3
DA:241,1
DA:242,2
DA:245,2
DA:246,2
DA:247,4
DA:250,6
DA:251,8
DA:252,6
DA:255,2
DA:256,2
DA:257,2
DA:260,4
DA:275,1
DA:276,3
DA:278,1
DA:279,6
DA:283,4
DA:284,1
DA:290,1
DA:291,4
DA:294,2
DA:295,5
DA:296,5
DA:300,2
DA:301,2
DA:304,6
DA:305,2
DA:306,2
DA:307,2
DA:311,4
DA:312,2
DA:313,2
DA:319,2
DA:320,2
DA:321,2
DA:322,2
DA:323,2
DA:327,4
DA:328,2
DA:333,2
DA:334,6
DA:336,4
DA:338,2
DA:339,2
DA:340,2
DA:341,2
DA:342,2
DA:352,2
DA:353,2
DA:354,2
DA:355,2
DA:356,3
DA:358,2
DA:366,2
DA:367,2
DA:368,8
DA:369,6
DA:370,2
DA:371,2
DA:372,8
DA:373,6
DA:374,2
DA:375,2
DA:376,2
DA:377,2
DA:378,4
DA:379,0
DA:380,0
DA:384,2
DA:385,2
DA:388,6
DA:390,4
DA:391,2
DA:393,8
DA:395,2
DA:396,2
DA:397,2
DA:400,2
DA:401,4
DA:402,4
DA:403,4
DA:404,2
DA:405,4
DA:406,2
DA:407,2
DA:410,2
DA:411,2
DA:413,2
DA:417,6
DA:418,4
DA:419,6
DA:420,2
DA:425,4
DA:429,4
DA:430,4
DA:431,2
DA:434,10
DA:435,4
DA:436,2
DA:437,2
DA:443,2
DA:444,2
DA:447,4
DA:448,2
DA:449,4
DA:450,4
DA:451,2
DA:453,2
DA:454,2
DA:456,2
DA:464,1
DA:467,1
DA:468,2
DA:470,1
DA:474,10
LF:166
LH:164
end_of_record
SF:lib/features/stats/presentation/stats_view_state.dart
DA:19,3
DA:28,3
DA:29,3
DA:57,1
DA:58,7
DA:61,1
DA:62,7
DA:65,1
DA:72,1
DA:73,1
DA:74,1
DA:75,1
DA:76,0
DA:77,0
DA:81,3
DA:82,3
DA:83,3
DA:84,3
DA:85,3
DA:86,3
DA:87,3
LF:21
LH:19
end_of_record
SF:lib/features/stats/presentation/settings_cubit.dart
DA:29,3
DA:39,3
DA:42,12
DA:53,2
DA:55,4
DA:56,6
DA:57,6
DA:66,2
DA:67,4
DA:68,6
DA:73,2
DA:74,4
DA:75,6
DA:79,2
DA:80,6
DA:83,1
DA:84,3
DA:87,1
DA:88,3
DA:91,2
DA:92,6
DA:94,3
DA:95,3
DA:96,4
DA:97,6
LF:25
LH:25
end_of_record
SF:lib/features/stats/presentation/stats_screen.dart
DA:25,1
DA:27,1
DA:29,1
DA:30,1
DA:31,1
DA:32,1
DA:33,1
DA:35,1
DA:36,2
DA:38,1
DA:39,1
DA:40,1
DA:51,1
DA:55,1
DA:57,1
DA:58,1
DA:60,1
DA:62,1
DA:63,4
DA:67,1
DA:70,3
DA:72,1
DA:75,3
DA:77,1
DA:80,4
DA:82,1
DA:85,3
DA:87,1
DA:90,3
DA:100,1
DA:105,1
DA:107,1
DA:108,1
DA:110,1
DA:112,1
DA:113,4
DA:115,1
DA:117,3
DA:119,1
DA:121,3
DA:123,1
DA:125,4
DA:127,4
DA:128,4
DA:129,1
DA:131,3
DA:133,1
DA:136,4
DA:146,1
DA:151,1
DA:153,1
DA:155,1
DA:157,1
DA:158,2
DA:159,2
DA:166,1
DA:167,1
DA:168,2
DA:169,1
DA:170,1
DA:172,1
LF:61
LH:61
end_of_record
SF:lib/features/stats/presentation/badges_screen.dart
DA:18,1
DA:20,1
DA:22,1
DA:23,1
DA:24,1
DA:25,1
DA:26,1
DA:27,1
DA:28,1
DA:30,1
DA:31,2
DA:32,4
DA:34,3
DA:35,1
DA:37,4
DA:38,1
DA:39,3
DA:49,1
DA:54,1
DA:56,1
DA:57,4
DA:58,1
DA:59,1
DA:60,1
DA:61,1
DA:63,3
DA:64,3
DA:65,4
DA:70,1
DA:71,1
DA:72,1
DA:73,1
DA:74,1
LF:33
LH:33
end_of_record
SF:lib/features/stats/presentation/onboarding_screen.dart
DA:37,2
DA:42,2
DA:44,2
DA:45,2
DA:46,2
DA:47,2
DA:48,2
DA:50,2
DA:52,2
DA:54,2
DA:56,2
DA:72,2
DA:74,3
DA:76,3
DA:77,3
DA:79,3
DA:80,9
DA:88,3
DA:97,3
DA:106,3
DA:129,3
DA:158,3
DA:171,3
DA:173,3
DA:174,3
DA:176,3
DA:178,3
DA:179,3
DA:180,3
DA:181,9
DA:183,3
DA:184,3
DA:190,6
DA:191,6
DA:193,3
DA:195,3
DA:197,6
LF:37
LH:37
end_of_record
SF:lib/features/stats/presentation/settings_screen.dart
DA:19,1
DA:21,1
DA:22,1
DA:26,1
DA:28,1
DA:30,3
DA:33,1
DA:35,1
DA:36,1
DA:37,1
DA:38,1
DA:39,1
DA:40,1
DA:41,1
DA:43,1
DA:48,1
DA:50,2
DA:51,2
DA:52,1
DA:54,2
DA:61,1
DA:65,1
DA:66,1
DA:70,1
DA:74,1
DA:75,1
DA:77,1
DA:80,1
DA:81,1
DA:82,1
DA:85,1
DA:88,1
DA:89,1
DA:90,1
DA:95,1
DA:100,3
DA:101,1
DA:102,2
DA:103,1
DA:116,1
DA:117,1
DA:118,3
DA:119,1
DA:120,2
DA:121,1
DA:122,1
DA:123,3
DA:129,1
DA:133,1
DA:135,1
DA:137,1
DA:138,1
DA:139,4
DA:140,3
LF:54
LH:54
end_of_record
