SF:lib/features/mini_window/data/shared_preferences_hide_to_tray_hint_repository.dart
DA:16,3
DA:23,1
DA:24,2
DA:26,1
DA:27,2
DA:31,2
DA:34,2
DA:37,4
LF:8
LH:8
end_of_record
SF:lib/features/route/data/base_map_repository.dart
DA:40,1
DA:41,1
DA:49,1
DA:51,1
DA:55,3
DA:56,1
DA:57,1
DA:70,2
DA:71,2
DA:72,2
DA:75,4
DA:76,2
DA:77,2
DA:80,2
DA:81,2
DA:82,4
DA:83,2
DA:87,4
DA:88,2
DA:89,4
DA:92,2
DA:93,2
DA:96,4
DA:97,4
DA:100,2
DA:101,2
DA:103,2
DA:106,2
DA:107,2
DA:108,2
DA:112,2
DA:113,4
DA:114,2
DA:115,6
DA:116,2
DA:117,4
DA:118,4
DA:123,2
DA:124,2
DA:127,2
DA:128,2
DA:131,2
DA:132,4
DA:133,6
DA:134,2
DA:141,2
DA:142,2
DA:143,2
DA:144,2
LF:49
LH:49
end_of_record
SF:lib/features/route/domain/base_map_geometry.dart
DA:30,5
DA:35,2
DA:46,21
DA:51,6
DA:56,1
DA:57,2
DA:58,3
DA:65,1
DA:67,1
DA:68,1
DA:69,2
DA:70,2
DA:71,2
DA:72,2
DA:73,2
DA:74,1
DA:75,3
DA:76,7
DA:88,4
DA:89,4
DA:90,4
DA:91,8
DA:93,4
DA:94,7
DA:103,4
DA:104,8
DA:110,4
DA:111,8
DA:114,12
DA:116,12
DA:119,4
DA:127,12
DA:128,16
DA:129,4
DA:134,4
DA:135,4
DA:136,4
DA:137,20
DA:139,4
DA:142,4
DA:143,8
DA:144,8
DA:145,8
DA:146,8
DA:147,8
DA:148,32
DA:150,36
DA:151,16
DA:152,32
LF:49
LH:49
end_of_record
SF:lib/features/route/domain/equirectangular_projection.dart
DA:24,1
DA:32,1
DA:33,3
DA:35,0
DA:36,0
DA:45,0
DA:68,1
DA:69,3
DA:70,3
DA:71,3
DA:74,3
LF:11
LH:8
end_of_record
SF:lib/features/route/domain/province_geography.dart
DA:31,14
DA:43,7
DA:44,14
DA:45,7
DA:46,42
DA:47,42
DA:51,6
DA:52,18
DA:54,2
DA:55,2
DA:56,4
DA:57,4
DA:71,23
DA:74,23
DA:75,69
DA:76,69
DA:78,1
DA:79,1
DA:81,2
DA:84,46
DA:85,46
DA:86,46
DA:87,46
DA:88,1
DA:91,2
DA:112,20
DA:113,60
DA:115,1
DA:116,1
DA:126,3
DA:127,6
DA:128,9
DA:137,24
DA:138,8
LF:34
LH:34
end_of_record
SF:lib/features/route/domain/province.dart
DA:15,4
DA:23,24
DA:24,72
DA:26,0
DA:27,0
LF:5
LH:3
end_of_record
SF:lib/features/route/domain/province_chain.dart
DA:30,30
DA:31,90
DA:32,1
DA:33,2
DA:38,180
DA:39,1
DA:40,2
DA:42,6
DA:46,60
DA:47,60
DA:48,2
DA:51,120
DA:52,90
DA:53,2
DA:54,4
DA:55,2
DA:63,270
DA:81,54
DA:84,57
DA:89,150
DA:94,15
DA:96,30
DA:97,45
DA:103,72
DA:111,11
DA:112,22
DA:117,18
DA:119,36
DA:120,20
DA:131,15
DA:136,15
DA:137,15
DA:138,15
DA:139,1
DA:141,15
DA:142,0
DA:145,45
DA:147,15
DA:148,12
DA:156,13
DA:157,13
DA:159,13
DA:167,15
DA:168,15
DA:169,15
DA:170,0
DA:173,60
DA:174,6
DA:175,24
DA:190,30
LF:50
LH:48
end_of_record
SF:lib/features/route/data/shared_preferences_route_repository.dart
DA:45,5
DA:49,3
DA:63,3
DA:65,6
DA:72,3
DA:73,3
DA:76,6
DA:77,3
DA:79,0
DA:84,2
DA:86,8
DA:89,2
DA:92,4
DA:94,2
DA:102,2
DA:105,2
DA:107,8
DA:110,4
DA:115,2
DA:118,2
DA:123,4
DA:124,4
DA:129,2
DA:131,2
DA:132,2
DA:135,2
DA:138,6
DA:140,2
DA:142,1
DA:144,0
DA:154,2
DA:155,2
DA:162,8
DA:165,4
DA:168,2
DA:169,2
DA:170,2
DA:171,2
DA:174,2
DA:176,2
DA:177,2
DA:181,0
LF:42
LH:39
end_of_record
SF:lib/features/route/domain/route_plan.dart
DA:54,7
DA:63,6
DA:68,6
DA:69,12
DA:88,3
DA:91,6
DA:94,6
DA:98,4
DA:99,2
DA:100,2
DA:101,0
DA:107,5
DA:108,5
DA:111,5
DA:125,6
DA:126,12
DA:127,18
DA:130,6
DA:133,6
DA:138,12
DA:143,8
DA:144,4
DA:145,4
DA:146,8
DA:153,4
DA:154,4
DA:155,4
DA:156,2
DA:158,4
DA:159,8
DA:160,4
DA:161,1
DA:163,4
DA:165,8
DA:166,2
DA:168,4
DA:169,4
DA:170,1
DA:175,8
DA:176,4
DA:177,4
DA:178,4
DA:183,4
DA:184,8
DA:185,8
DA:189,3
DA:192,4
DA:193,4
DA:194,4
DA:195,4
DA:196,4
LF:51
LH:50
end_of_record
SF:lib/features/route/domain/route_planner.dart
DA:39,12
DA:68,21
DA:72,18
DA:73,18
DA:101,10
DA:109,10
DA:110,10
DA:111,10
DA:112,1
DA:114,10
DA:115,1
DA:117,10
DA:118,2
DA:125,10
DA:131,10
DA:132,10
DA:133,13
DA:134,3
DA:135,3
DA:136,1
DA:142,3
DA:145,3
DA:153,13
DA:159,10
DA:160,10
DA:164,10
DA:166,20
DA:167,20
DA:168,20
DA:169,20
DA:170,20
DA:176,10
DA:180,10
DA:182,20
DA:184,10
DA:185,20
DA:187,10
DA:190,20
DA:192,0
DA:197,10
DA:198,10
DA:199,10
DA:201,10
DA:203,10
DA:204,10
DA:205,30
DA:213,9
DA:214,10
DA:216,10
DA:219,10
DA:234,8
DA:239,16
DA:240,1
DA:246,8
DA:247,24
DA:249,8
DA:250,8
DA:251,16
DA:252,8
DA:254,2
DA:260,8
DA:261,16
DA:266,24
DA:267,24
DA:268,32
DA:269,8
DA:270,3
DA:281,7
DA:282,8
DA:283,8
DA:284,24
DA:285,8
DA:287,24
DA:289,8
DA:291,16
DA:293,16
DA:296,8
DA:297,8
DA:298,8
DA:300,8
DA:302,8
DA:303,8
DA:304,24
DA:307,8
DA:309,16
DA:311,8
DA:314,8
DA:322,12
DA:324,24
DA:325,36
LF:90
LH:89
end_of_record
SF:lib/features/route/domain/route_selection.dart
DA:31,20
DA:42,10
DA:49,20
DA:50,1
DA:52,10
DA:53,4
DA:55,4
DA:56,4
DA:60,10
DA:61,1
DA:67,10
DA:92,10
DA:93,5
DA:94,5
DA:95,5
DA:96,0
DA:100,8
DA:101,8
DA:102,8
DA:103,4
DA:104,4
DA:114,4
DA:118,4
DA:119,4
DA:120,2
DA:122,20
DA:123,4
DA:124,2
DA:126,8
DA:127,4
DA:128,4
DA:129,2
DA:134,4
DA:135,4
DA:136,1
DA:138,4
DA:139,4
DA:141,4
DA:146,4
DA:147,8
DA:148,8
DA:152,2
DA:155,9
DA:156,9
DA:157,9
DA:158,9
DA:159,9
DA:160,9
LF:48
LH:47
end_of_record
SF:lib/features/mini_window/data/shared_preferences_compact_window_position_repository.dart
DA:20,3
DA:30,1
DA:32,2
DA:33,2
DA:37,1
DA:40,1
DA:45,3
DA:46,3
DA:54,2
DA:57,2
DA:61,4
DA:62,4
LF:12
LH:12
end_of_record
SF:lib/features/mini_window/domain/window_position.dart
DA:11,3
DA:19,3
DA:21,21
DA:23,0
DA:24,0
DA:26,0
DA:27,0
LF:7
LH:3
end_of_record
SF:lib/features/mini_window/data/mock_window_mode_controller.dart
DA:24,8
DA:62,7
DA:63,7
DA:65,7
DA:66,14
DA:68,5
DA:69,5
DA:71,5
DA:72,10
DA:74,0
DA:75,0
DA:77,0
DA:79,0
DA:80,0
DA:81,0
DA:84,7
DA:86,14
DA:87,7
DA:89,2
DA:90,14
DA:92,7
DA:94,7
DA:95,7
DA:96,7
DA:99,4
DA:101,8
DA:102,4
DA:103,4
DA:104,4
DA:107,2
DA:109,4
DA:112,2
DA:113,4
DA:114,4
DA:118,5
DA:120,10
DA:121,10
DA:122,4
DA:125,3
DA:128,1
DA:130,3
DA:131,1
DA:134,1
DA:136,2
DA:139,2
DA:141,4
DA:142,4
DA:145,1
DA:147,1
DA:150,1
DA:152,2
DA:153,2
DA:154,1
DA:157,8
DA:159,16
DA:160,16
DA:161,16
DA:164,7
DA:165,14
DA:166,7
DA:167,14
DA:168,14
DA:175,7
DA:176,14
DA:177,2
DA:178,4
DA:179,4
LF:67
LH:61
end_of_record
SF:lib/features/mini_window/domain/compact_geometry.dart
DA:13,1
DA:33,8
DA:36,8
DA:55,8
DA:59,8
DA:68,4
DA:69,6
DA:70,3
DA:71,4
DA:72,4
DA:77,2
DA:78,4
DA:79,4
DA:80,2
DA:81,11
DA:82,11
DA:87,1
DA:88,1
DA:89,3
DA:90,3
DA:94,2
DA:95,2
DA:96,1
LF:23
LH:23
end_of_record
SF:lib/features/mini_window/data/mock_tray_controller.dart
DA:34,1
DA:35,2
DA:37,1
DA:42,2
DA:43,1
DA:44,1
DA:45,1
DA:48,1
DA:50,3
DA:51,1
DA:54,1
DA:56,3
DA:57,1
DA:60,1
DA:62,3
DA:63,1
DA:67,1
DA:68,2
DA:69,2
DA:73,1
DA:75,2
DA:76,2
LF:22
LH:22
end_of_record
SF:lib/features/mini_window/presentation/app_shell_cubit.dart
DA:32,6
DA:42,6
DA:43,6
DA:44,1
DA:45,6
DA:49,6
DA:50,18
DA:58,6
DA:63,18
DA:64,30
DA:65,18
DA:76,15
DA:80,9
DA:85,1
DA:86,1
DA:89,1
DA:90,3
DA:95,1
DA:96,2
DA:97,3
DA:101,6
DA:103,12
DA:104,6
LF:23
LH:23
end_of_record
SF:lib/features/journey/domain/clock.dart
DA:23,0
DA:25,0
DA:26,0
LF:3
LH:0
end_of_record
SF:lib/features/journey/presentation/game/journey_game.dart
DA:43,23
DA:47,23
DA:51,46
DA:55,23
DA:57,23
DA:62,69
DA:139,21
DA:145,21
DA:146,21
DA:147,21
DA:148,21
DA:149,21
DA:150,21
DA:151,21
DA:158,18
DA:161,36
DA:164,36
DA:165,18
DA:166,36
DA:167,36
DA:170,36
DA:173,17
DA:175,17
DA:176,17
DA:179,32
DA:180,32
DA:181,48
DA:186,32
DA:188,48
DA:192,48
DA:193,32
DA:194,64
DA:199,16
DA:208,16
DA:209,16
DA:210,62
DA:213,11
DA:219,60
DA:220,30
DA:222,30
DA:223,15
DA:225,30
DA:226,10
DA:229,15
DA:230,15
DA:232,15
DA:235,75
DA:241,60
DA:242,0
DA:246,6
DA:248,30
DA:249,12
DA:250,6
DA:251,6
DA:255,6
DA:258,12
DA:259,6
DA:260,12
DA:261,12
DA:262,12
DA:263,12
DA:264,12
DA:266,6
DA:269,12
DA:270,12
DA:271,12
DA:272,12
DA:273,12
DA:274,12
DA:275,12
DA:276,12
DA:278,18
DA:279,6
DA:282,12
DA:283,12
DA:284,12
DA:286,18
DA:287,18
DA:297,12
DA:300,6
DA:301,18
DA:302,12
DA:306,6
DA:308,6
DA:311,36
DA:313,6
DA:314,24
DA:317,10
DA:319,25
DA:320,25
DA:323,5
DA:325,10
DA:334,42
DA:338,18
DA:341,3
DA:344,3
DA:347,10
DA:351,16
DA:355,20
DA:359,18
DA:363,18
DA:366,15
DA:370,15
DA:373,15
DA:376,0
DA:379,3
DA:383,4
DA:386,4
DA:391,3
DA:398,3
DA:399,15
DA:400,12
DA:406,3
DA:407,3
DA:408,9
DA:409,3
DA:410,6
DA:413,3
DA:418,3
DA:445,2
DA:451,12
DA:453,2
DA:454,6
DA:455,2
DA:458,2
DA:459,8
DA:460,2
DA:462,6
DA:472,6
DA:473,24
DA:480,3
DA:481,3
DA:482,3
DA:484,2
DA:486,2
DA:487,2
DA:488,2
DA:489,2
DA:498,4
DA:504,2
DA:505,4
DA:507,2
DA:508,4
DA:517,1
DA:518,3
DA:522,3
DA:541,7
DA:542,7
DA:545,24
DA:548,6
DA:558,2
DA:559,2
DA:562,8
DA:565,8
DA:566,4
DA:567,4
DA:568,2
DA:571,4
DA:572,2
DA:579,2
DA:581,6
DA:582,2
DA:583,4
DA:592,5
DA:596,5
DA:597,5
DA:598,5
DA:599,8
DA:600,0
DA:603,10
DA:604,5
DA:605,15
DA:606,30
DA:607,10
LF:174
LH:171
end_of_record
SF:lib/features/journey/presentation/journey_cubit.dart
DA:27,24
DA:38,3
DA:39,3
DA:40,3
DA:41,3
DA:42,3
DA:43,3
DA:44,3
LF:8
LH:8
end_of_record
SF:lib/features/journey/presentation/journey_view_state.dart
DA:35,13
DA:47,3
DA:59,5
DA:65,5
DA:68,5
DA:105,50
DA:107,14
DA:108,14
DA:109,14
DA:110,14
DA:111,14
DA:112,14
DA:113,14
LF:13
LH:13
end_of_record
SF:lib/features/mini_window/presentation/app_shell.dart
DA:54,4
DA:83,4
DA:84,4
DA:111,4
DA:113,4
DA:114,16
DA:115,8
DA:117,16
DA:118,21
DA:121,1
DA:122,1
DA:127,8
DA:128,5
DA:129,5
DA:132,2
DA:133,4
DA:134,1
DA:135,1
DA:136,2
DA:137,1
DA:138,2
DA:140,1
DA:145,0
DA:147,0
DA:151,0
DA:154,4
DA:156,8
DA:157,5
DA:158,8
DA:159,8
DA:160,4
DA:164,4
DA:165,12
DA:166,28
DA:179,4
DA:180,4
DA:181,8
DA:182,8
DA:183,8
DA:184,8
DA:185,4
DA:187,4
DA:206,4
DA:207,12
DA:208,4
DA:210,8
DA:212,8
DA:219,4
DA:220,8
DA:221,3
DA:223,2
DA:224,1
DA:225,1
DA:228,1
DA:231,4
DA:233,4
DA:234,16
DA:235,4
DA:236,16
DA:242,4
DA:243,12
DA:244,4
DA:245,4
DA:249,4
DA:254,3
DA:255,4
DA:257,4
DA:258,4
DA:259,4
DA:263,8
DA:264,16
DA:266,16
DA:271,12
DA:282,3
DA:284,4
DA:286,4
DA:287,4
DA:288,12
DA:289,4
DA:290,4
DA:293,0
DA:294,0
DA:295,0
LF:83
LH:77
end_of_record
SF:lib/features/mini_window/presentation/compact_view.dart
DA:35,6
DA:47,6
DA:49,12
DA:50,6
DA:57,6
DA:59,6
DA:60,6
DA:61,6
DA:62,6
DA:63,6
DA:64,6
DA:66,6
DA:68,12
DA:74,1
DA:75,2
DA:83,6
DA:84,6
DA:91,6
DA:92,2
DA:120,3
DA:122,6
DA:124,6
DA:126,6
DA:128,6
DA:129,6
DA:131,6
DA:138,1
DA:141,3
DA:145,0
DA:161,6
DA:166,6
DA:168,6
DA:174,4
DA:177,1
DA:178,3
DA:179,6
DA:185,1
DA:186,1
DA:187,0
LF:39
LH:37
end_of_record
SF:lib/features/stats/domain/app_settings.dart
DA:23,16
DA:78,9
DA:81,12
DA:88,12
DA:97,12
DA:98,12
DA:99,12
DA:100,11
DA:102,12
DA:104,12
DA:105,11
DA:107,5
DA:115,8
DA:116,12
DA:117,8
DA:118,8
DA:119,8
DA:120,8
DA:121,8
DA:122,4
DA:123,3
DA:129,4
DA:130,4
DA:131,4
DA:132,4
DA:133,4
DA:135,8
DA:136,8
DA:137,8
DA:138,8
DA:139,8
DA:140,8
DA:147,4
DA:148,4
DA:151,2
DA:152,2
DA:159,12
DA:160,12
DA:161,12
DA:162,12
DA:163,12
DA:164,12
DA:165,12
DA:166,12
DA:167,12
LF:45
LH:45
end_of_record
SF:lib/features/stats/domain/calendar_week.dart
DA:21,12
DA:22,6
DA:23,6
DA:24,24
DA:29,1
DA:30,1
DA:31,5
DA:35,5
DA:36,15
LF:9
LH:9
end_of_record
SF:lib/features/stats/domain/day_stats.dart
DA:19,6
DA:26,24
DA:48,2
DA:49,4
DA:50,4
DA:51,4
DA:55,2
DA:56,1
DA:57,2
DA:58,2
DA:59,1
DA:60,2
DA:61,2
DA:68,1
DA:69,1
DA:70,2
DA:71,1
DA:72,2
DA:74,1
DA:75,2
DA:77,1
DA:78,1
DA:81,1
DA:82,2
DA:84,1
DA:85,2
DA:90,1
DA:91,1
DA:92,1
DA:94,0
DA:97,1
DA:98,1
DA:101,2
DA:108,1
DA:109,1
DA:110,0
DA:112,1
DA:113,2
DA:114,0
DA:116,2
DA:117,2
DA:118,2
DA:120,1
DA:122,4
DA:123,1
DA:125,1
DA:128,1
DA:129,1
DA:130,1
DA:131,1
DA:132,1
DA:133,1
DA:134,1
DA:135,1
LF:54
LH:51
end_of_record
SF:lib/features/stats/domain/earned_badges.dart
DA:17,5
DA:21,5
DA:24,3
DA:25,3
DA:26,3
DA:27,3
DA:31,8
DA:34,3
DA:51,9
DA:55,4
DA:56,6
DA:57,5
DA:58,5
DA:63,2
DA:64,2
DA:65,2
DA:69,4
DA:70,2
DA:71,1
DA:73,2
DA:75,2
DA:77,2
DA:78,2
DA:81,4
DA:85,2
DA:89,2
DA:90,2
DA:92,2
DA:95,4
DA:96,6
DA:97,6
DA:98,6
DA:100,2
DA:101,2
DA:102,4
DA:103,2
DA:105,4
DA:106,4
DA:107,4
DA:109,0
DA:111,2
DA:118,4
DA:119,4
DA:120,8
DA:124,10
DA:125,2
DA:128,2
DA:136,4
DA:137,16
DA:138,6
DA:142,5
DA:143,1
DA:145,1
DA:150,3
DA:151,12
LF:55
LH:54
end_of_record
SF:lib/features/stats/presentation/settings_cubit.dart
DA:30,11
DA:40,11
DA:43,44
DA:54,2
DA:56,4
DA:57,6
DA:58,6
DA:67,2
DA:68,4
DA:69,6
DA:74,2
DA:75,4
DA:76,6
DA:80,2
DA:81,6
DA:84,1
DA:85,3
DA:88,1
DA:89,3
DA:99,7
DA:100,21
DA:103,2
DA:104,6
DA:106,10
DA:107,10
DA:108,11
DA:109,20
LF:27
LH:27
end_of_record
SF:lib/features/stats/presentation/vehicle_picker.dart
DA:41,7
DA:43,13
DA:44,4
DA:52,7
DA:53,7
DA:58,7
DA:60,7
DA:62,4
DA:73,7
DA:85,7
DA:87,7
DA:88,4
DA:90,3
DA:91,3
DA:92,9
DA:93,3
DA:94,6
DA:95,3
DA:103,7
DA:105,7
DA:107,7
DA:109,7
DA:111,7
DA:113,7
DA:115,7
DA:122,6
DA:124,6
DA:126,6
DA:128,6
DA:130,6
DA:132,6
DA:134,6
DA:147,4
DA:159,4
DA:161,4
DA:164,4
DA:167,4
DA:168,4
DA:169,4
DA:171,8
DA:172,9
DA:184,4
DA:194,4
DA:196,8
DA:197,4
DA:198,8
DA:200,4
DA:201,4
DA:202,8
DA:203,4
DA:204,16
DA:205,4
DA:206,4
DA:207,4
DA:211,4
DA:212,4
DA:213,4
DA:214,4
DA:215,4
DA:216,4
DA:219,12
DA:220,4
DA:223,4
DA:225,4
DA:227,4
DA:230,4
DA:231,4
DA:232,8
DA:234,4
DA:235,4
DA:236,4
LF:71
LH:71
end_of_record
SF:lib/features/journey/domain/activity_segment.dart
DA:57,15
DA:85,10
DA:86,10
DA:87,10
DA:89,20
DA:90,10
DA:91,10
DA:98,1
DA:99,6
DA:103,8
DA:104,4
DA:105,4
DA:106,8
DA:107,8
DA:108,8
DA:115,4
DA:116,4
DA:117,8
DA:118,8
DA:119,12
DA:120,8
DA:121,8
DA:125,4
DA:126,4
DA:127,4
DA:129,2
DA:132,4
DA:133,4
DA:136,0
DA:139,4
DA:140,8
DA:141,8
DA:148,4
DA:149,8
DA:150,8
DA:157,3
DA:158,3
DA:159,3
DA:160,3
DA:161,3
DA:162,3
DA:163,3
LF:42
LH:41
end_of_record
SF:lib/features/journey/domain/journey_progress.dart
DA:24,10
DA:33,40
DA:68,8
DA:69,16
DA:70,16
DA:71,16
DA:75,8
DA:76,4
DA:77,8
DA:78,8
DA:79,8
DA:80,8
DA:81,8
DA:82,4
DA:83,18
DA:91,4
DA:92,4
DA:93,8
DA:94,4
DA:95,8
DA:97,4
DA:98,8
DA:100,4
DA:101,8
DA:103,8
DA:104,8
DA:105,8
DA:106,8
DA:114,4
DA:118,4
DA:122,7
DA:123,3
DA:126,3
DA:128,4
DA:131,4
DA:132,4
DA:133,4
DA:135,4
DA:138,4
DA:139,4
DA:142,2
DA:145,4
DA:146,8
DA:147,8
DA:154,4
DA:155,8
DA:156,8
DA:167,4
DA:168,4
DA:169,1
DA:171,4
DA:172,8
DA:173,0
DA:175,8
DA:176,8
DA:177,8
DA:179,2
DA:181,16
DA:182,1
DA:184,4
DA:187,2
DA:188,2
DA:189,2
DA:190,2
DA:191,2
DA:192,2
DA:193,2
DA:194,2
DA:195,2
DA:196,2
LF:70
LH:69
end_of_record
SF:lib/features/route/domain/geo_polyline.dart
DA:15,9
DA:21,20
DA:23,5
DA:24,10
LF:4
LH:4
end_of_record
SF:lib/features/route/domain/idle_trace_mapper.dart
DA:25,4
DA:34,2
DA:35,6
DA:75,5
DA:80,5
DA:81,5
DA:82,9
DA:83,8
DA:88,8
DA:89,8
DA:93,4
DA:94,4
DA:95,4
DA:98,4
DA:99,4
DA:102,12
DA:104,5
LF:17
LH:17
end_of_record
SF:lib/features/route/domain/route_polyline_projector.dart
DA:59,6
DA:63,6
DA:64,6
DA:65,6
DA:69,12
DA:71,12
DA:75,12
DA:76,6
DA:77,12
DA:79,12
DA:80,18
DA:97,18
DA:102,5
DA:103,10
DA:106,15
DA:115,6
DA:116,6
DA:117,24
DA:118,10
DA:120,12
DA:121,10
DA:123,6
DA:124,12
DA:125,18
DA:126,6
DA:127,18
DA:128,36
DA:144,5
DA:145,10
DA:146,10
DA:147,10
DA:150,10
DA:157,20
DA:158,10
DA:159,20
DA:160,6
DA:163,10
DA:164,10
DA:169,6
DA:170,6
DA:173,6
DA:176,12
DA:177,1
DA:186,6
DA:187,30
DA:188,18
DA:201,2
DA:206,2
DA:207,2
LF:49
LH:49
end_of_record
SF:lib/features/route/domain/route_position.dart
DA:18,12
DA:81,0
DA:83,9
DA:84,9
DA:85,9
DA:86,9
DA:87,9
DA:88,9
DA:89,9
DA:90,9
DA:91,9
DA:92,9
DA:93,9
DA:94,9
DA:95,9
LF:15
LH:14
end_of_record
SF:lib/features/route/domain/route_progress_resolver.dart
DA:46,12
DA:51,12
DA:52,12
DA:60,12
DA:61,12
DA:70,12
DA:74,12
DA:76,12
DA:79,12
DA:82,12
DA:83,12
DA:86,12
DA:100,12
DA:101,12
DA:104,24
DA:105,12
DA:106,12
DA:108,11
DA:120,24
DA:127,24
DA:129,48
DA:131,12
DA:133,24
DA:135,12
DA:136,12
DA:141,12
DA:146,12
LF:27
LH:27
end_of_record
SF:lib/features/route/presentation/map_view_state.dart
DA:31,4
DA:42,0
DA:77,8
DA:80,9
DA:84,6
DA:86,3
DA:87,3
DA:88,3
DA:89,3
DA:90,3
DA:91,3
DA:92,3
DA:93,3
DA:94,3
LF:14
LH:13
end_of_record
SF:lib/features/activity/domain/activity_plugin_exception.dart
DA:32,2
DA:35,1
DA:36,1
DA:43,0
DA:44,0
DA:47,0
DA:48,0
DA:60,1
DA:62,3
DA:63,3
LF:10
LH:6
end_of_record
SF:lib/features/journey/domain/journey_engine.dart
DA:106,9
DA:119,7
DA:121,9
DA:122,18
DA:123,1
DA:124,1
DA:129,27
DA:130,1
DA:131,1
DA:136,27
DA:137,1
DA:138,1
DA:143,36
DA:216,18
DA:219,16
DA:223,14
DA:226,18
DA:229,16
DA:232,4
DA:238,1
DA:239,2
DA:247,2
DA:264,9
DA:272,27
DA:278,9
DA:282,9
DA:288,18
DA:291,18
DA:292,18
DA:293,9
DA:300,9
DA:305,18
DA:306,6
DA:307,3
DA:310,3
DA:317,19
DA:318,18
DA:319,18
DA:320,18
DA:322,18
DA:323,18
DA:325,18
DA:327,9
DA:332,9
DA:333,9
DA:343,9
DA:344,9
DA:345,9
DA:372,9
DA:378,36
DA:379,9
DA:380,9
DA:394,9
DA:400,9
DA:401,9
DA:403,18
DA:404,18
DA:405,36
DA:406,54
DA:416,18
DA:417,18
DA:418,24
DA:419,18
DA:420,9
DA:433,9
DA:434,9
DA:437,18
DA:438,18
DA:451,1
DA:452,2
DA:453,2
DA:454,1
DA:461,4
DA:462,2
DA:463,2
DA:464,2
DA:465,2
DA:466,2
DA:467,2
DA:468,2
DA:469,4
DA:473,2
DA:474,4
DA:483,2
DA:484,6
DA:485,4
DA:486,4
DA:487,2
DA:488,2
DA:489,2
DA:491,4
DA:492,4
DA:497,2
DA:498,2
DA:499,2
DA:500,2
DA:506,4
DA:507,4
DA:508,4
DA:509,4
DA:510,6
DA:516,2
DA:517,2
DA:519,2
DA:540,9
DA:541,9
DA:542,18
DA:543,2
DA:544,2
DA:545,2
DA:546,2
DA:547,6
DA:548,2
DA:553,9
DA:554,36
LF:115
LH:115
end_of_record
SF:lib/features/journey/presentation/game/cockpit_painter.dart
DA:75,28
DA:117,5
DA:118,10
DA:119,15
DA:138,7
DA:147,13
DA:148,7
DA:152,5
DA:153,10
DA:154,10
DA:155,5
DA:156,5
DA:157,15
DA:162,10
DA:165,7
DA:166,5
DA:173,6
DA:174,6
DA:181,3
DA:182,3
DA:183,3
DA:184,3
DA:188,5
DA:197,5
DA:204,5
DA:205,5
DA:206,5
DA:207,5
DA:221,5
DA:222,5
DA:223,5
DA:229,10
DA:230,5
DA:231,10
DA:232,15
DA:233,15
DA:234,15
DA:235,10
DA:236,10
DA:237,15
DA:238,10
DA:239,15
DA:240,20
DA:241,20
DA:242,10
DA:243,10
DA:244,15
DA:250,10
DA:251,10
DA:252,20
DA:255,10
DA:256,5
DA:257,10
DA:258,5
DA:259,10
DA:261,10
DA:262,5
DA:263,10
DA:265,10
DA:267,10
DA:268,10
DA:269,10
DA:270,15
DA:273,5
DA:274,5
DA:275,10
DA:276,15
DA:279,5
DA:281,0
DA:287,5
DA:288,10
DA:289,5
DA:291,10
DA:294,5
DA:296,5
DA:298,10
DA:299,5
DA:301,5
DA:310,5
DA:311,25
DA:312,5
DA:314,4
DA:315,4
DA:318,4
DA:321,2
DA:325,2
DA:327,2
DA:328,2
DA:329,4
DA:330,4
DA:332,4
DA:333,6
DA:335,2
DA:336,2
DA:337,4
DA:338,2
DA:340,14
DA:341,2
DA:343,2
DA:345,14
DA:346,2
DA:348,14
DA:350,4
DA:351,6
DA:359,6
DA:366,6
DA:367,6
DA:368,6
DA:369,6
DA:382,6
DA:383,8
DA:384,4
DA:385,4
DA:386,4
DA:387,12
DA:388,4
DA:389,4
DA:391,4
DA:397,6
DA:398,12
DA:399,6
DA:400,12
DA:403,6
DA:405,6
DA:407,0
DA:409,12
DA:410,12
DA:411,18
DA:412,42
DA:413,12
DA:414,6
DA:415,24
DA:416,6
DA:417,24
DA:419,18
DA:420,12
DA:421,18
DA:423,6
DA:424,6
DA:425,18
DA:426,6
DA:427,36
DA:428,12
DA:429,6
DA:434,12
DA:435,6
DA:437,0
DA:440,0
DA:443,6
DA:448,6
DA:449,6
DA:451,24
DA:454,6
DA:458,6
DA:460,6
DA:461,6
DA:462,12
DA:463,12
DA:464,30
DA:465,12
DA:466,6
DA:467,12
DA:468,6
DA:469,12
DA:471,18
DA:473,6
DA:474,6
DA:475,12
DA:476,6
DA:477,24
DA:478,24
DA:479,6
DA:481,6
DA:482,24
DA:483,24
DA:484,6
DA:493,7
DA:501,6
DA:502,6
DA:505,6
DA:509,4
DA:510,4
DA:511,4
DA:512,6
DA:515,2
DA:516,2
DA:517,4
DA:518,4
DA:520,4
DA:521,2
DA:522,2
DA:523,2
DA:524,18
DA:525,18
DA:526,2
DA:534,7
DA:535,7
DA:536,14
DA:537,7
DA:539,7
DA:540,35
DA:541,35
DA:543,7
DA:546,14
DA:547,21
DA:556,6
DA:557,12
DA:558,12
DA:559,24
DA:560,12
DA:561,6
DA:562,6
DA:564,18
DA:570,7
DA:573,7
DA:574,7
DA:575,7
DA:576,14
DA:577,0
DA:579,14
DA:580,7
DA:581,21
DA:582,42
DA:583,14
DA:586,21
LF:225
LH:220
end_of_record
SF:lib/features/journey/presentation/game/day_night_tint.dart
DA:16,7
DA:17,7
DA:19,7
DA:24,7
DA:25,7
DA:30,6
DA:31,6
DA:32,6
DA:35,6
DA:40,7
DA:42,14
DA:45,3
DA:46,0
DA:48,3
DA:49,0
DA:55,7
DA:56,14
DA:59,7
DA:60,7
LF:19
LH:17
end_of_record
SF:lib/features/journey/presentation/game/journey_skins.dart
DA:17,3
DA:89,32
LF:2
LH:2
end_of_record
SF:lib/features/journey/presentation/game/journey_sprites.dart
DA:44,18
DA:48,0
DA:59,15
DA:62,15
DA:65,18
DA:68,18
DA:72,12
DA:75,12
DA:79,12
DA:82,12
DA:85,12
DA:88,12
DA:93,12
DA:98,12
DA:101,12
DA:104,12
DA:107,12
DA:110,12
DA:119,18
DA:120,18
DA:121,36
DA:122,18
DA:123,18
DA:127,18
DA:128,18
DA:136,18
DA:138,18
DA:139,18
DA:141,18
DA:143,36
DA:144,36
DA:145,72
DA:154,18
DA:156,36
DA:157,36
DA:158,36
DA:162,0
DA:166,6
DA:168,6
DA:170,6
DA:172,6
DA:174,6
DA:176,6
DA:178,6
DA:180,6
DA:182,6
DA:184,6
DA:186,6
DA:188,6
DA:190,6
DA:192,6
DA:194,6
DA:196,6
DA:198,6
DA:200,6
DA:202,5
DA:204,5
DA:206,4
DA:208,4
LF:59
LH:57
end_of_record
SF:lib/features/journey/presentation/game/road_geometry.dart
DA:45,24
DA:46,48
DA:47,48
DA:121,10
DA:123,10
DA:125,10
DA:139,16
DA:145,16
DA:148,16
DA:149,32
DA:150,80
DA:158,17
DA:159,17
DA:162,34
DA:163,51
DA:168,17
DA:169,17
DA:170,51
DA:173,17
DA:174,68
DA:175,34
DA:179,17
DA:180,68
LF:23
LH:23
end_of_record
SF:lib/features/journey/presentation/game/road_painter.dart
DA:30,27
DA:67,2
DA:68,4
DA:71,18
DA:80,9
DA:81,9
DA:82,18
DA:84,45
DA:90,15
DA:93,45
DA:104,30
DA:107,6
DA:108,6
DA:109,12
DA:110,24
DA:112,18
DA:113,6
DA:114,24
DA:115,6
DA:133,6
DA:144,6
DA:148,6
DA:149,6
DA:150,6
DA:157,6
DA:161,6
DA:162,1
DA:169,1
DA:170,1
DA:177,6
DA:179,6
DA:183,6
DA:185,6
DA:189,6
DA:194,24
DA:195,6
DA:196,6
DA:200,6
DA:204,24
DA:205,6
DA:206,6
DA:215,6
DA:216,6
DA:217,12
DA:220,1
DA:221,0
DA:223,1
DA:224,0
DA:233,6
DA:238,6
DA:241,7
DA:242,1
DA:244,6
DA:245,6
DA:248,12
DA:249,6
DA:254,6
DA:263,24
DA:266,36
DA:267,6
DA:269,36
DA:271,12
DA:272,6
DA:273,12
DA:274,12
DA:278,6
DA:281,12
DA:282,12
DA:284,24
DA:285,12
DA:291,6
DA:299,12
DA:300,12
DA:301,6
DA:304,12
DA:305,6
DA:310,6
DA:311,12
DA:312,6
DA:313,18
DA:314,6
DA:315,12
DA:320,6
DA:321,12
DA:324,6
DA:325,6
DA:342,6
DA:343,6
DA:346,12
DA:370,6
DA:382,6
DA:383,6
DA:384,6
DA:388,1
DA:392,1
DA:393,3
DA:394,2
DA:402,6
DA:406,6
DA:407,18
DA:408,12
DA:413,6
DA:417,6
DA:418,18
DA:419,12
DA:426,6
DA:430,6
DA:431,18
DA:432,12
DA:436,6
DA:441,24
DA:442,18
DA:443,12
DA:447,6
DA:451,24
DA:452,18
DA:453,12
DA:458,6
DA:462,6
DA:463,18
DA:464,12
DA:469,6
DA:478,12
DA:479,12
DA:480,6
DA:483,12
DA:484,6
DA:488,12
DA:489,6
DA:491,18
DA:492,6
DA:493,12
DA:506,6
DA:507,6
DA:508,12
DA:509,12
DA:510,12
DA:511,6
DA:519,12
DA:521,12
DA:522,6
DA:523,18
DA:524,18
DA:525,12
DA:526,6
DA:527,18
DA:529,18
DA:533,12
DA:534,6
DA:535,18
DA:536,18
DA:537,12
DA:538,18
DA:540,12
DA:541,12
DA:542,18
DA:545,6
DA:546,6
DA:547,6
DA:548,18
DA:550,6
DA:555,6
DA:563,12
DA:566,12
DA:567,12
DA:569,12
DA:570,6
DA:571,12
DA:572,18
DA:574,18
DA:575,18
DA:576,6
DA:577,6
DA:580,12
DA:581,12
DA:582,12
DA:583,18
DA:584,18
DA:585,18
DA:586,18
DA:587,12
DA:588,18
DA:592,6
DA:594,12
DA:600,6
DA:607,6
DA:608,12
DA:609,6
DA:610,12
DA:611,12
DA:616,12
DA:617,12
DA:618,6
DA:621,12
DA:622,12
DA:625,6
DA:630,12
DA:641,6
DA:653,6
DA:654,18
DA:655,18
DA:658,12
DA:660,30
DA:661,36
DA:663,12
DA:664,6
DA:665,6
DA:666,24
DA:669,6
DA:672,0
DA:673,0
DA:674,0
DA:675,0
DA:682,6
DA:683,12
DA:684,18
DA:687,24
DA:689,6
DA:692,0
DA:693,0
DA:694,0
DA:695,0
DA:697,0
DA:698,0
DA:699,0
DA:700,0
DA:702,0
DA:704,0
DA:705,0
DA:707,0
DA:713,6
DA:714,12
DA:717,2
DA:718,5
DA:727,6
DA:728,12
DA:729,12
DA:730,22
DA:731,12
DA:732,6
DA:733,6
DA:735,18
DA:738,6
DA:740,36
DA:741,6
DA:742,6
LF:246
LH:228
end_of_record
SF:lib/features/journey/presentation/game/scene_motion.dart
DA:49,23
DA:50,46
DA:51,46
DA:68,34
DA:72,32
DA:76,18
DA:79,16
DA:80,32
DA:83,16
DA:90,42
DA:95,42
DA:101,16
DA:102,16
DA:105,16
DA:106,32
DA:108,64
DA:109,32
DA:110,32
DA:111,15
DA:113,64
DA:116,48
DA:117,5
DA:120,64
DA:126,0
DA:127,0
DA:128,0
DA:129,0
DA:130,0
LF:28
LH:23
end_of_record
SF:lib/features/journey/presentation/game/side_object_pool.dart
DA:170,23
DA:177,0
DA:178,23
DA:180,46
DA:183,46
DA:184,46
DA:190,69
DA:192,0
DA:203,23
DA:204,23
DA:206,23
DA:239,16
DA:242,0
DA:247,0
DA:252,2
DA:256,6
DA:258,12
DA:259,6
DA:260,5
DA:281,16
DA:282,16
DA:285,16
DA:290,48
DA:291,32
DA:292,48
DA:293,32
DA:294,48
DA:296,32
DA:297,32
DA:298,16
DA:301,64
DA:302,32
DA:303,11
DA:308,48
DA:309,32
DA:310,48
DA:317,16
DA:318,16
DA:322,32
DA:323,16
DA:324,16
DA:325,64
DA:326,80
DA:327,80
DA:328,16
DA:329,64
DA:330,16
DA:333,16
DA:334,32
DA:335,16
DA:343,0
DA:344,0
DA:345,0
DA:347,0
DA:348,0
DA:349,0
DA:350,0
DA:351,0
LF:58
LH:46
end_of_record
SF:lib/features/journey/presentation/journey_overlays.dart
DA:28,3
DA:33,3
DA:35,3
DA:37,3
DA:40,3
DA:41,3
DA:42,6
DA:43,6
DA:45,3
DA:48,3
DA:49,9
DA:51,3
DA:54,3
DA:56,6
DA:72,9
DA:84,9
DA:86,27
DA:87,9
DA:88,9
DA:90,9
DA:91,27
DA:92,9
DA:93,9
DA:94,18
DA:95,18
DA:97,9
DA:98,9
DA:99,27
DA:101,9
DA:102,9
DA:103,9
DA:105,9
DA:107,18
DA:127,2
DA:139,2
DA:141,2
DA:142,2
DA:143,2
DA:144,2
DA:146,2
DA:147,6
DA:148,2
DA:149,2
DA:150,4
DA:151,4
DA:153,2
DA:154,2
DA:155,6
DA:157,2
DA:158,2
DA:159,2
DA:161,2
DA:162,6
DA:163,6
DA:164,2
DA:166,2
DA:168,4
LF:57
LH:57
end_of_record
SF:lib/features/window_visibility/domain/surface_visibility.dart
DA:33,3
DA:36,1
DA:37,1
DA:40,0
DA:41,0
DA:56,0
DA:57,0
DA:58,0
DA:59,0
DA:63,1
DA:65,1
DA:66,3
DA:67,3
DA:69,1
DA:70,3
DA:72,1
DA:73,4
LF:17
LH:11
end_of_record
SF:lib/features/window_visibility/domain/window_visibility_controller.dart
DA:45,0
LF:1
LH:0
end_of_record
SF:lib/features/mini_window/presentation/hide_to_tray_hint.dart
DA:19,0
DA:24,0
DA:26,0
DA:27,0
DA:29,0
DA:31,0
DA:32,0
DA:33,0
DA:34,0
DA:36,0
DA:38,0
DA:41,0
DA:42,0
DA:51,0
LF:14
LH:0
end_of_record
SF:lib/features/mini_window/presentation/journey_tray_mapper.dart
DA:14,2
DA:15,4
DA:22,2
DA:23,4
DA:26,6
LF:5
LH:5
end_of_record
SF:lib/features/window_visibility/data/mock_window_visibility_controller.dart
DA:18,2
DA:22,6
DA:26,6
DA:42,2
DA:44,2
DA:46,4
DA:47,2
DA:50,2
DA:52,4
DA:55,2
DA:56,4
DA:58,2
DA:59,4
DA:64,2
DA:65,4
DA:66,4
DA:67,2
DA:68,4
DA:69,4
DA:70,4
DA:74,2
DA:76,4
DA:77,4
DA:78,4
LF:24
LH:24
end_of_record
SF:lib/features/route/presentation/route_planner_flow.dart
DA:32,3
DA:61,3
DA:62,3
DA:71,1
DA:77,2
DA:78,1
DA:79,1
DA:80,1
DA:81,1
DA:85,1
DA:86,3
DA:89,3
DA:91,3
DA:93,3
DA:94,6
DA:95,6
DA:96,6
DA:97,1
DA:105,1
DA:107,2
DA:108,2
DA:114,1
DA:115,2
DA:116,2
DA:117,1
DA:118,1
DA:119,1
DA:121,2
DA:123,1
DA:126,2
DA:136,1
DA:143,1
DA:145,2
DA:151,1
DA:152,1
DA:154,3
DA:157,1
DA:159,3
LF:38
LH:38
end_of_record
SF:lib/features/route/presentation/route_picker.dart
DA:32,3
DA:56,3
DA:57,3
DA:65,3
DA:67,3
DA:68,9
DA:69,6
DA:71,6
DA:76,15
DA:78,1
DA:80,2
DA:81,1
DA:83,5
DA:84,0
DA:85,0
DA:86,0
DA:91,2
DA:95,1
DA:96,4
DA:97,2
DA:98,1
DA:99,2
DA:103,0
DA:104,0
DA:106,0
DA:108,0
DA:113,1
DA:114,1
DA:115,3
DA:116,3
DA:119,1
DA:120,2
DA:121,2
DA:122,1
DA:123,1
DA:127,3
DA:130,3
DA:132,3
DA:134,3
DA:135,9
DA:136,27
DA:138,3
DA:140,3
DA:143,3
DA:144,3
DA:146,9
DA:149,9
DA:150,3
DA:152,3
DA:154,3
DA:156,3
DA:157,9
DA:158,3
DA:160,6
DA:163,3
DA:167,9
DA:168,3
DA:170,3
DA:172,3
DA:174,3
DA:175,9
DA:176,3
DA:179,3
DA:180,3
DA:181,3
DA:182,3
DA:183,6
DA:187,3
DA:191,3
DA:193,6
DA:196,3
DA:200,6
DA:204,3
DA:206,3
DA:207,3
DA:209,3
DA:210,3
DA:211,3
DA:212,9
DA:214,6
DA:215,9
DA:216,0
DA:223,3
DA:224,3
DA:225,6
DA:226,3
DA:227,3
DA:229,6
DA:233,9
DA:234,3
DA:235,3
DA:237,3
LF:92
LH:84
end_of_record
SF:lib/features/route/presentation/route_progress_cubit.dart
DA:57,7
DA:66,7
DA:67,1
DA:72,1
DA:73,1
DA:75,2
DA:76,2
DA:100,21
DA:104,6
DA:105,6
DA:106,6
DA:116,3
DA:120,3
DA:122,0
DA:124,3
DA:125,3
DA:126,3
DA:127,6
DA:128,3
DA:129,6
DA:162,2
DA:171,2
DA:177,2
DA:178,4
DA:182,6
DA:189,3
DA:194,3
DA:196,1
DA:198,3
DA:202,3
DA:205,3
DA:206,3
DA:207,3
DA:208,3
DA:209,6
DA:214,1
DA:215,1
DA:221,2
DA:222,1
DA:223,1
DA:224,2
DA:229,7
DA:230,7
DA:232,4
DA:233,4
DA:238,4
DA:243,7
DA:245,21
DA:246,7
DA:257,14
DA:261,7
DA:262,4
DA:266,7
DA:267,7
DA:269,11
DA:272,7
DA:281,4
DA:286,4
DA:289,1
DA:290,1
DA:293,1
DA:294,2
DA:295,1
DA:296,1
DA:297,1
DA:298,2
DA:301,1
DA:304,2
DA:307,1
DA:308,1
DA:310,2
DA:313,1
DA:319,3
DA:320,3
DA:321,3
DA:322,3
DA:323,3
DA:328,3
DA:331,6
DA:334,2
DA:335,2
DA:340,2
DA:348,7
DA:349,7
DA:353,8
DA:354,4
DA:357,8
DA:358,8
DA:359,8
LF:89
LH:88
end_of_record
SF:lib/features/route/presentation/route_review_screen.dart
DA:42,2
DA:88,2
DA:89,2
DA:103,2
DA:105,2
DA:106,6
DA:108,2
DA:109,6
DA:110,6
DA:111,5
DA:115,1
DA:116,2
DA:117,3
DA:118,1
DA:122,0
DA:123,0
DA:124,0
DA:125,0
DA:131,1
DA:132,2
DA:133,2
DA:134,2
DA:135,2
DA:136,2
DA:137,2
DA:138,1
DA:142,2
DA:144,2
DA:145,4
DA:146,4
DA:148,2
DA:149,6
DA:150,7
DA:152,2
DA:154,2
DA:157,2
DA:158,2
DA:160,6
DA:163,2
DA:164,4
DA:165,2
DA:166,2
DA:167,6
DA:168,4
DA:169,6
DA:175,2
DA:177,2
DA:178,2
DA:180,2
DA:181,2
DA:182,2
DA:184,6
DA:185,2
DA:187,3
DA:189,1
DA:191,1
DA:193,2
DA:196,1
DA:197,1
DA:199,0
DA:210,5
DA:212,1
DA:214,1
DA:216,2
DA:220,2
DA:222,2
DA:223,2
DA:224,2
DA:225,2
DA:226,2
DA:228,4
DA:233,2
DA:234,2
DA:238,5
DA:253,2
DA:263,2
DA:265,2
DA:267,8
DA:269,6
DA:270,2
DA:271,2
DA:272,8
DA:273,6
DA:275,2
DA:277,2
DA:287,1
DA:292,1
DA:294,1
DA:296,4
DA:298,1
DA:299,2
DA:302,1
LF:92
LH:87
end_of_record
SF:lib/features/route/presentation/route_view_state.dart
DA:33,8
DA:42,2
DA:70,0
DA:73,9
DA:75,7
DA:76,7
DA:77,7
DA:78,7
DA:79,7
DA:80,7
DA:81,7
LF:11
LH:10
end_of_record
SF:lib/features/route/presentation/start_picker.dart
DA:25,1
DA:45,1
DA:46,1
DA:53,1
DA:55,1
DA:56,3
DA:57,3
DA:58,1
DA:63,1
DA:64,1
DA:65,4
DA:66,1
DA:70,1
DA:71,4
DA:73,1
DA:75,3
DA:76,1
DA:78,1
DA:81,1
DA:82,1
DA:84,3
DA:87,1
DA:89,1
DA:91,1
DA:92,3
DA:93,1
DA:95,2
DA:98,1
DA:100,2
DA:101,1
DA:102,1
DA:107,4
DA:108,1
DA:109,1
DA:110,0
DA:111,1
DA:113,1
DA:114,1
DA:116,5
DA:118,1
DA:120,1
DA:122,5
DA:124,1
DA:130,1
DA:133,6
DA:147,1
DA:158,1
DA:160,1
DA:161,5
DA:162,1
DA:165,1
LF:51
LH:50
end_of_record
SF:lib/features/route/presentation/base_map_layer.dart
DA:42,6
DA:43,3
DA:54,3
DA:59,9
DA:60,3
DA:64,6
DA:67,3
DA:71,3
DA:72,3
DA:75,3
DA:76,3
DA:77,3
DA:78,3
DA:84,3
DA:85,3
DA:86,3
DA:87,3
DA:95,3
DA:98,3
DA:100,3
DA:102,6
LF:21
LH:21
end_of_record
SF:lib/features/route/presentation/map_cubit.dart
DA:43,3
DA:47,3
DA:49,1
DA:50,1
DA:72,3
DA:73,6
DA:74,3
DA:79,3
DA:80,3
DA:83,5
DA:87,10
DA:88,4
DA:89,4
DA:90,1
DA:91,3
DA:93,3
DA:94,3
DA:95,6
DA:96,6
DA:97,3
DA:102,3
DA:103,3
DA:104,3
DA:106,1
DA:113,6
DA:115,3
DA:120,6
DA:126,3
DA:127,3
DA:128,3
DA:132,3
DA:133,3
DA:136,3
DA:137,6
DA:138,3
LF:35
LH:35
end_of_record
SF:lib/features/route/presentation/map_surface.dart
DA:43,1
DA:59,1
DA:61,1
DA:65,1
DA:66,1
DA:68,1
DA:69,1
DA:70,1
DA:71,0
DA:72,0
DA:80,1
DA:81,2
DA:83,1
DA:84,1
DA:85,1
DA:87,1
DA:89,1
DA:92,1
DA:93,2
DA:108,1
DA:114,1
DA:115,1
DA:124,1
DA:125,1
DA:128,2
DA:129,1
DA:130,2
DA:131,1
DA:132,1
DA:133,1
DA:135,0
DA:137,1
DA:152,1
DA:168,1
DA:170,1
DA:171,1
DA:173,1
DA:175,1
DA:176,1
DA:177,1
DA:178,1
DA:179,2
DA:184,1
DA:186,1
DA:187,1
DA:190,1
DA:191,1
DA:192,0
DA:193,0
DA:194,0
DA:195,0
DA:196,0
DA:197,0
DA:198,0
DA:199,0
DA:200,0
DA:201,0
DA:205,0
DA:212,1
DA:214,1
DA:215,2
DA:219,1
DA:220,1
DA:221,1
DA:222,1
DA:226,1
DA:230,1
DA:231,1
DA:232,0
DA:234,1
DA:235,1
DA:236,1
DA:237,1
DA:240,0
DA:241,0
DA:243,1
DA:244,3
DA:262,0
DA:266,0
DA:268,0
DA:270,0
DA:276,0
DA:282,0
DA:283,0
DA:285,0
DA:287,0
DA:288,0
DA:289,0
DA:290,0
DA:291,0
DA:292,0
DA:294,0
DA:296,0
DA:298,0
DA:300,0
DA:301,0
DA:314,1
DA:318,1
DA:320,1
DA:321,1
DA:324,1
DA:326,1
DA:327,1
DA:329,1
DA:331,1
DA:333,1
DA:354,0
DA:359,0
DA:361,0
DA:362,0
DA:363,0
DA:364,0
DA:373,1
DA:377,1
DA:379,1
DA:380,1
DA:382,1
DA:384,1
DA:385,1
DA:387,1
DA:391,1
DA:409,1
DA:418,1
DA:420,2
DA:421,3
DA:424,6
DA:426,4
DA:430,1
DA:431,3
DA:432,1
DA:433,0
DA:434,1
DA:435,1
DA:437,1
DA:439,1
DA:441,1
DA:444,1
DA:445,1
DA:446,1
DA:448,1
DA:451,1
DA:452,1
DA:454,1
DA:464,1
DA:466,1
DA:475,1
DA:477,1
DA:504,3
DA:506,1
DA:508,1
DA:509,1
DA:511,1
DA:513,1
DA:516,1
DA:517,1
DA:518,1
DA:520,1
DA:564,3
DA:569,1
DA:571,1
DA:573,1
DA:575,1
DA:576,3
DA:578,1
DA:579,1
DA:590,3
DA:594,1
DA:596,1
DA:599,1
DA:600,1
DA:602,1
DA:611,3
DA:616,1
DA:618,1
DA:621,1
DA:622,3
DA:629,1
DA:634,1
DA:636,1
DA:637,2
DA:638,1
DA:639,1
DA:640,2
DA:641,1
DA:642,4
DA:648,2
DA:649,3
DA:650,3
DA:651,2
DA:655,0
DA:657,0
DA:672,1
DA:677,1
DA:679,1
DA:680,1
DA:685,1
DA:687,1
DA:692,1
DA:696,1
DA:698,1
DA:700,1
DA:701,1
DA:704,1
DA:705,1
DA:706,1
DA:707,1
DA:711,1
DA:726,3
DA:728,1
DA:730,1
DA:732,1
DA:734,1
DA:736,1
DA:737,1
DA:738,1
DA:756,1
DA:766,1
DA:768,1
DA:769,1
DA:770,1
DA:772,1
DA:775,1
DA:776,1
DA:777,1
DA:778,1
DA:779,1
DA:783,0
DA:787,1
DA:805,3
DA:814,2
DA:816,2
DA:817,2
DA:823,0
DA:825,0
DA:826,0
DA:827,0
DA:829,0
DA:830,0
DA:842,1
DA:854,1
DA:856,6
DA:857,3
DA:858,1
DA:859,3
DA:860,1
DA:861,0
DA:862,1
DA:864,1
DA:867,1
DA:868,1
DA:869,1
DA:871,1
DA:873,1
DA:874,1
DA:876,1
DA:877,4
DA:887,1
DA:888,1
DA:892,1
DA:893,1
DA:898,1
DA:900,1
LF:262
LH:209
end_of_record
SF:lib/features/route/presentation/map_view.dart
DA:68,2
DA:91,2
DA:93,8
DA:94,2
DA:95,2
DA:96,2
DA:99,4
DA:100,2
DA:102,4
DA:105,2
DA:106,2
DA:114,2
DA:117,4
DA:118,2
DA:119,2
DA:120,2
DA:123,4
DA:129,2
DA:133,2
DA:134,2
DA:135,2
DA:136,4
DA:137,2
DA:150,2
DA:151,6
DA:154,1
DA:155,1
DA:160,1
DA:161,1
DA:162,2
DA:163,4
DA:164,1
DA:165,3
DA:168,2
DA:169,1
DA:186,2
DA:187,4
DA:188,2
DA:189,2
DA:190,6
DA:191,2
DA:192,4
DA:203,8
DA:205,10
DA:206,2
DA:207,10
DA:210,0
DA:212,4
DA:213,2
DA:214,6
DA:217,2
DA:223,2
DA:231,2
DA:238,3
DA:240,2
DA:242,2
DA:243,2
DA:246,2
DA:259,2
DA:263,2
DA:265,2
DA:266,4
DA:270,4
DA:271,2
DA:273,2
DA:277,2
DA:278,2
DA:279,2
DA:280,2
DA:281,2
DA:283,2
DA:285,2
DA:286,2
DA:310,3
DA:312,2
DA:314,2
DA:315,2
DA:317,2
DA:319,2
DA:321,2
DA:322,2
DA:323,2
DA:324,2
DA:344,3
DA:346,2
DA:348,2
DA:349,2
DA:352,2
LF:88
LH:87
end_of_record
SF:lib/features/route/presentation/lat_lng_mapper.dart
DA:13,3
DA:14,9
DA:17,6
DA:18,6
DA:22,0
DA:23,0
LF:6
LH:4
end_of_record
SF:lib/features/activity/data/mock_activity_source.dart
DA:16,11
DA:26,4
DA:29,4
DA:34,6
DA:38,6
DA:40,3
DA:42,3
DA:46,3
DA:49,3
DA:51,3
DA:55,3
LF:11
LH:11
end_of_record
SF:lib/features/activity/data/method_channel_activity_plugin.dart
DA:19,2
DA:36,2
DA:38,2
DA:41,2
DA:43,2
DA:50,2
DA:55,4
DA:56,2
DA:57,2
DA:59,1
DA:60,1
DA:63,2
DA:64,2
DA:65,4
DA:68,2
DA:78,2
DA:79,2
DA:80,2
DA:82,1
DA:84,2
DA:90,2
DA:91,2
DA:94,1
DA:96,2
LF:24
LH:24
end_of_record
SF:lib/features/reset/domain/launch_gate.dart
DA:32,3
DA:33,3
LF:2
LH:2
end_of_record
SF:lib/features/journey/data/shared_preferences_journey_repository.dart
DA:26,3
DA:33,1
DA:35,2
DA:46,1
DA:47,1
DA:50,1
DA:51,1
DA:53,0
DA:58,1
DA:60,4
DA:65,2
DA:68,2
DA:70,4
LF:13
LH:12
end_of_record
SF:lib/features/reset/data/reset_service_factory.dart
DA:38,1
DA:39,2
DA:40,1
DA:41,2
DA:42,1
DA:43,1
DA:44,1
DA:45,1
DA:46,1
LF:9
LH:9
end_of_record
SF:lib/features/reset/domain/local_data_reset_service.dart
DA:28,3
DA:35,1
DA:36,2
DA:41,3
DA:56,3
DA:57,3
DA:58,6
DA:60,3
DA:63,2
DA:66,3
DA:67,2
DA:79,2
DA:84,0
DA:85,0
DA:86,0
DA:87,0
LF:16
LH:12
end_of_record
SF:lib/features/stats/data/shared_preferences_earned_badges_repository.dart
DA:18,2
DA:26,0
DA:28,0
DA:33,0
DA:34,0
DA:37,0
DA:38,0
DA:40,0
DA:45,0
DA:47,0
DA:52,2
DA:55,2
DA:57,4
LF:13
LH:4
end_of_record
SF:lib/features/stats/data/shared_preferences_history_repository.dart
DA:23,2
DA:31,0
DA:33,0
DA:35,0
DA:38,0
DA:39,0
DA:40,0
DA:42,0
DA:43,0
DA:44,0
DA:48,0
DA:49,0
DA:52,0
DA:57,0
DA:58,0
DA:59,0
DA:60,0
DA:64,0
DA:66,0
DA:67,0
DA:69,0
DA:74,2
DA:77,2
DA:79,4
LF:24
LH:4
end_of_record
SF:lib/features/stats/data/shared_preferences_settings_repository.dart
DA:18,2
DA:26,0
DA:28,0
DA:35,0
DA:36,0
DA:39,0
DA:40,0
DA:42,0
DA:47,0
DA:49,0
DA:54,2
DA:57,2
DA:59,4
LF:13
LH:4
end_of_record
SF:lib/features/reset/presentation/launch_gate_cubit.dart
DA:20,2
DA:21,6
DA:24,2
DA:28,2
DA:29,2
DA:30,2
DA:37,1
DA:38,1
DA:39,1
LF:9
LH:9
end_of_record
SF:lib/features/reset/presentation/factory_reset_cubit.dart
DA:43,2
DA:50,2
DA:68,2
DA:69,2
DA:70,2
DA:74,4
DA:75,4
DA:86,4
DA:91,2
DA:92,2
LF:10
LH:10
end_of_record
SF:lib/features/reset/presentation/factory_reset_dialog.dart
DA:23,0
DA:25,2
DA:27,6
DA:28,2
DA:30,2
DA:31,2
DA:33,2
DA:36,1
DA:40,1
DA:41,1
DA:42,1
DA:44,1
DA:48,1
DA:55,2
DA:56,0
DA:68,1
DA:69,1
DA:73,1
DA:82,1
DA:84,1
DA:86,2
DA:87,1
DA:89,2
DA:94,1
DA:100,1
DA:103,1
DA:105,1
DA:106,1
DA:107,2
DA:109,3
DA:117,1
DA:120,3
LF:32
LH:30
end_of_record
SF:lib/features/reset/presentation/launch_prompt.dart
DA:33,1
DA:41,1
DA:43,2
DA:44,1
DA:46,1
DA:47,1
DA:49,1
DA:51,1
DA:54,1
DA:55,1
DA:57,1
DA:61,1
DA:63,1
DA:67,1
DA:70,3
DA:74,1
DA:77,1
DA:79,2
DA:93,1
DA:94,3
DA:107,1
DA:112,1
DA:113,1
DA:116,1
DA:117,1
DA:119,2
DA:121,1
DA:122,1
DA:123,1
DA:126,0
DA:129,0
DA:131,0
DA:132,0
DA:135,0
DA:136,1
LF:35
LH:30
end_of_record
SF:lib/features/journey/presentation/activity_ticker.dart
DA:59,1
DA:89,1
DA:92,2
DA:96,1
DA:97,1
DA:100,3
DA:101,4
DA:104,0
DA:121,1
DA:122,2
DA:123,1
DA:124,1
DA:125,1
DA:127,2
DA:134,3
DA:138,2
DA:139,3
DA:144,1
DA:148,1
DA:152,1
DA:153,2
DA:154,1
DA:158,1
DA:159,1
LF:24
LH:23
end_of_record
SF:lib/features/journey/presentation/journey_screen.dart
DA:46,3
DA:64,3
DA:65,3
DA:74,9
DA:76,3
DA:78,3
DA:79,18
DA:80,3
DA:81,6
DA:83,6
DA:87,0
DA:89,0
DA:90,0
DA:96,0
DA:97,0
DA:98,0
DA:99,0
DA:100,0
DA:101,0
DA:102,0
DA:106,3
DA:109,3
DA:110,6
DA:112,3
DA:115,0
DA:117,0
DA:119,0
DA:120,0
DA:124,3
DA:126,3
DA:127,6
DA:128,6
DA:130,3
DA:135,3
DA:136,9
DA:137,21
DA:147,3
DA:148,6
DA:149,6
DA:152,6
DA:153,6
DA:154,3
DA:158,3
DA:160,6
DA:165,3
DA:166,3
DA:167,3
DA:172,6
DA:174,3
DA:175,3
DA:177,3
DA:179,6
DA:185,3
DA:189,6
DA:193,4
DA:203,2
DA:214,3
DA:215,0
DA:222,3
DA:223,3
DA:224,3
DA:225,3
DA:226,2
DA:227,6
DA:240,2
DA:246,2
DA:248,2
DA:249,2
DA:252,2
DA:254,2
DA:255,2
DA:257,2
DA:259,6
DA:260,2
DA:261,6
DA:264,0
DA:272,0
DA:275,0
DA:276,0
DA:278,0
DA:279,0
DA:280,0
DA:282,0
DA:283,0
DA:284,0
DA:286,0
DA:289,0
DA:290,0
DA:292,0
DA:295,0
DA:298,0
DA:299,0
LF:92
LH:60
end_of_record
SF:lib/features/window_visibility/data/method_channel_window_visibility_controller.dart
DA:36,1
DA:69,1
DA:71,1
DA:72,1
DA:76,4
DA:77,1
DA:78,0
DA:81,0
DA:82,0
DA:88,2
DA:89,1
DA:90,1
DA:95,0
DA:96,0
DA:97,0
DA:102,1
DA:104,3
DA:107,1
DA:108,2
DA:110,1
DA:111,2
DA:113,1
DA:115,2
DA:116,1
DA:117,2
DA:118,2
DA:124,1
DA:125,1
DA:126,2
DA:127,1
DA:129,1
DA:134,1
DA:135,1
DA:137,1
DA:144,1
DA:145,1
DA:146,1
DA:147,1
DA:148,1
DA:150,1
DA:151,1
DA:155,1
DA:160,1
DA:161,3
DA:162,3
DA:163,3
DA:164,2
DA:165,2
LF:48
LH:42
end_of_record
SF:lib/features/stats/domain/focus_streak.dart
DA:18,4
DA:19,8
DA:31,4
DA:32,4
DA:33,12
DA:35,16
DA:43,4
DA:44,4
DA:45,3
DA:50,4
DA:51,4
DA:54,4
DA:55,4
DA:62,4
DA:63,20
DA:67,1
DA:68,2
LF:17
LH:17
end_of_record
SF:lib/features/stats/domain/daily_stats.dart
DA:19,5
DA:26,10
DA:48,4
DA:49,4
DA:50,4
DA:51,4
DA:52,4
DA:53,4
DA:54,4
DA:64,2
DA:72,1
DA:73,1
DA:74,1
DA:75,1
DA:88,4
DA:95,4
DA:96,2
DA:98,4
LF:18
LH:18
end_of_record
SF:lib/features/stats/domain/badge.dart
DA:48,4
DA:87,0
DA:88,0
DA:89,0
DA:90,0
DA:91,0
DA:92,0
DA:93,0
DA:94,0
DA:95,0
DA:96,0
DA:97,0
DA:107,5
DA:136,0
DA:137,0
LF:15
LH:2
end_of_record
SF:lib/features/stats/domain/badge_catalogue.dart
DA:57,15
DA:59,5
DA:65,4
DA:66,8
DA:68,5
DA:74,12
DA:76,5
DA:82,12
DA:84,5
DA:90,12
DA:94,5
DA:100,12
DA:102,5
DA:108,12
DA:110,5
DA:116,8
DA:120,5
DA:126,12
DA:128,5
DA:134,12
DA:136,5
DA:142,12
DA:146,5
DA:154,12
DA:156,5
DA:164,12
DA:166,5
DA:172,4
DA:173,8
LF:29
LH:29
end_of_record
SF:lib/features/stats/domain/badge_evaluator.dart
DA:13,4
DA:35,4
DA:42,16
DA:43,12
DA:44,4
DA:46,16
DA:47,12
DA:48,4
DA:53,4
DA:54,4
DA:56,8
DA:57,4
DA:58,4
DA:59,4
DA:61,8
DA:62,8
DA:65,8
DA:66,8
DA:67,8
DA:68,4
DA:69,4
DA:70,2
DA:71,4
DA:72,8
DA:73,3
DA:79,4
DA:80,4
LF:27
LH:27
end_of_record
SF:lib/features/stats/domain/best_focus_tracker.dart
DA:22,5
DA:30,8
DA:38,4
DA:39,4
DA:40,3
DA:41,3
DA:44,8
DA:45,16
DA:46,12
DA:47,8
DA:51,3
DA:53,4
DA:60,3
DA:61,3
DA:62,3
DA:63,3
DA:64,3
LF:17
LH:17
end_of_record
SF:lib/features/stats/domain/streak_reminder_policy.dart
DA:16,1
DA:25,10
DA:48,3
DA:56,3
DA:65,3
DA:68,8
DA:69,4
LF:7
LH:7
end_of_record
SF:lib/features/stats/domain/weekly_stats.dart
DA:13,4
DA:23,0
DA:51,3
DA:52,3
DA:53,3
DA:54,3
DA:55,3
DA:56,3
DA:57,3
DA:58,3
DA:69,4
DA:77,8
DA:78,8
DA:81,8
DA:82,8
DA:83,8
DA:84,8
DA:85,14
DA:86,4
DA:88,8
DA:89,4
DA:93,4
LF:22
LH:21
end_of_record
SF:lib/features/stats/domain/route_progress_snapshot.dart
DA:12,1
DA:19,1
DA:33,0
DA:34,0
DA:35,0
DA:36,0
DA:37,0
LF:7
LH:2
end_of_record
SF:lib/features/stats/presentation/stats_cubit.dart
DA:45,3
DA:57,3
DA:60,6
DA:100,1
DA:101,1
DA:106,1
DA:107,1
DA:116,2
DA:117,6
DA:118,8
DA:120,6
DA:132,4
DA:133,1
DA:134,1
DA:135,1
DA:136,1
DA:137,1
DA:145,1
DA:149,3
DA:150,1
DA:157,1
DA:158,1
DA:162,1
DA:163,1
DA:168,2
DA:169,4
DA:170,2
DA:171,4
DA:172,4
DA:176,2
DA:182,2
DA:184,2
DA:196,2
DA:197,8
DA:201,4
DA:205,2
DA:206,2
DA:209,6
DA:210,2
DA:212,2
DA:223,1
DA:224,1
DA:226,2
DA:227,2
DA:228,1
DA:229,2
DA:230,1
DA:233,3
DA:234,1
DA:239,1
DA:240,3
DA:241,1
DA:242,2
DA:245,2
DA:246,2
DA:247,4
DA:250,6
DA:251,8
DA:252,6
DA:255,2
DA:256,2
DA:257,2
DA:260,4
DA:275,1
DA:276,3
DA:278,1
DA:279,6
DA:283,4
DA:284,1
DA:290,1
DA:291,4
DA:294,2
DA:295,5
DA:296,5
DA:300,2
DA:301,2
DA:304,6
DA:305,2
DA:306,2
DA:307,2
DA:311,4
DA:312,2
DA:313,2
DA:319,2
DA:320,2
DA:321,2
DA:322,2
DA:323,2
DA:327,4
DA:328,2
DA:333,2
DA:334,6
DA:336,4
DA:338,2
DA:339,2
DA:340,2
DA:341,2
DA:342,2
DA:352,2
DA:353,2
DA:354,2
DA:355,2
DA:356,3
DA:358,2
DA:366,2
DA:367,2
DA:368,8
DA:369,6
DA:370,2
DA:371,2
DA:372,8
DA:373,6
DA:374,2
DA:375,2
DA:376,2
DA:377,2
DA:378,4
DA:379,0
DA:380,0
DA:384,2
DA:385,2
DA:388,6
DA:390,4
DA:391,2
DA:393,8
DA:395,2
DA:396,2
DA:397,2
DA:400,2
DA:401,4
DA:402,4
DA:403,4
DA:404,2
DA:405,4
DA:406,2
DA:407,2
DA:410,2
DA:411,2
DA:413,2
DA:417,6
DA:418,4
DA:419,6
DA:420,2
DA:425,4
DA:429,4
DA:430,4
DA:431,2
DA:434,10
DA:435,4
DA:436,2
DA:437,2
DA:443,2
DA:444,2
DA:447,4
DA:448,2
DA:449,4
DA:450,4
DA:451,2
DA:453,2
DA:454,2
DA:456,2
DA:464,1
DA:467,1
DA:468,2
DA:470,1
DA:474,10
LF:166
LH:164
end_of_record
SF:lib/features/stats/presentation/stats_view_state.dart
DA:19,3
DA:28,3
DA:29,3
DA:57,1
DA:58,7
DA:61,1
DA:62,7
DA:65,1
DA:72,1
DA:73,1
DA:74,1
DA:75,1
DA:76,0
DA:77,0
DA:81,3
DA:82,3
DA:83,3
DA:84,3
DA:85,3
DA:86,3
DA:87,3
LF:21
LH:19
end_of_record
SF:lib/features/stats/presentation/stats_screen.dart
DA:25,1
DA:27,1
DA:29,1
DA:30,1
DA:31,1
DA:32,1
DA:33,1
DA:35,1
DA:36,2
DA:38,1
DA:39,1
DA:40,1
DA:51,1
DA:55,1
DA:57,1
DA:58,1
DA:60,1
DA:62,1
DA:63,4
DA:67,1
DA:70,3
DA:72,1
DA:75,3
DA:77,1
DA:80,4
DA:82,1
DA:85,3
DA:87,1
DA:90,3
DA:100,1
DA:105,1
DA:107,1
DA:108,1
DA:110,1
DA:112,1
DA:113,4
DA:115,1
DA:117,3
DA:119,1
DA:121,3
DA:123,1
DA:125,4
DA:127,4
DA:128,4
DA:129,1
DA:131,3
DA:133,1
DA:136,4
DA:146,1
DA:151,1
DA:153,1
DA:155,1
DA:157,1
DA:158,2
DA:159,2
DA:166,1
DA:167,1
DA:168,2
DA:169,1
DA:170,1
DA:172,1
LF:61
LH:61
end_of_record
SF:lib/features/stats/presentation/badges_screen.dart
DA:18,1
DA:20,1
DA:22,1
DA:23,1
DA:24,1
DA:25,1
DA:26,1
DA:27,1
DA:28,1
DA:30,1
DA:31,2
DA:32,4
DA:34,3
DA:35,1
DA:37,4
DA:38,1
DA:39,3
DA:49,1
DA:54,1
DA:56,1
DA:57,4
DA:58,1
DA:59,1
DA:60,1
DA:61,1
DA:63,3
DA:64,3
DA:65,4
DA:70,1
DA:71,1
DA:72,1
DA:73,1
DA:74,1
LF:33
LH:33
end_of_record
SF:lib/features/stats/presentation/onboarding_screen.dart
DA:43,2
DA:48,2
DA:50,2
DA:51,2
DA:52,2
DA:53,2
DA:54,2
DA:56,2
DA:58,2
DA:60,2
DA:62,2
DA:78,2
DA:80,3
DA:82,3
DA:83,3
DA:85,3
DA:86,9
DA:94,3
DA:103,3
DA:112,3
DA:147,3
DA:176,3
DA:189,3
DA:191,3
DA:192,3
DA:194,3
DA:196,3
DA:197,3
DA:198,3
DA:199,9
DA:201,3
DA:202,3
DA:208,6
DA:209,6
DA:211,3
DA:213,3
DA:215,6
LF:37
LH:37
end_of_record
SF:lib/features/stats/presentation/settings_screen.dart
DA:22,1
DA:24,1
DA:25,1
DA:29,1
DA:31,1
DA:33,3
DA:36,1
DA:38,1
DA:39,1
DA:40,1
DA:41,1
DA:42,1
DA:43,1
DA:44,1
DA:46,1
DA:51,1
DA:53,2
DA:54,2
DA:55,1
DA:57,2
DA:64,1
DA:66,1
DA:69,3
DA:72,1
DA:74,1
DA:79,1
DA:81,1
DA:86,1
DA:90,1
DA:91,1
DA:95,1
DA:99,1
DA:100,1
DA:102,1
DA:105,1
DA:106,1
DA:107,1
DA:110,1
DA:113,1
DA:114,1
DA:115,1
DA:120,1
DA:125,3
DA:126,1
DA:127,2
DA:128,1
DA:147,1
DA:148,1
DA:149,3
DA:150,1
DA:151,2
DA:152,1
DA:153,1
DA:154,3
DA:160,1
DA:164,1
DA:166,1
DA:168,1
DA:169,1
DA:170,4
DA:171,3
LF:61
LH:61
end_of_record
