SF:lib/features/route/domain/province.dart
DA:15,15
DA:23,8
DA:24,24
DA:26,0
DA:27,0
LF:5
LH:3
end_of_record
SF:lib/features/route/domain/province_geography.dart
DA:32,12
DA:44,5
DA:45,10
DA:46,5
DA:47,30
DA:48,30
DA:52,3
DA:53,9
DA:55,2
DA:56,2
DA:57,4
DA:58,4
DA:72,12
DA:75,12
DA:76,36
DA:77,36
DA:79,1
DA:80,1
DA:82,2
DA:85,24
DA:86,24
DA:87,24
DA:88,24
DA:89,1
DA:92,2
DA:113,11
DA:114,33
DA:116,1
DA:117,1
DA:127,5
DA:128,10
DA:129,15
DA:144,36
DA:145,12
DA:146,12
DA:147,12
DA:148,60
LF:37
LH:37
end_of_record
SF:lib/features/route/domain/vietnam_units_2026.dart
DA:69,5
LF:1
LH:1
end_of_record
SF:lib/features/route/data/base_map_repository.dart
DA:40,0
DA:41,0
DA:49,0
DA:51,0
DA:55,0
DA:56,0
DA:57,0
DA:70,1
DA:71,1
DA:72,1
DA:75,2
DA:76,1
DA:77,1
DA:80,1
DA:81,1
DA:82,2
DA:83,1
DA:87,2
DA:88,1
DA:89,2
DA:92,1
DA:93,1
DA:96,2
DA:97,2
DA:100,1
DA:101,1
DA:103,1
DA:106,1
DA:107,1
DA:108,1
DA:112,1
DA:113,2
DA:114,1
DA:115,3
DA:116,1
DA:117,2
DA:118,2
DA:123,1
DA:124,1
DA:127,1
DA:128,1
DA:131,1
DA:132,2
DA:133,3
DA:134,0
DA:141,1
DA:142,1
DA:143,1
DA:144,1
LF:49
LH:41
end_of_record
SF:lib/features/route/domain/base_map_geometry.dart
DA:30,1
DA:35,1
DA:46,5
DA:51,3
DA:56,1
DA:57,2
DA:58,3
DA:65,1
DA:67,1
DA:68,1
DA:69,2
DA:70,2
DA:71,2
DA:72,2
DA:73,2
DA:74,1
DA:75,3
DA:76,7
DA:88,1
DA:89,1
DA:90,1
DA:91,2
DA:93,1
DA:94,1
DA:103,1
DA:104,2
DA:110,1
DA:111,2
DA:114,3
DA:116,3
DA:119,1
DA:127,3
DA:128,4
DA:129,1
DA:134,1
DA:135,1
DA:136,1
DA:137,5
DA:139,1
DA:142,1
DA:143,2
DA:144,2
DA:145,2
DA:146,2
DA:147,2
DA:148,8
DA:150,9
DA:151,4
DA:152,8
LF:49
LH:49
end_of_record
SF:lib/features/route/domain/equirectangular_projection.dart
DA:24,1
DA:32,1
DA:33,3
DA:35,0
DA:36,0
DA:45,0
DA:68,1
DA:69,3
DA:70,3
DA:71,3
DA:74,3
LF:11
LH:8
end_of_record
SF:lib/features/route/domain/haversine.dart
DA:26,15
DA:27,15
DA:28,15
DA:29,30
DA:30,30
DA:32,30
DA:33,30
DA:36,30
DA:37,75
DA:40,30
DA:41,45
DA:42,15
DA:45,45
LF:13
LH:13
end_of_record
SF:lib/features/route/domain/province_chain.dart
DA:42,15
DA:43,45
DA:44,1
DA:45,2
DA:50,90
DA:51,1
DA:52,2
DA:54,6
DA:58,30
DA:59,30
DA:60,2
DA:63,60
DA:64,45
DA:65,2
DA:66,4
DA:67,2
DA:75,135
DA:93,21
DA:99,15
DA:104,75
DA:109,5
DA:111,10
DA:112,15
DA:118,21
DA:126,4
DA:127,8
DA:132,4
DA:134,8
DA:135,6
DA:146,5
DA:151,5
DA:152,5
DA:153,5
DA:154,1
DA:156,5
DA:157,0
DA:160,15
DA:162,5
DA:163,6
DA:171,2
DA:172,2
DA:174,2
DA:182,5
DA:183,5
DA:184,5
DA:185,0
DA:188,20
DA:189,3
DA:190,12
DA:208,45
DA:209,30
DA:210,15
DA:211,45
DA:213,30
DA:214,60
DA:215,15
DA:216,30
DA:217,30
DA:218,45
DA:219,45
LF:60
LH:58
end_of_record
SF:lib/features/route/domain/route_plan.dart
DA:54,2
DA:63,2
DA:68,2
DA:69,4
DA:88,3
DA:91,3
DA:94,3
DA:98,2
DA:99,1
DA:100,1
DA:101,0
DA:107,2
DA:108,2
DA:111,2
DA:125,0
DA:126,0
DA:127,0
DA:130,0
DA:133,0
DA:138,0
DA:143,4
DA:144,2
DA:145,2
DA:146,4
DA:153,2
DA:154,2
DA:155,2
DA:156,0
DA:158,2
DA:159,4
DA:160,2
DA:161,0
DA:163,2
DA:165,4
DA:166,0
DA:168,2
DA:169,2
DA:170,0
DA:175,4
DA:176,2
DA:177,2
DA:178,2
DA:183,2
DA:184,4
DA:185,4
DA:189,1
DA:192,2
DA:193,2
DA:194,2
DA:195,2
DA:196,2
LF:51
LH:40
end_of_record
SF:lib/features/route/domain/route_planner.dart
DA:39,2
DA:68,6
DA:72,4
DA:73,4
DA:101,2
DA:109,2
DA:110,2
DA:111,2
DA:112,0
DA:114,2
DA:115,1
DA:117,2
DA:118,1
DA:125,2
DA:131,2
DA:132,2
DA:133,3
DA:134,1
DA:135,1
DA:136,0
DA:142,1
DA:145,1
DA:153,3
DA:159,2
DA:160,2
DA:164,2
DA:166,4
DA:167,4
DA:168,4
DA:169,4
DA:170,4
DA:176,2
DA:180,2
DA:182,4
DA:184,2
DA:185,4
DA:187,2
DA:190,4
DA:192,0
DA:197,2
DA:198,2
DA:199,2
DA:201,2
DA:203,2
DA:204,2
DA:205,6
DA:213,2
DA:214,2
DA:216,2
DA:219,2
DA:234,2
DA:239,4
DA:240,1
DA:246,2
DA:247,6
DA:249,2
DA:250,2
DA:251,4
DA:252,2
DA:254,1
DA:260,2
DA:261,4
DA:266,6
DA:267,6
DA:268,8
DA:269,2
DA:270,1
DA:281,2
DA:282,0
DA:283,2
DA:284,6
DA:285,2
DA:287,6
DA:289,2
DA:291,4
DA:293,4
DA:296,2
DA:297,2
DA:298,2
DA:300,2
DA:302,2
DA:303,2
DA:304,6
DA:307,2
DA:309,4
DA:311,2
DA:314,2
DA:322,2
DA:324,4
DA:325,6
LF:90
LH:86
end_of_record
SF:lib/features/mini_window/data/shared_preferences_compact_window_position_repository.dart
DA:20,0
DA:30,0
DA:32,0
DA:33,0
DA:37,0
DA:40,0
DA:45,0
DA:46,0
DA:54,0
DA:57,0
DA:61,0
DA:62,0
LF:12
LH:0
end_of_record
SF:lib/features/mini_window/domain/window_position.dart
DA:11,2
DA:19,0
DA:21,0
DA:23,0
DA:24,0
DA:26,0
DA:27,0
LF:7
LH:1
end_of_record
SF:lib/features/route/data/shared_preferences_route_repository.dart
DA:46,1
DA:50,0
DA:64,1
DA:66,2
DA:73,1
DA:74,1
DA:77,2
DA:78,0
DA:80,0
DA:85,1
DA:87,4
DA:90,1
DA:93,2
DA:99,1
DA:104,1
DA:107,1
DA:109,4
DA:112,2
DA:117,0
DA:120,0
DA:125,0
DA:126,0
DA:138,1
DA:144,1
DA:145,1
DA:150,1
DA:151,1
DA:153,0
DA:161,3
DA:162,2
DA:163,2
DA:166,1
DA:170,3
DA:172,1
DA:188,1
DA:189,2
DA:199,1
DA:200,1
DA:204,1
DA:207,1
DA:210,1
DA:211,6
DA:212,1
DA:214,1
DA:219,2
DA:221,4
DA:225,2
DA:228,1
DA:229,1
DA:230,1
DA:231,1
DA:234,1
DA:236,1
DA:237,1
DA:241,0
DA:251,1
DA:252,1
DA:253,2
DA:256,1
DA:257,1
DA:258,3
DA:263,2
DA:266,2
DA:277,1
DA:278,1
DA:279,2
DA:280,3
DA:282,1
DA:296,1
DA:297,1
DA:298,1
LF:71
LH:62
end_of_record
SF:lib/features/route/domain/route_selection.dart
DA:31,5
DA:42,3
DA:49,6
DA:50,0
DA:52,3
DA:53,1
DA:55,1
DA:56,1
DA:60,3
DA:61,0
DA:67,3
DA:92,0
DA:93,0
DA:94,0
DA:95,0
DA:96,0
DA:100,2
DA:101,2
DA:102,2
DA:103,1
DA:104,1
DA:114,1
DA:118,1
DA:119,1
DA:120,0
DA:122,5
DA:123,1
DA:124,0
DA:126,2
DA:127,1
DA:128,1
DA:129,0
DA:134,1
DA:135,1
DA:136,0
DA:138,1
DA:139,1
DA:141,1
DA:146,1
DA:147,2
DA:148,2
DA:152,0
DA:155,1
DA:156,1
DA:157,1
DA:158,1
DA:159,1
DA:160,1
LF:48
LH:36
end_of_record
SF:lib/features/route/domain/route_polyline_projector.dart
DA:62,3
DA:66,3
DA:67,3
DA:68,3
DA:72,6
DA:74,6
DA:78,6
DA:79,3
DA:80,6
DA:82,6
DA:83,9
DA:100,9
DA:105,1
DA:106,2
DA:109,3
DA:118,3
DA:119,3
DA:120,12
DA:121,4
DA:123,6
DA:124,4
DA:126,3
DA:127,6
DA:128,9
DA:129,3
DA:130,9
DA:131,18
DA:147,1
DA:148,2
DA:149,2
DA:150,2
DA:153,2
DA:160,4
DA:161,2
DA:162,4
DA:163,3
DA:166,2
DA:167,2
DA:172,3
DA:173,3
DA:176,3
DA:179,6
DA:180,2
DA:189,3
DA:190,15
DA:191,9
DA:204,3
DA:209,3
DA:210,3
LF:49
LH:49
end_of_record
SF:lib/features/mini_window/presentation/app_shell_cubit.dart
DA:32,0
DA:42,0
DA:43,0
DA:44,0
DA:45,0
DA:49,0
DA:50,0
DA:58,0
DA:63,0
DA:64,0
DA:65,0
DA:76,0
DA:80,0
DA:85,0
DA:86,0
DA:89,0
DA:90,0
DA:95,0
DA:96,0
DA:97,0
DA:101,0
DA:103,0
DA:104,0
LF:23
LH:0
end_of_record
SF:lib/features/mini_window/data/mock_window_mode_controller.dart
DA:24,0
DA:62,0
DA:63,0
DA:65,0
DA:66,0
DA:68,0
DA:69,0
DA:71,0
DA:72,0
DA:74,0
DA:75,0
DA:77,0
DA:79,0
DA:80,0
DA:81,0
DA:84,0
DA:86,0
DA:87,0
DA:89,0
DA:90,0
DA:92,0
DA:94,0
DA:95,0
DA:96,0
DA:99,0
DA:101,0
DA:102,0
DA:103,0
DA:104,0
DA:107,0
DA:109,0
DA:112,0
DA:113,0
DA:114,0
DA:118,0
DA:120,0
DA:121,0
DA:122,0
DA:125,0
DA:128,0
DA:130,0
DA:131,0
DA:134,0
DA:136,0
DA:139,0
DA:141,0
DA:142,0
DA:145,0
DA:147,0
DA:150,0
DA:152,0
DA:153,0
DA:154,0
DA:157,0
DA:159,0
DA:160,0
DA:161,0
DA:164,0
DA:165,0
DA:166,0
DA:167,0
DA:168,0
DA:175,0
DA:176,0
DA:177,0
DA:178,0
DA:179,0
LF:67
LH:0
end_of_record
SF:lib/features/mini_window/domain/compact_geometry.dart
DA:13,0
DA:33,0
DA:36,0
DA:55,0
DA:59,0
DA:68,0
DA:69,0
DA:70,0
DA:71,0
DA:72,0
DA:77,0
DA:78,0
DA:79,0
DA:80,0
DA:81,0
DA:82,0
DA:87,0
DA:88,0
DA:89,0
DA:90,0
DA:94,0
DA:95,0
DA:96,0
LF:23
LH:0
end_of_record
SF:lib/features/activity/domain/activity_plugin_exception.dart
DA:32,0
DA:35,0
DA:36,0
DA:43,0
DA:44,0
DA:47,0
DA:48,0
DA:60,0
DA:62,0
DA:63,0
LF:10
LH:0
end_of_record
SF:lib/features/journey/domain/activity_segment.dart
DA:57,1
DA:85,1
DA:86,1
DA:87,1
DA:89,2
DA:90,1
DA:91,1
DA:98,0
DA:99,0
DA:103,0
DA:104,0
DA:105,0
DA:106,0
DA:107,0
DA:108,0
DA:115,0
DA:116,0
DA:117,0
DA:118,0
DA:119,0
DA:120,0
DA:121,0
DA:125,0
DA:126,0
DA:127,0
DA:129,0
DA:132,0
DA:133,0
DA:136,0
DA:139,0
DA:140,0
DA:141,0
DA:148,0
DA:149,0
DA:150,0
DA:157,0
DA:158,0
DA:159,0
DA:160,0
DA:161,0
DA:162,0
DA:163,0
LF:42
LH:7
end_of_record
SF:lib/features/journey/domain/clock.dart
DA:23,0
DA:25,0
DA:26,0
LF:3
LH:0
end_of_record
SF:lib/features/journey/domain/journey_engine.dart
DA:106,1
DA:119,0
DA:121,1
DA:122,2
DA:123,0
DA:124,0
DA:129,3
DA:130,0
DA:131,0
DA:136,3
DA:137,0
DA:138,0
DA:143,4
DA:220,2
DA:223,2
DA:227,2
DA:230,2
DA:233,2
DA:236,0
DA:242,1
DA:243,2
DA:251,0
DA:268,1
DA:276,3
DA:282,1
DA:286,1
DA:292,2
DA:295,2
DA:296,2
DA:297,1
DA:304,1
DA:309,2
DA:310,2
DA:311,1
DA:314,1
DA:321,2
DA:322,2
DA:323,2
DA:324,2
DA:326,2
DA:327,2
DA:329,2
DA:331,1
DA:336,1
DA:337,1
DA:347,1
DA:348,1
DA:349,1
DA:376,1
DA:382,4
DA:383,1
DA:384,1
DA:398,1
DA:404,1
DA:405,1
DA:407,2
DA:408,2
DA:409,4
DA:410,6
DA:420,2
DA:421,2
DA:422,3
DA:423,2
DA:424,1
DA:437,1
DA:438,1
DA:441,2
DA:442,2
DA:455,0
DA:456,0
DA:457,0
DA:458,0
DA:465,0
DA:466,0
DA:467,0
DA:468,0
DA:469,0
DA:470,0
DA:471,0
DA:472,0
DA:473,0
DA:477,0
DA:478,0
DA:487,0
DA:488,0
DA:489,0
DA:490,0
DA:491,0
DA:492,0
DA:493,0
DA:495,0
DA:496,0
DA:501,0
DA:502,0
DA:503,0
DA:504,0
DA:510,0
DA:511,0
DA:512,0
DA:513,0
DA:514,0
DA:520,0
DA:521,0
DA:523,0
DA:544,1
DA:545,1
DA:546,2
DA:547,0
DA:548,0
DA:549,0
DA:550,0
DA:551,0
DA:552,0
DA:557,1
DA:558,4
LF:115
LH:64
end_of_record
SF:lib/features/journey/domain/journey_progress.dart
DA:24,0
DA:33,0
DA:68,0
DA:69,0
DA:70,0
DA:71,0
DA:75,0
DA:76,0
DA:77,0
DA:78,0
DA:79,0
DA:80,0
DA:81,0
DA:82,0
DA:83,0
DA:91,0
DA:92,0
DA:93,0
DA:94,0
DA:95,0
DA:97,0
DA:98,0
DA:100,0
DA:101,0
DA:103,0
DA:104,0
DA:105,0
DA:106,0
DA:114,0
DA:118,0
DA:122,0
DA:123,0
DA:126,0
DA:128,0
DA:131,0
DA:132,0
DA:133,0
DA:135,0
DA:138,0
DA:139,0
DA:142,0
DA:145,0
DA:146,0
DA:147,0
DA:154,0
DA:155,0
DA:156,0
DA:167,0
DA:168,0
DA:169,0
DA:171,0
DA:172,0
DA:173,0
DA:175,0
DA:176,0
DA:177,0
DA:179,0
DA:181,0
DA:182,0
DA:184,0
DA:187,0
DA:188,0
DA:189,0
DA:190,0
DA:191,0
DA:192,0
DA:193,0
DA:194,0
DA:195,0
DA:196,0
LF:70
LH:0
end_of_record
SF:lib/features/journey/presentation/game/cockpit_painter.dart
DA:75,0
DA:117,0
DA:118,0
DA:119,0
DA:138,0
DA:147,0
DA:148,0
DA:152,0
DA:153,0
DA:154,0
DA:155,0
DA:156,0
DA:157,0
DA:162,0
DA:165,0
DA:166,0
DA:173,0
DA:174,0
DA:181,0
DA:182,0
DA:183,0
DA:184,0
DA:188,0
DA:197,0
DA:204,0
DA:205,0
DA:206,0
DA:207,0
DA:221,0
DA:222,0
DA:223,0
DA:229,0
DA:230,0
DA:231,0
DA:232,0
DA:233,0
DA:234,0
DA:235,0
DA:236,0
DA:237,0
DA:238,0
DA:239,0
DA:240,0
DA:241,0
DA:242,0
DA:243,0
DA:244,0
DA:250,0
DA:251,0
DA:252,0
DA:255,0
DA:256,0
DA:257,0
DA:258,0
DA:259,0
DA:261,0
DA:262,0
DA:263,0
DA:265,0
DA:267,0
DA:268,0
DA:269,0
DA:270,0
DA:273,0
DA:274,0
DA:275,0
DA:276,0
DA:279,0
DA:281,0
DA:287,0
DA:288,0
DA:289,0
DA:291,0
DA:294,0
DA:296,0
DA:298,0
DA:299,0
DA:301,0
DA:310,0
DA:311,0
DA:312,0
DA:314,0
DA:315,0
DA:318,0
DA:321,0
DA:325,0
DA:327,0
DA:328,0
DA:329,0
DA:330,0
DA:332,0
DA:333,0
DA:335,0
DA:336,0
DA:337,0
DA:338,0
DA:340,0
DA:341,0
DA:343,0
DA:345,0
DA:346,0
DA:348,0
DA:350,0
DA:351,0
DA:359,0
DA:366,0
DA:367,0
DA:368,0
DA:369,0
DA:382,0
DA:383,0
DA:384,0
DA:385,0
DA:386,0
DA:387,0
DA:388,0
DA:389,0
DA:391,0
DA:397,0
DA:398,0
DA:399,0
DA:400,0
DA:403,0
DA:405,0
DA:407,0
DA:409,0
DA:410,0
DA:411,0
DA:412,0
DA:413,0
DA:414,0
DA:415,0
DA:416,0
DA:417,0
DA:419,0
DA:420,0
DA:421,0
DA:423,0
DA:424,0
DA:425,0
DA:426,0
DA:427,0
DA:428,0
DA:429,0
DA:434,0
DA:435,0
DA:437,0
DA:440,0
DA:443,0
DA:448,0
DA:449,0
DA:451,0
DA:454,0
DA:458,0
DA:460,0
DA:461,0
DA:462,0
DA:463,0
DA:464,0
DA:465,0
DA:466,0
DA:467,0
DA:468,0
DA:469,0
DA:471,0
DA:473,0
DA:474,0
DA:475,0
DA:476,0
DA:477,0
DA:478,0
DA:479,0
DA:481,0
DA:482,0
DA:483,0
DA:484,0
DA:493,0
DA:501,0
DA:502,0
DA:505,0
DA:509,0
DA:510,0
DA:511,0
DA:512,0
DA:515,0
DA:516,0
DA:517,0
DA:518,0
DA:520,0
DA:521,0
DA:522,0
DA:523,0
DA:524,0
DA:525,0
DA:526,0
DA:534,0
DA:535,0
DA:536,0
DA:537,0
DA:539,0
DA:540,0
DA:541,0
DA:543,0
DA:546,0
DA:547,0
DA:556,0
DA:557,0
DA:558,0
DA:559,0
DA:560,0
DA:561,0
DA:562,0
DA:564,0
DA:570,0
DA:573,0
DA:574,0
DA:575,0
DA:576,0
DA:577,0
DA:579,0
DA:580,0
DA:581,0
DA:582,0
DA:583,0
DA:586,0
LF:225
LH:0
end_of_record
SF:lib/features/journey/presentation/game/day_night_tint.dart
DA:16,0
DA:17,0
DA:19,0
DA:24,0
DA:25,0
DA:30,0
DA:31,0
DA:32,0
DA:35,0
DA:40,0
DA:42,0
DA:45,0
DA:46,0
DA:48,0
DA:49,0
DA:55,0
DA:56,0
DA:59,0
DA:60,0
LF:19
LH:0
end_of_record
SF:lib/features/journey/presentation/game/journey_game.dart
DA:43,0
DA:47,0
DA:51,0
DA:55,0
DA:57,0
DA:62,0
DA:139,0
DA:145,0
DA:146,0
DA:147,0
DA:148,0
DA:149,0
DA:150,0
DA:151,0
DA:158,0
DA:161,0
DA:164,0
DA:165,0
DA:166,0
DA:167,0
DA:170,0
DA:173,0
DA:175,0
DA:176,0
DA:179,0
DA:180,0
DA:181,0
DA:186,0
DA:188,0
DA:192,0
DA:193,0
DA:194,0
DA:199,0
DA:208,0
DA:209,0
DA:210,0
DA:213,0
DA:219,0
DA:220,0
DA:222,0
DA:223,0
DA:225,0
DA:226,0
DA:229,0
DA:230,0
DA:232,0
DA:235,0
DA:241,0
DA:242,0
DA:246,0
DA:248,0
DA:249,0
DA:250,0
DA:251,0
DA:255,0
DA:258,0
DA:259,0
DA:260,0
DA:261,0
DA:262,0
DA:263,0
DA:264,0
DA:266,0
DA:269,0
DA:270,0
DA:271,0
DA:272,0
DA:273,0
DA:274,0
DA:275,0
DA:276,0
DA:278,0
DA:279,0
DA:282,0
DA:283,0
DA:284,0
DA:286,0
DA:287,0
DA:297,0
DA:300,0
DA:301,0
DA:302,0
DA:306,0
DA:308,0
DA:311,0
DA:313,0
DA:314,0
DA:317,0
DA:319,0
DA:320,0
DA:323,0
DA:325,0
DA:334,0
DA:338,0
DA:341,0
DA:344,0
DA:347,0
DA:351,0
DA:355,0
DA:359,0
DA:363,0
DA:366,0
DA:370,0
DA:373,0
DA:376,0
DA:379,0
DA:383,0
DA:386,0
DA:391,0
DA:398,0
DA:399,0
DA:400,0
DA:406,0
DA:407,0
DA:408,0
DA:409,0
DA:410,0
DA:413,0
DA:418,0
DA:445,0
DA:451,0
DA:453,0
DA:454,0
DA:455,0
DA:458,0
DA:459,0
DA:460,0
DA:462,0
DA:472,0
DA:473,0
DA:480,0
DA:481,0
DA:482,0
DA:484,0
DA:486,0
DA:487,0
DA:488,0
DA:489,0
DA:498,0
DA:504,0
DA:505,0
DA:507,0
DA:508,0
DA:517,0
DA:518,0
DA:522,0
DA:541,0
DA:542,0
DA:545,0
DA:548,0
DA:558,0
DA:559,0
DA:562,0
DA:565,0
DA:566,0
DA:567,0
DA:568,0
DA:571,0
DA:572,0
DA:579,0
DA:581,0
DA:582,0
DA:583,0
DA:592,0
DA:596,0
DA:597,0
DA:598,0
DA:599,0
DA:600,0
DA:603,0
DA:604,0
DA:605,0
DA:606,0
DA:607,0
LF:174
LH:0
end_of_record
SF:lib/features/journey/presentation/game/journey_skins.dart
DA:17,2
DA:89,0
LF:2
LH:1
end_of_record
SF:lib/features/journey/presentation/game/journey_sprites.dart
DA:44,0
DA:48,0
DA:59,0
DA:62,0
DA:65,0
DA:68,0
DA:72,0
DA:75,0
DA:79,0
DA:82,0
DA:85,0
DA:88,0
DA:93,0
DA:98,0
DA:101,0
DA:104,0
DA:107,0
DA:110,0
DA:119,0
DA:120,0
DA:121,0
DA:122,0
DA:123,0
DA:127,0
DA:128,0
DA:136,0
DA:138,0
DA:139,0
DA:141,0
DA:143,0
DA:144,0
DA:145,0
DA:154,0
DA:156,0
DA:157,0
DA:158,0
DA:162,0
DA:166,0
DA:168,0
DA:170,0
DA:172,0
DA:174,0
DA:176,0
DA:178,0
DA:180,0
DA:182,0
DA:184,0
DA:186,0
DA:188,0
DA:190,0
DA:192,0
DA:194,0
DA:196,0
DA:198,0
DA:200,0
DA:202,0
DA:204,0
DA:206,0
DA:208,0
LF:59
LH:0
end_of_record
SF:lib/features/journey/presentation/game/road_geometry.dart
DA:45,0
DA:46,0
DA:47,0
DA:121,0
DA:123,0
DA:125,0
DA:139,0
DA:145,0
DA:148,0
DA:149,0
DA:150,0
DA:158,0
DA:159,0
DA:162,0
DA:163,0
DA:168,0
DA:169,0
DA:170,0
DA:173,0
DA:174,0
DA:175,0
DA:179,0
DA:180,0
LF:23
LH:0
end_of_record
SF:lib/features/journey/presentation/game/road_painter.dart
DA:30,0
DA:67,0
DA:68,0
DA:71,0
DA:80,0
DA:81,0
DA:82,0
DA:84,0
DA:90,0
DA:93,0
DA:104,0
DA:107,0
DA:108,0
DA:109,0
DA:110,0
DA:112,0
DA:113,0
DA:114,0
DA:115,0
DA:133,0
DA:144,0
DA:148,0
DA:149,0
DA:150,0
DA:157,0
DA:161,0
DA:162,0
DA:169,0
DA:170,0
DA:177,0
DA:179,0
DA:183,0
DA:185,0
DA:189,0
DA:194,0
DA:195,0
DA:196,0
DA:200,0
DA:204,0
DA:205,0
DA:206,0
DA:215,0
DA:216,0
DA:217,0
DA:220,0
DA:221,0
DA:223,0
DA:224,0
DA:233,0
DA:238,0
DA:241,0
DA:242,0
DA:244,0
DA:245,0
DA:248,0
DA:249,0
DA:254,0
DA:263,0
DA:266,0
DA:267,0
DA:269,0
DA:271,0
DA:272,0
DA:273,0
DA:274,0
DA:278,0
DA:281,0
DA:282,0
DA:284,0
DA:285,0
DA:291,0
DA:299,0
DA:300,0
DA:301,0
DA:304,0
DA:305,0
DA:310,0
DA:311,0
DA:312,0
DA:313,0
DA:314,0
DA:315,0
DA:320,0
DA:321,0
DA:324,0
DA:325,0
DA:342,0
DA:343,0
DA:346,0
DA:370,0
DA:382,0
DA:383,0
DA:384,0
DA:388,0
DA:392,0
DA:393,0
DA:394,0
DA:402,0
DA:406,0
DA:407,0
DA:408,0
DA:413,0
DA:417,0
DA:418,0
DA:419,0
DA:426,0
DA:430,0
DA:431,0
DA:432,0
DA:436,0
DA:441,0
DA:442,0
DA:443,0
DA:447,0
DA:451,0
DA:452,0
DA:453,0
DA:458,0
DA:462,0
DA:463,0
DA:464,0
DA:469,0
DA:478,0
DA:479,0
DA:480,0
DA:483,0
DA:484,0
DA:488,0
DA:489,0
DA:491,0
DA:492,0
DA:493,0
DA:506,0
DA:507,0
DA:508,0
DA:509,0
DA:510,0
DA:511,0
DA:519,0
DA:521,0
DA:522,0
DA:523,0
DA:524,0
DA:525,0
DA:526,0
DA:527,0
DA:529,0
DA:533,0
DA:534,0
DA:535,0
DA:536,0
DA:537,0
DA:538,0
DA:540,0
DA:541,0
DA:542,0
DA:545,0
DA:546,0
DA:547,0
DA:548,0
DA:550,0
DA:555,0
DA:563,0
DA:566,0
DA:567,0
DA:569,0
DA:570,0
DA:571,0
DA:572,0
DA:574,0
DA:575,0
DA:576,0
DA:577,0
DA:580,0
DA:581,0
DA:582,0
DA:583,0
DA:584,0
DA:585,0
DA:586,0
DA:587,0
DA:588,0
DA:592,0
DA:594,0
DA:600,0
DA:607,0
DA:608,0
DA:609,0
DA:610,0
DA:611,0
DA:616,0
DA:617,0
DA:618,0
DA:621,0
DA:622,0
DA:625,0
DA:630,0
DA:641,0
DA:653,0
DA:654,0
DA:655,0
DA:658,0
DA:660,0
DA:661,0
DA:663,0
DA:664,0
DA:665,0
DA:666,0
DA:669,0
DA:672,0
DA:673,0
DA:674,0
DA:675,0
DA:682,0
DA:683,0
DA:684,0
DA:687,0
DA:689,0
DA:692,0
DA:693,0
DA:694,0
DA:695,0
DA:697,0
DA:698,0
DA:699,0
DA:700,0
DA:702,0
DA:704,0
DA:705,0
DA:707,0
DA:713,0
DA:714,0
DA:717,0
DA:718,0
DA:727,0
DA:728,0
DA:729,0
DA:730,0
DA:731,0
DA:732,0
DA:733,0
DA:735,0
DA:738,0
DA:740,0
DA:741,0
DA:742,0
LF:246
LH:0
end_of_record
SF:lib/features/journey/presentation/game/scene_motion.dart
DA:49,0
DA:50,0
DA:51,0
DA:68,0
DA:72,0
DA:76,0
DA:79,0
DA:80,0
DA:83,0
DA:90,0
DA:95,0
DA:101,0
DA:102,0
DA:105,0
DA:106,0
DA:108,0
DA:109,0
DA:110,0
DA:111,0
DA:113,0
DA:116,0
DA:117,0
DA:120,0
DA:126,0
DA:127,0
DA:128,0
DA:129,0
DA:130,0
LF:28
LH:0
end_of_record
SF:lib/features/journey/presentation/game/side_object_pool.dart
DA:170,0
DA:177,0
DA:178,0
DA:180,0
DA:183,0
DA:184,0
DA:190,0
DA:192,0
DA:203,0
DA:204,0
DA:206,0
DA:239,0
DA:242,0
DA:247,0
DA:252,0
DA:256,0
DA:258,0
DA:259,0
DA:260,0
DA:281,0
DA:282,0
DA:285,0
DA:290,0
DA:291,0
DA:292,0
DA:293,0
DA:294,0
DA:296,0
DA:297,0
DA:298,0
DA:301,0
DA:302,0
DA:303,0
DA:308,0
DA:309,0
DA:310,0
DA:317,0
DA:318,0
DA:322,0
DA:323,0
DA:324,0
DA:325,0
DA:326,0
DA:327,0
DA:328,0
DA:329,0
DA:330,0
DA:333,0
DA:334,0
DA:335,0
DA:343,0
DA:344,0
DA:345,0
DA:347,0
DA:348,0
DA:349,0
DA:350,0
DA:351,0
LF:58
LH:0
end_of_record
SF:lib/features/journey/presentation/journey_cubit.dart
DA:27,0
DA:38,0
DA:39,0
DA:40,0
DA:41,0
DA:42,0
DA:43,0
DA:44,0
LF:8
LH:0
end_of_record
SF:lib/features/journey/presentation/journey_view_state.dart
DA:35,0
DA:47,2
DA:59,0
DA:65,0
DA:68,0
DA:105,0
DA:107,0
DA:108,0
DA:109,0
DA:110,0
DA:111,0
DA:112,0
DA:113,0
LF:13
LH:1
end_of_record
SF:lib/features/journey/presentation/journey_overlays.dart
DA:28,2
DA:33,0
DA:35,0
DA:37,0
DA:40,0
DA:41,0
DA:42,0
DA:43,0
DA:45,0
DA:48,0
DA:49,0
DA:51,0
DA:54,0
DA:56,0
DA:72,0
DA:84,0
DA:86,0
DA:87,0
DA:88,0
DA:90,0
DA:91,0
DA:92,0
DA:93,0
DA:94,0
DA:95,0
DA:97,0
DA:98,0
DA:99,0
DA:101,0
DA:102,0
DA:103,0
DA:105,0
DA:107,0
DA:127,0
DA:139,0
DA:141,0
DA:142,0
DA:143,0
DA:144,0
DA:146,0
DA:147,0
DA:148,0
DA:149,0
DA:150,0
DA:151,0
DA:153,0
DA:154,0
DA:155,0
DA:157,0
DA:158,0
DA:159,0
DA:161,0
DA:162,0
DA:163,0
DA:164,0
DA:166,0
DA:168,0
LF:57
LH:1
end_of_record
SF:lib/features/mini_window/presentation/app_shell.dart
DA:54,0
DA:83,0
DA:84,0
DA:111,0
DA:113,0
DA:114,0
DA:115,0
DA:117,0
DA:118,0
DA:121,0
DA:122,0
DA:127,0
DA:128,0
DA:129,0
DA:132,0
DA:133,0
DA:134,0
DA:135,0
DA:136,0
DA:137,0
DA:138,0
DA:140,0
DA:145,0
DA:147,0
DA:151,0
DA:154,0
DA:156,0
DA:157,0
DA:158,0
DA:159,0
DA:160,0
DA:164,0
DA:165,0
DA:166,0
DA:179,0
DA:180,0
DA:181,0
DA:182,0
DA:183,0
DA:184,0
DA:185,0
DA:187,0
DA:206,0
DA:207,0
DA:208,0
DA:210,0
DA:212,0
DA:219,0
DA:220,0
DA:221,0
DA:223,0
DA:224,0
DA:225,0
DA:228,0
DA:231,0
DA:233,0
DA:234,0
DA:235,0
DA:236,0
DA:242,0
DA:243,0
DA:244,0
DA:245,0
DA:249,0
DA:254,0
DA:255,0
DA:257,0
DA:258,0
DA:259,0
DA:263,0
DA:264,0
DA:266,0
DA:271,0
DA:282,2
DA:284,0
DA:286,0
DA:287,0
DA:288,0
DA:289,0
DA:290,0
DA:293,0
DA:294,0
DA:295,0
LF:83
LH:1
end_of_record
SF:lib/features/stats/presentation/vehicle_picker.dart
DA:41,0
DA:43,0
DA:44,0
DA:52,0
DA:53,0
DA:58,0
DA:60,0
DA:62,0
DA:73,0
DA:85,0
DA:87,0
DA:88,0
DA:90,0
DA:91,0
DA:92,0
DA:93,0
DA:94,0
DA:95,0
DA:103,0
DA:105,0
DA:107,0
DA:109,0
DA:111,0
DA:113,0
DA:115,0
DA:122,0
DA:124,0
DA:126,0
DA:128,0
DA:130,0
DA:132,0
DA:134,0
DA:147,0
DA:159,0
DA:161,0
DA:164,0
DA:167,0
DA:168,0
DA:169,0
DA:171,0
DA:172,0
DA:184,0
DA:194,0
DA:196,0
DA:197,0
DA:198,0
DA:200,0
DA:201,0
DA:202,0
DA:203,0
DA:204,0
DA:205,0
DA:206,0
DA:207,0
DA:211,0
DA:212,0
DA:213,0
DA:214,0
DA:215,0
DA:216,0
DA:219,0
DA:220,0
DA:223,0
DA:225,0
DA:227,0
DA:230,0
DA:231,0
DA:232,0
DA:234,0
DA:235,0
DA:236,0
LF:71
LH:0
end_of_record
SF:lib/features/window_visibility/domain/surface_visibility.dart
DA:33,0
DA:36,0
DA:37,0
DA:40,0
DA:41,0
DA:56,0
DA:57,0
DA:58,0
DA:59,0
DA:63,0
DA:65,0
DA:66,0
DA:67,0
DA:69,0
DA:70,0
DA:72,0
DA:73,0
LF:17
LH:0
end_of_record
SF:lib/features/window_visibility/domain/window_visibility_controller.dart
DA:45,0
LF:1
LH:0
end_of_record
SF:lib/features/mini_window/presentation/compact_view.dart
DA:35,0
DA:47,0
DA:49,0
DA:50,0
DA:57,0
DA:59,0
DA:60,0
DA:61,0
DA:62,0
DA:63,0
DA:64,0
DA:66,0
DA:68,0
DA:74,0
DA:75,0
DA:83,0
DA:84,0
DA:91,0
DA:92,0
DA:120,2
DA:122,0
DA:124,0
DA:126,0
DA:128,0
DA:129,0
DA:131,0
DA:138,0
DA:141,0
DA:145,0
DA:161,0
DA:166,0
DA:168,0
DA:174,0
DA:177,0
DA:178,0
DA:179,0
DA:185,0
DA:186,0
DA:187,0
LF:39
LH:1
end_of_record
SF:lib/features/mini_window/presentation/hide_to_tray_hint.dart
DA:19,0
DA:24,0
DA:26,0
DA:27,0
DA:29,0
DA:31,0
DA:32,0
DA:33,0
DA:34,0
DA:36,0
DA:38,0
DA:41,0
DA:42,0
DA:51,0
LF:14
LH:0
end_of_record
SF:lib/features/stats/domain/app_settings.dart
DA:23,2
DA:78,0
DA:81,0
DA:88,0
DA:97,0
DA:98,0
DA:99,0
DA:100,0
DA:102,0
DA:104,0
DA:105,0
DA:107,0
DA:115,0
DA:116,0
DA:117,0
DA:118,0
DA:119,0
DA:120,0
DA:121,0
DA:122,0
DA:123,0
DA:129,0
DA:130,0
DA:131,0
DA:132,0
DA:133,0
DA:135,0
DA:136,0
DA:137,0
DA:138,0
DA:139,0
DA:140,0
DA:147,0
DA:148,0
DA:151,0
DA:152,0
DA:159,0
DA:160,0
DA:161,0
DA:162,0
DA:163,0
DA:164,0
DA:165,0
DA:166,0
DA:167,0
LF:45
LH:1
end_of_record
SF:lib/features/stats/domain/calendar_week.dart
DA:21,0
DA:22,0
DA:23,0
DA:24,0
DA:29,0
DA:30,0
DA:31,0
DA:35,0
DA:36,0
LF:9
LH:0
end_of_record
SF:lib/features/stats/domain/day_stats.dart
DA:19,0
DA:26,0
DA:48,0
DA:49,0
DA:50,0
DA:51,0
DA:55,0
DA:56,0
DA:57,0
DA:58,0
DA:59,0
DA:60,0
DA:61,0
DA:68,0
DA:69,0
DA:70,0
DA:71,0
DA:72,0
DA:74,0
DA:75,0
DA:77,0
DA:78,0
DA:81,0
DA:82,0
DA:84,0
DA:85,0
DA:90,0
DA:91,0
DA:92,0
DA:94,0
DA:97,0
DA:98,0
DA:101,0
DA:108,0
DA:109,0
DA:110,0
DA:112,0
DA:113,0
DA:114,0
DA:116,0
DA:117,0
DA:118,0
DA:120,0
DA:122,0
DA:123,0
DA:125,0
DA:128,0
DA:129,0
DA:130,0
DA:131,0
DA:132,0
DA:133,0
DA:134,0
DA:135,0
LF:54
LH:0
end_of_record
SF:lib/features/stats/domain/earned_badges.dart
DA:17,0
DA:21,0
DA:24,0
DA:25,0
DA:26,0
DA:27,0
DA:31,0
DA:34,0
DA:51,0
DA:55,0
DA:56,0
DA:57,0
DA:58,0
DA:63,0
DA:64,0
DA:65,0
DA:69,0
DA:70,0
DA:71,0
DA:73,0
DA:75,0
DA:77,0
DA:78,0
DA:81,0
DA:85,0
DA:89,0
DA:90,0
DA:92,0
DA:95,0
DA:96,0
DA:97,0
DA:98,0
DA:100,0
DA:101,0
DA:102,0
DA:103,0
DA:105,0
DA:106,0
DA:107,0
DA:109,0
DA:111,0
DA:118,0
DA:119,0
DA:120,0
DA:124,0
DA:125,0
DA:128,0
DA:136,0
DA:137,0
DA:138,0
DA:142,0
DA:143,0
DA:145,0
DA:150,0
DA:151,0
LF:55
LH:0
end_of_record
SF:lib/features/stats/presentation/settings_cubit.dart
DA:30,0
DA:40,0
DA:43,0
DA:54,0
DA:56,0
DA:57,0
DA:58,0
DA:67,0
DA:68,0
DA:69,0
DA:74,0
DA:75,0
DA:76,0
DA:80,0
DA:81,0
DA:84,0
DA:85,0
DA:88,0
DA:89,0
DA:99,0
DA:100,0
DA:103,0
DA:104,0
DA:106,0
DA:107,0
DA:108,0
DA:109,0
LF:27
LH:0
end_of_record
SF:lib/features/route/domain/geo_polyline.dart
DA:15,2
DA:21,4
DA:23,1
DA:24,2
LF:4
LH:4
end_of_record
SF:lib/features/route/domain/idle_trace_mapper.dart
DA:25,0
DA:34,0
DA:35,0
DA:75,0
DA:80,0
DA:81,0
DA:82,0
DA:83,0
DA:88,0
DA:89,0
DA:93,0
DA:94,0
DA:95,0
DA:98,0
DA:99,0
DA:102,0
DA:104,0
LF:17
LH:0
end_of_record
SF:lib/features/route/domain/route_position.dart
DA:18,1
DA:81,0
DA:83,1
DA:84,1
DA:85,1
DA:86,1
DA:87,1
DA:88,1
DA:89,1
DA:90,1
DA:91,1
DA:92,1
DA:93,1
DA:94,1
DA:95,1
LF:15
LH:14
end_of_record
SF:lib/features/route/domain/route_progress_resolver.dart
DA:46,1
DA:51,1
DA:52,1
DA:60,1
DA:61,1
DA:70,1
DA:74,1
DA:76,1
DA:79,1
DA:82,1
DA:83,1
DA:86,1
DA:100,1
DA:101,1
DA:104,2
DA:105,1
DA:106,1
DA:108,1
DA:120,2
DA:127,2
DA:129,4
DA:131,1
DA:133,2
DA:135,1
DA:136,1
DA:141,1
DA:146,1
LF:27
LH:27
end_of_record
SF:lib/features/route/presentation/map_view_state.dart
DA:31,0
DA:42,0
DA:77,0
DA:80,0
DA:84,0
DA:86,0
DA:87,0
DA:88,0
DA:89,0
DA:90,0
DA:91,0
DA:92,0
DA:93,0
DA:94,0
LF:14
LH:0
end_of_record
SF:lib/features/activity/data/mock_activity_source.dart
DA:16,1
DA:26,0
DA:29,0
DA:34,0
DA:38,0
DA:40,0
DA:42,0
DA:46,0
DA:49,0
DA:51,0
DA:55,0
LF:11
LH:1
end_of_record
SF:lib/features/route/presentation/route_picker.dart
DA:32,1
DA:56,1
DA:57,1
DA:65,1
DA:67,1
DA:68,3
DA:69,2
DA:71,2
DA:76,5
DA:78,0
DA:80,0
DA:81,0
DA:83,0
DA:84,0
DA:85,0
DA:86,0
DA:91,0
DA:95,0
DA:96,0
DA:97,0
DA:98,0
DA:99,0
DA:103,0
DA:104,0
DA:106,0
DA:108,0
DA:113,0
DA:114,0
DA:115,0
DA:116,0
DA:119,0
DA:120,0
DA:121,0
DA:122,0
DA:123,0
DA:127,0
DA:130,1
DA:132,1
DA:134,1
DA:135,3
DA:136,9
DA:138,1
DA:140,1
DA:143,1
DA:144,1
DA:146,3
DA:149,3
DA:150,1
DA:152,1
DA:154,1
DA:156,1
DA:157,3
DA:158,1
DA:160,2
DA:163,1
DA:167,3
DA:168,1
DA:170,1
DA:172,1
DA:174,1
DA:175,3
DA:176,1
DA:179,1
DA:180,1
DA:181,1
DA:182,1
DA:183,2
DA:187,1
DA:191,1
DA:193,2
DA:196,1
DA:200,2
DA:204,1
DA:206,1
DA:207,1
DA:209,1
DA:210,1
DA:211,1
DA:212,3
DA:214,2
DA:215,3
DA:216,0
DA:223,1
DA:224,1
DA:225,2
DA:226,0
DA:227,0
DA:229,0
DA:233,2
DA:234,1
DA:235,1
DA:237,1
LF:92
LH:61
end_of_record
SF:lib/features/route/presentation/route_planner_flow.dart
DA:32,0
DA:61,0
DA:62,0
DA:71,0
DA:77,0
DA:78,0
DA:79,0
DA:80,0
DA:81,0
DA:85,0
DA:86,0
DA:89,0
DA:91,0
DA:93,0
DA:94,0
DA:95,0
DA:96,0
DA:97,0
DA:105,0
DA:107,0
DA:108,0
DA:114,0
DA:115,0
DA:116,0
DA:117,0
DA:118,0
DA:119,0
DA:121,0
DA:123,0
DA:126,0
DA:136,0
DA:143,0
DA:145,0
DA:151,0
DA:152,0
DA:154,0
DA:157,0
DA:159,0
LF:38
LH:0
end_of_record
SF:lib/features/route/presentation/route_progress_cubit.dart
DA:57,0
DA:66,0
DA:67,0
DA:72,0
DA:73,0
DA:75,0
DA:76,0
DA:100,0
DA:104,0
DA:105,0
DA:106,0
DA:116,0
DA:120,0
DA:122,0
DA:124,0
DA:125,0
DA:126,0
DA:127,0
DA:128,0
DA:129,0
DA:162,0
DA:171,0
DA:177,0
DA:178,0
DA:182,0
DA:189,0
DA:194,0
DA:196,0
DA:198,0
DA:202,0
DA:205,0
DA:206,0
DA:207,0
DA:208,0
DA:209,0
DA:214,0
DA:215,0
DA:221,0
DA:222,0
DA:223,0
DA:224,0
DA:229,0
DA:230,0
DA:232,0
DA:233,0
DA:238,0
DA:243,0
DA:245,0
DA:246,0
DA:257,0
DA:261,0
DA:262,0
DA:266,0
DA:267,0
DA:269,0
DA:272,0
DA:281,0
DA:286,0
DA:289,0
DA:290,0
DA:293,0
DA:294,0
DA:295,0
DA:296,0
DA:297,0
DA:298,0
DA:301,0
DA:304,0
DA:307,0
DA:308,0
DA:310,0
DA:313,0
DA:319,0
DA:320,0
DA:321,0
DA:322,0
DA:323,0
DA:328,0
DA:331,0
DA:334,0
DA:335,0
DA:340,0
DA:348,0
DA:349,0
DA:353,0
DA:354,0
DA:357,0
DA:358,0
DA:359,0
LF:89
LH:0
end_of_record
SF:lib/features/route/presentation/route_review_screen.dart
DA:42,0
DA:88,0
DA:89,0
DA:103,0
DA:105,0
DA:106,0
DA:108,0
DA:109,0
DA:110,0
DA:111,0
DA:115,0
DA:116,0
DA:117,0
DA:118,0
DA:122,0
DA:123,0
DA:124,0
DA:125,0
DA:131,0
DA:132,0
DA:133,0
DA:134,0
DA:135,0
DA:136,0
DA:137,0
DA:138,0
DA:142,0
DA:144,0
DA:145,0
DA:146,0
DA:148,0
DA:149,0
DA:150,0
DA:152,0
DA:154,0
DA:157,0
DA:158,0
DA:160,0
DA:163,0
DA:164,0
DA:165,0
DA:166,0
DA:167,0
DA:168,0
DA:169,0
DA:175,0
DA:177,0
DA:178,0
DA:180,0
DA:181,0
DA:182,0
DA:184,0
DA:185,0
DA:187,0
DA:189,0
DA:191,0
DA:193,0
DA:196,0
DA:197,0
DA:199,0
DA:210,0
DA:212,0
DA:214,0
DA:216,0
DA:220,0
DA:222,0
DA:223,0
DA:224,0
DA:225,0
DA:226,0
DA:228,0
DA:233,0
DA:234,0
DA:238,0
DA:253,0
DA:263,0
DA:265,0
DA:267,0
DA:269,0
DA:270,0
DA:271,0
DA:272,0
DA:273,0
DA:275,0
DA:277,0
DA:287,0
DA:292,0
DA:294,0
DA:296,0
DA:298,0
DA:299,0
DA:302,0
LF:92
LH:0
end_of_record
SF:lib/features/route/presentation/route_view_state.dart
DA:33,0
DA:42,1
DA:70,0
DA:73,0
DA:75,0
DA:76,0
DA:77,0
DA:78,0
DA:79,0
DA:80,0
DA:81,0
LF:11
LH:1
end_of_record
